[     868ms] [INFO] %cDownload the React DevTools for a better development experience: https://react.dev/link/react-devtools font-weight:bold @ http://localhost:5173/node_modules/.vite/deps/react-dom_client.js?v=484f748a:14337
[   23285ms] [INFO] %cDownload the React DevTools for a better development experience: https://react.dev/link/react-devtools font-weight:bold @ http://localhost:5173/node_modules/.vite/deps/react-dom_client.js?v=484f748a:14337
[   23695ms] [WARNING] createSpring() is deprecated use spring() instead @ http://localhost:5173/@vite/client:509
[   23719ms] [WARNING] createSpring() is deprecated use spring() instead @ http://localhost:5173/@vite/client:509
[   23750ms] [WARNING] createSpring() is deprecated use spring() instead @ http://localhost:5173/@vite/client:509
[   23764ms] [WARNING] createSpring() is deprecated use spring() instead @ http://localhost:5173/@vite/client:509
[  134404ms] [INFO] %cDownload the React DevTools for a better development experience: https://react.dev/link/react-devtools font-weight:bold @ http://localhost:5173/node_modules/.vite/deps/react-dom_client.js?v=484f748a:14337
[  134579ms] [WARNING] createSpring() is deprecated use spring() instead @ http://localhost:5173/@vite/client:509
[  134600ms] [WARNING] createSpring() is deprecated use spring() instead @ http://localhost:5173/@vite/client:509
[  134626ms] [WARNING] createSpring() is deprecated use spring() instead @ http://localhost:5173/@vite/client:509
[  134635ms] [WARNING] createSpring() is deprecated use spring() instead @ http://localhost:5173/@vite/client:509
[  222609ms] [LOG] [vite] server connection lost. Polling for restart... @ http://localhost:5173/@vite/client:968
[  223831ms] [INFO] %cDownload the React DevTools for a better development experience: https://react.dev/link/react-devtools font-weight:bold @ http://localhost:5173/node_modules/.vite/deps/react-dom_client.js?v=cc3c7362:14337
[  224068ms] [WARNING] createSpring() is deprecated use spring() instead @ http://localhost:5173/@vite/client:509
[  224086ms] [WARNING] createSpring() is deprecated use spring() instead @ http://localhost:5173/@vite/client:509
[  224112ms] [WARNING] createSpring() is deprecated use spring() instead @ http://localhost:5173/@vite/client:509
[  224124ms] [WARNING] createSpring() is deprecated use spring() instead @ http://localhost:5173/@vite/client:509
[  267483ms] [ERROR] You are calling ReactDOMClient.createRoot() on a container that has already been passed to createRoot() before. Instead, call root.render() on the existing root instead if you want to update it. @ http://localhost:5173/@vite/client:509
[  267586ms] [WARNING] createSpring() is deprecated use spring() instead @ http://localhost:5173/@vite/client:509
[  267609ms] [WARNING] createSpring() is deprecated use spring() instead @ http://localhost:5173/@vite/client:509
[  267624ms] [WARNING] createSpring() is deprecated use spring() instead @ http://localhost:5173/@vite/client:509
[  267634ms] [WARNING] createSpring() is deprecated use spring() instead @ http://localhost:5173/@vite/client:509
[  267864ms] [INFO] %cDownload the React DevTools for a better development experience: https://react.dev/link/react-devtools font-weight:bold @ http://localhost:5173/node_modules/.vite/deps/react-dom_client.js?v=cc3c7362:14337
[  268031ms] [WARNING] createSpring() is deprecated use spring() instead @ http://localhost:5173/@vite/client:509
[  268049ms] [WARNING] createSpring() is deprecated use spring() instead @ http://localhost:5173/@vite/client:509
[  268069ms] [WARNING] createSpring() is deprecated use spring() instead @ http://localhost:5173/@vite/client:509
[  268080ms] [WARNING] createSpring() is deprecated use spring() instead @ http://localhost:5173/@vite/client:509
[  272463ms] [INFO] %cDownload the React DevTools for a better development experience: https://react.dev/link/react-devtools font-weight:bold @ http://localhost:5173/node_modules/.vite/deps/react-dom_client.js?v=cc3c7362:14337
[  272567ms] [WARNING] createSpring() is deprecated use spring() instead @ http://localhost:5173/@vite/client:509
[  272578ms] [WARNING] createSpring() is deprecated use spring() instead @ http://localhost:5173/@vite/client:509
[  272593ms] [WARNING] createSpring() is deprecated use spring() instead @ http://localhost:5173/@vite/client:509
[  272602ms] [WARNING] createSpring() is deprecated use spring() instead @ http://localhost:5173/@vite/client:509
[  273788ms] [ERROR] You are calling ReactDOMClient.createRoot() on a container that has already been passed to createRoot() before. Instead, call root.render() on the existing root instead if you want to update it. @ http://localhost:5173/@vite/client:509
[  273879ms] [WARNING] createSpring() is deprecated use spring() instead @ http://localhost:5173/@vite/client:509
[  273890ms] [WARNING] createSpring() is deprecated use spring() instead @ http://localhost:5173/@vite/client:509
[  273904ms] [WARNING] createSpring() is deprecated use spring() instead @ http://localhost:5173/@vite/client:509
[  273913ms] [WARNING] createSpring() is deprecated use spring() instead @ http://localhost:5173/@vite/client:509
[  274205ms] [INFO] %cDownload the React DevTools for a better development experience: https://react.dev/link/react-devtools font-weight:bold @ http://localhost:5173/node_modules/.vite/deps/react-dom_client.js?v=cc3c7362:14337
[  274348ms] [WARNING] createSpring() is deprecated use spring() instead @ http://localhost:5173/@vite/client:509
[  274361ms] [WARNING] createSpring() is deprecated use spring() instead @ http://localhost:5173/@vite/client:509
[  274379ms] [WARNING] createSpring() is deprecated use spring() instead @ http://localhost:5173/@vite/client:509
[  274389ms] [WARNING] createSpring() is deprecated use spring() instead @ http://localhost:5173/@vite/client:509
[  329170ms] [INFO] %cDownload the React DevTools for a better development experience: https://react.dev/link/react-devtools font-weight:bold @ http://localhost:5173/node_modules/.vite/deps/react-dom_client.js?v=cc3c7362:14337
[  329290ms] [WARNING] createSpring() is deprecated use spring() instead @ http://localhost:5173/@vite/client:509
[  329303ms] [WARNING] createSpring() is deprecated use spring() instead @ http://localhost:5173/@vite/client:509
[  329321ms] [WARNING] createSpring() is deprecated use spring() instead @ http://localhost:5173/@vite/client:509
[  329331ms] [WARNING] createSpring() is deprecated use spring() instead @ http://localhost:5173/@vite/client:509
[  340150ms] [INFO] %cDownload the React DevTools for a better development experience: https://react.dev/link/react-devtools font-weight:bold @ http://localhost:5173/node_modules/.vite/deps/react-dom_client.js?v=cc3c7362:14337
[  340265ms] [WARNING] createSpring() is deprecated use spring() instead @ http://localhost:5173/@vite/client:509
[  340281ms] [WARNING] createSpring() is deprecated use spring() instead @ http://localhost:5173/@vite/client:509
[  340297ms] [WARNING] createSpring() is deprecated use spring() instead @ http://localhost:5173/@vite/client:509
[  340307ms] [WARNING] createSpring() is deprecated use spring() instead @ http://localhost:5173/@vite/client:509
[  428348ms] [INFO] %cDownload the React DevTools for a better development experience: https://react.dev/link/react-devtools font-weight:bold @ http://localhost:5173/node_modules/.vite/deps/react-dom_client.js?v=cc3c7362:14337
[  428520ms] [WARNING] createSpring() is deprecated use spring() instead @ http://localhost:5173/@vite/client:509
[  428540ms] [WARNING] createSpring() is deprecated use spring() instead @ http://localhost:5173/@vite/client:509
[  428567ms] [WARNING] createSpring() is deprecated use spring() instead @ http://localhost:5173/@vite/client:509
[  428578ms] [WARNING] createSpring() is deprecated use spring() instead @ http://localhost:5173/@vite/client:509
