Traceback (most recent call last):
  File "C:\Users\Timur\Desktop\UTG\КС\cs_4\backend\train.py", line 1780, in <module>
    train_all(args.station, cutoff_date=args.cutoff_date, from_date=args.from_date,
  File "C:\Users\Timur\Desktop\UTG\КС\cs_4\backend\train.py", line 1602, in train_all
    tag_to_name = loader.build_tag_mapping()
                  ^^^^^^^^^^^^^^^^^^^^^^^^^^
  File "C:\Users\Timur\Desktop\UTG\КС\cs_4\backend\data_loader.py", line 234, in build_tag_mapping
    with get_db_connection(self.cfg) as conn:
         ^^^^^^^^^^^^^^^^^^^^^^^^^^^
  File "C:\Program Files\WindowsApps\PythonSoftwareFoundation.Python.3.12_3.12.2800.0_x64__qbz5n2kfra8p0\Lib\contextlib.py", line 137, in __enter__
    return next(self.gen)
           ^^^^^^^^^^^^^^
  File "C:\Users\Timur\Desktop\UTG\КС\cs_4\backend\station_config.py", line 209, in get_db_connection
    raise last_err  # type: ignore[misc]
    ^^^^^^^^^^^^^^
  File "C:\Users\Timur\Desktop\UTG\КС\cs_4\backend\station_config.py", line 200, in get_db_connection
    pool = _get_pool(cfg)
           ^^^^^^^^^^^^^^
  File "C:\Users\Timur\Desktop\UTG\КС\cs_4\backend\station_config.py", line 159, in _get_pool
    _pools[sid] = pg_pool.ThreadedConnectionPool(
                  ^^^^^^^^^^^^^^^^^^^^^^^^^^^^^^^
  File "C:\Users\Timur\Desktop\UTG\КС\cs_4\venv\Lib\site-packages\psycopg2\pool.py", line 161, in __init__
    AbstractConnectionPool.__init__(
  File "C:\Users\Timur\Desktop\UTG\КС\cs_4\venv\Lib\site-packages\psycopg2\pool.py", line 59, in __init__
    self._connect()
  File "C:\Users\Timur\Desktop\UTG\КС\cs_4\venv\Lib\site-packages\psycopg2\pool.py", line 63, in _connect
    conn = psycopg2.connect(*self._args, **self._kwargs)
           ^^^^^^^^^^^^^^^^^^^^^^^^^^^^^^^^^^^^^^^^^^^^^
  File "C:\Users\Timur\Desktop\UTG\КС\cs_4\venv\Lib\site-packages\psycopg2\__init__.py", line 135, in connect
    conn = _connect(dsn, connection_factory=connection_factory, **kwasync)
           ^^^^^^^^^^^^^^^^^^^^^^^^^^^^^^^^^^^^^^^^^^^^^^^^^^^^^^^^^^^^^^^
psycopg2.OperationalError: connection to server at "10.1.30.164", port 5432 failed: Connection timed out (0x0000274C/10060)
	Is the server running on that host and accepting TCP/IP connections?

Traceback (most recent call last):
  File "C:\Users\Timur\Desktop\UTG\КС\cs_4\backend\train.py", line 1780, in <module>
    train_all(args.station, cutoff_date=args.cutoff_date, from_date=args.from_date,
  File "C:\Users\Timur\Desktop\UTG\КС\cs_4\backend\train.py", line 1602, in train_all
    tag_to_name = loader.build_tag_mapping()
                  ^^^^^^^^^^^^^^^^^^^^^^^^^^
  File "C:\Users\Timur\Desktop\UTG\КС\cs_4\backend\data_loader.py", line 234, in build_tag_mapping
    with get_db_connection(self.cfg) as conn:
         ^^^^^^^^^^^^^^^^^^^^^^^^^^^
  File "C:\Program Files\WindowsApps\PythonSoftwareFoundation.Python.3.12_3.12.2800.0_x64__qbz5n2kfra8p0\Lib\contextlib.py", line 137, in __enter__
    return next(self.gen)
           ^^^^^^^^^^^^^^
  File "C:\Users\Timur\Desktop\UTG\КС\cs_4\backend\station_config.py", line 209, in get_db_connection
    raise last_err  # type: ignore[misc]
    ^^^^^^^^^^^^^^
  File "C:\Users\Timur\Desktop\UTG\КС\cs_4\backend\station_config.py", line 200, in get_db_connection
    pool = _get_pool(cfg)
           ^^^^^^^^^^^^^^
  File "C:\Users\Timur\Desktop\UTG\КС\cs_4\backend\station_config.py", line 159, in _get_pool
    _pools[sid] = pg_pool.ThreadedConnectionPool(
                  ^^^^^^^^^^^^^^^^^^^^^^^^^^^^^^^
  File "C:\Users\Timur\Desktop\UTG\КС\cs_4\venv\Lib\site-packages\psycopg2\pool.py", line 161, in __init__
    AbstractConnectionPool.__init__(
  File "C:\Users\Timur\Desktop\UTG\КС\cs_4\venv\Lib\site-packages\psycopg2\pool.py", line 59, in __init__
    self._connect()
  File "C:\Users\Timur\Desktop\UTG\КС\cs_4\venv\Lib\site-packages\psycopg2\pool.py", line 63, in _connect
    conn = psycopg2.connect(*self._args, **self._kwargs)
           ^^^^^^^^^^^^^^^^^^^^^^^^^^^^^^^^^^^^^^^^^^^^^
  File "C:\Users\Timur\Desktop\UTG\КС\cs_4\venv\Lib\site-packages\psycopg2\__init__.py", line 135, in connect
    conn = _connect(dsn, connection_factory=connection_factory, **kwasync)
           ^^^^^^^^^^^^^^^^^^^^^^^^^^^^^^^^^^^^^^^^^^^^^^^^^^^^^^^^^^^^^^^
psycopg2.OperationalError: connection to server at "10.1.30.164", port 5432 failed: Connection timed out (0x0000274C/10060)
	Is the server running on that host and accepting TCP/IP connections?

