▶ Методология: normalized-conformal (|факт−предикт|/σ, virtual ensembles) + epistemic-novelty
  wide из кэша: models/ohangaron_v23_staging/_wide_cache.pkl
  temp_front_bearing_pads [POOLED]: GPA1=ml_corridor GPA2=ml_corridor GPA3=ml_corridor
  temp_rear_bearing_pads [POOLED]: GPA1=ml_corridor GPA2=ml_corridor GPA3=ml_corridor
  vibro_front_support__GPA1: ml_corridor n_trees=62 R²_eval=-1.3303
  vibro_front_support__GPA2: ml_corridor n_trees=30 R²_eval=-3.2022
  vibro_front_support__GPA3: ml_corridor n_trees=14 R²_eval=-0.9794
  vibro_rear_support__GPA1: ml_corridor n_trees=109 R²_eval=0.0836
  vibro_rear_support__GPA2: ml_corridor n_trees=28 R²_eval=-0.1058
  vibro_rear_support__GPA3: ml_corridor n_trees=1 R²_eval=-0.0087
  vibro_st_support__GPA1: ml_corridor n_trees=33 R²_eval=0.1319
  vibro_st_support__GPA2: ml_corridor n_trees=22 R²_eval=-0.1045
  vibro_st_support__GPA3: ml_corridor n_trees=17 R²_eval=-8.389
  vibro_rotor_front_horiz__GPA1: ml_corridor n_trees=27 R²_eval=-10.4514
  vibro_rotor_front_horiz__GPA2: ml_corridor n_trees=3 R²_eval=-3.1774
  vibro_rotor_front_horiz__GPA3: ml_corridor n_trees=11 R²_eval=-1.0615
  vibro_rotor_front_vert__GPA1: ml_corridor n_trees=67 R²_eval=-12.4572
  vibro_rotor_front_vert__GPA2: ml_corridor n_trees=16 R²_eval=-5.0822
  vibro_rotor_front_vert__GPA3: ml_corridor n_trees=8 R²_eval=-0.1769
  vibro_disp_rotor_rear_horiz__GPA1: ml_corridor n_trees=21 R²_eval=-8.0783
  vibro_disp_rotor_rear_horiz__GPA2: ml_corridor n_trees=29 R²_eval=0.1663
  vibro_disp_rotor_rear_horiz__GPA3: ml_corridor n_trees=10 R²_eval=-0.6259
  vibro_disp_rotor_rear_vert__GPA1: ml_corridor n_trees=163 R²_eval=-0.3874
  vibro_disp_rotor_rear_vert__GPA2: ml_corridor n_trees=25 R²_eval=0.5972
  vibro_disp_rotor_rear_vert__GPA3: ml_corridor n_trees=21 R²_eval=-0.0645
  polytropic_head [POOLED]: GPA1=ml_corridor GPA2=ml_corridor GPA3=ml_corridor
  compressor_rotor_axial_shift_t1 [POOLED]: GPA1=ml_corridor GPA2=ml_corridor GPA3=ml_corridor
  compressor_rotor_axial_shift_t2 [POOLED]: GPA1=ml_corridor GPA2=ml_corridor GPA3=ml_corridor
  gas_temp_out_gpa [POOLED]: GPA1=ml_corridor GPA2=ml_corridor GPA3=ml_corridor
  oil_temp_out_zod [POOLED]: GPA1=ml_corridor GPA2=ml_corridor GPA3=ml_corridor
  oil_temp_out_st [POOLED]: GPA1=ml_corridor GPA2=ml_corridor GPA3=ml_corridor
  oil_temp_in_pod [POOLED]: GPA1=ml_corridor GPA2=ml_corridor GPA3=ml_corridor
