📡 Загрузка истории (оконно) для ГПА-1...
    окно 1: 2026-02-02..2026-02-22 → 740711 строк
    окно 2: 2026-02-22..2026-03-14 → 789040 строк
    окно 3: 2026-03-14..2026-04-03 → 766220 строк
    окно 4: 2026-04-03..2026-04-23 → 791420 строк
    окно 5: 2026-04-23..2026-05-13 → 782040 строк
    окно 6: 2026-05-13..2026-06-02 → 792120 строк
    окно 7: 2026-06-02..2026-06-22 → 797580 строк
    окно 8: 2026-06-22..2026-06-30 → 318640 строк
  wide закэширован: models/ohangaron_v23_staging/_wide_cache.pkl (41497, 140)
================================================================================================
ГПА-1: healthy-steady точек ВСЕГО=18000 (62.5 сут-эквивалент)
  ambient на ВСЕХ healthy: [4.9 .. 34.5]°C (медиана 18.0)
================================================================================================
ТОП-12 непрерывных участков (разрыв ≤12т, мин 288т):
 # начало             конец                дней   точек    ambient[p1..p99]      rpm[p1..p99]
 1 2026-03-21 13:40:002026-05-06 18:35:00  46.2   12810         [8.5..27.2]      [6257..6711]
 2 2026-06-15 20:50:002026-06-30 14:35:00  14.7    4176        [20.9..35.3]      [6490..6648]
 3 2026-03-16 21:05:002026-03-18 21:50:00   2.0     562         [3.4..18.3]      [6049..6377]
 4 2026-03-06 16:20:002026-03-08 04:15:00   1.5     427         [4.2..16.8]      [5954..6152]
------------------------------------------------------------------------------------------------
💡 Предложение для ГПА-1 (на лучшем участке #1):
   --cutoff-date 2026-04-18  → train≤cutoff (7686 healthy), held-out>cutoff (5124 healthy, in-distribution тот же участок)
   (для ретрейна только этого ГПА: train.py --gpa 1 --cutoff-date 2026-04-18 --output-dir models/ohangaron_v23_staging)
================================================================================================
