  wide из кэша: models/ohangaron_v23_staging/_wide_cache.pkl

========================================================================================================
ТЕСТ-ГПА 1: held-out > 2026-06-12  | A=per-unit, B1=pooled, B1c=pooled+контекст(4 кол.)
========================================================================================================
датчик                          тип             n  nMAE A  nMAE B1  nMAE B1c  cov B1  cov B1c
temp_front_bearing_pads         thermal      4176   0.054    0.035     0.042   0.975    0.957
temp_rear_bearing_pads          thermal      4176   0.025    0.022     0.026   0.899    0.937
vibro_front_support             vibro        4176   0.071    0.099     0.078   0.801    0.758
vibro_rear_support              vibro        4176   0.074    0.174     0.082   0.868    0.859
vibro_st_support                vibro        4176   0.129    0.217     0.128   0.847    0.657
vibro_rotor_front_horiz         vibro        4176   0.216    0.246     0.238   0.899    0.580
vibro_rotor_front_vert          vibro        4176   0.074    0.105     0.087   0.780    0.626
vibro_disp_rotor_rear_horiz     vibro        4176   0.031    0.067     0.037   1.000    0.998
vibro_disp_rotor_rear_vert      vibro        4176   0.011    0.013     0.012   0.817    0.807
polytropic_head                 thermo/mech  4176   0.171    0.079     0.119   0.927    0.972
compressor_rotor_axial_shift_t1 thermo/mech  4176   0.029    0.026     0.026   0.980    0.956
compressor_rotor_axial_shift_t2 thermo/mech  4176   0.029    0.027     0.027   0.984    0.952
gas_temp_out_gpa                thermal      4176   0.023    0.057     0.057   0.985    0.998
oil_temp_out_zod                thermal      4176   0.025    0.020     0.022   0.829    0.825
oil_temp_out_st                 thermal      4176   0.043    0.039     0.035   0.765    0.883
oil_temp_in_pod                 thermal      4176   0.057    0.055     0.046   0.806    0.850
--------------------------------------------------------------------------------------------------------
  [thermal    ] nMAE A=0.038 B1=0.038 B1c=0.038 → лучший A; контекст ≈ (6 дат.)
  [thermo/mech] nMAE A=0.076 B1=0.044 B1c=0.057 → лучший B1; контекст ХУЖЕ (3 дат.)
  [vibro      ] nMAE A=0.087 B1=0.132 B1c=0.095 → лучший A; контекст ПОМОГ (7 дат.)

========================================================================================================
ТЕСТ-ГПА 2: held-out > 2026-06-12  | A=per-unit, B1=pooled, B1c=pooled+контекст(4 кол.)
========================================================================================================
датчик                          тип             n  nMAE A  nMAE B1  nMAE B1c  cov B1  cov B1c
temp_front_bearing_pads         thermal      5279   0.012    0.010     0.010   0.995    0.974
temp_rear_bearing_pads          thermal      5279   0.017    0.015     0.013   0.993    0.944
vibro_front_support             vibro        5279   0.068    0.074     0.071   0.969    0.981
vibro_rear_support              vibro        5279   0.113    0.110     0.115   0.946    0.947
vibro_st_support                vibro        5279   0.067    0.071     0.104   0.980    0.966
vibro_rotor_front_horiz         vibro        5279   0.005    0.007     0.037   0.996    0.813
vibro_rotor_front_vert          vibro        5279   0.009    0.012     0.056   0.985    0.703
vibro_disp_rotor_rear_horiz     vibro        5279   0.006    0.010     0.012   0.993    0.834
vibro_disp_rotor_rear_vert      vibro        5279   0.005    0.005     0.007   0.974    0.993
polytropic_head                 thermo/mech  5279   0.036    0.034     0.019   0.987    0.951
compressor_rotor_axial_shift_t1 thermo/mech  5279   0.012    0.010     0.010   0.991    0.945
compressor_rotor_axial_shift_t2 thermo/mech  5279   0.012    0.009     0.010   0.983    0.966
gas_temp_out_gpa                thermal      5279   0.010    0.005     0.022   0.920    0.812
oil_temp_out_zod                thermal      5279   0.013    0.011     0.023   0.932    0.876
oil_temp_out_st                 thermal      5279   0.016    0.014     0.038   0.893    0.857
oil_temp_in_pod                 thermal      5279   0.027    0.024     0.043   0.926    0.870
--------------------------------------------------------------------------------------------------------
  [thermal    ] nMAE A=0.016 B1=0.013 B1c=0.025 → лучший B1; контекст ХУЖЕ (6 дат.)
  [thermo/mech] nMAE A=0.020 B1=0.018 B1c=0.013 → лучший B1c; контекст ПОМОГ (3 дат.)
  [vibro      ] nMAE A=0.039 B1=0.041 B1c=0.057 → лучший A; контекст ХУЖЕ (7 дат.)

========================================================================================================
ТЕСТ-ГПА 3: held-out > 2026-06-12  | A=per-unit, B1=pooled, B1c=pooled+контекст(4 кол.)
========================================================================================================
датчик                          тип             n  nMAE A  nMAE B1  nMAE B1c  cov B1  cov B1c
temp_front_bearing_pads         thermal      1090   0.016    0.017     0.014   1.000    0.986
temp_rear_bearing_pads          thermal      1090   0.016    0.013     0.013   0.963    0.911
vibro_front_support             vibro        1090   0.026    0.032     0.032   1.000    0.998
vibro_rear_support              vibro        1090   0.048    0.053     0.048   0.995    0.995
vibro_st_support                vibro        1090   0.099    0.056     0.077   0.975    1.000
vibro_rotor_front_horiz         vibro        1090   0.013    0.052     0.011   1.000    1.000
vibro_rotor_front_vert          vibro        1090   0.032    0.046     0.035   1.000    0.998
vibro_disp_rotor_rear_horiz     vibro        1090   0.014    0.022     0.015   1.000    0.993
vibro_disp_rotor_rear_vert      vibro        1090   0.007    0.008     0.007   1.000    1.000
polytropic_head                 thermo/mech  1090   0.012    0.011     0.012   1.000    1.000
compressor_rotor_axial_shift_t1 thermo/mech  1090   0.018    0.020     0.017   0.883    0.961
compressor_rotor_axial_shift_t2 thermo/mech  1090   0.019    0.021     0.021   0.947    0.933
gas_temp_out_gpa                thermal      1090   0.006    0.013     0.005   1.000    0.970
oil_temp_out_zod                thermal      1090   0.011    0.012     0.011   1.000    0.998
oil_temp_out_st                 thermal      1090   0.014    0.014     0.014   0.995    0.970
oil_temp_in_pod                 thermal      1090   0.028    0.025     0.026   1.000    0.998
--------------------------------------------------------------------------------------------------------
  [thermal    ] nMAE A=0.015 B1=0.016 B1c=0.014 → лучший B1c; контекст ПОМОГ (6 дат.)
  [thermo/mech] nMAE A=0.016 B1=0.017 B1c=0.017 → лучший A; контекст ПОМОГ (3 дат.)
  [vibro      ] nMAE A=0.034 B1=0.038 B1c=0.032 → лучший B1c; контекст ПОМОГ (7 дат.)
========================================================================================================
