  wide из кэша: models/ohangaron_v23_staging/_wide_cache.pkl

========================================================================================================
ТЕСТ-ГПА 1: held-out healthy > 2026-06-12  | A=per-unit, B1=pooled z(feat+tgt), B2=pooled z(feat),tgt-raw
========================================================================================================
датчик                          тип             n  nMAE A  nMAE B1  nMAE B2  cov A  cov B1  cov B2
temp_front_bearing_pads         thermal      4176   0.054    0.035    0.029  0.984   0.975   0.938
temp_rear_bearing_pads          thermal      4176   0.025    0.022    0.095  0.906   0.899   1.000
vibro_front_support             vibro        4176   0.071    0.099    0.279  0.973   0.801   0.989
vibro_rear_support              vibro        4176   0.074    0.174    0.250  0.880   0.868   0.911
vibro_st_support                vibro        4176   0.129    0.217    0.326  0.608   0.847   0.461
vibro_disp_rotor_rear_horiz     vibro        4176   0.031    0.067    0.027  1.000   1.000   0.804
vibro_disp_rotor_rear_vert      vibro        4176   0.011    0.013    0.079  0.857   0.817   0.958
polytropic_head                 thermo/mech  4176   0.171    0.079    0.075  0.977   0.927   0.938
compressor_rotor_axial_shift_t1 thermo/mech  4176   0.029    0.026    0.028  0.892   0.980   0.995
compressor_rotor_axial_shift_t2 thermo/mech  4176   0.029    0.027    0.048  0.899   0.984   0.999
gas_temp_out_gpa                thermal      4176   0.023    0.057    0.077  0.992   0.985   0.998
oil_temp_out_zod                thermal      4176   0.025    0.020    0.053  0.855   0.829   1.000
oil_temp_in_pod                 thermal      4176   0.057    0.055    0.127  0.854   0.806   1.000
--------------------------------------------------------------------------------------------------------
  [thermal    ] nMAE: A=0.037  B1=0.038  B2=0.076  → лучший: A  (5 датч.)
  [thermo/mech] nMAE: A=0.076  B1=0.044  B2=0.050  → лучший: B1  (3 датч.)
  [vibro      ] nMAE: A=0.063  B1=0.114  B2=0.192  → лучший: A  (5 датч.)

========================================================================================================
ТЕСТ-ГПА 2: held-out healthy > 2026-06-12  | A=per-unit, B1=pooled z(feat+tgt), B2=pooled z(feat),tgt-raw
========================================================================================================
датчик                          тип             n  nMAE A  nMAE B1  nMAE B2  cov A  cov B1  cov B2
temp_front_bearing_pads         thermal      5279   0.012    0.010    0.022  0.955   0.995   0.975
temp_rear_bearing_pads          thermal      5279   0.017    0.015    0.015  0.906   0.993   0.994
vibro_front_support             vibro        5279   0.068    0.074    0.101  0.980   0.969   0.965
vibro_rear_support              vibro        5279   0.113    0.110    0.123  0.946   0.946   0.947
vibro_rotor_front_horiz         vibro        5279   0.005    0.007    0.006  1.000   0.996   0.988
vibro_rotor_front_vert          vibro        5279   0.009    0.012    0.017  0.999   0.985   0.954
vibro_disp_rotor_rear_horiz     vibro        5279   0.006    0.010    0.016  0.978   0.993   0.965
vibro_disp_rotor_rear_vert      vibro        5279   0.005    0.005    0.009  0.903   0.974   0.931
polytropic_head                 thermo/mech  5279   0.036    0.034    0.037  0.992   0.987   0.968
compressor_rotor_axial_shift_t1 thermo/mech  5279   0.012    0.010    0.031  0.911   0.991   0.974
compressor_rotor_axial_shift_t2 thermo/mech  5279   0.012    0.009    0.035  0.930   0.983   0.987
gas_temp_out_gpa                thermal      5279   0.010    0.005    0.021  0.976   0.920   0.922
oil_temp_out_zod                thermal      5279   0.013    0.011    0.010  0.888   0.932   0.913
oil_temp_out_st                 thermal      5279   0.016    0.014    0.013  0.844   0.893   0.884
oil_temp_in_pod                 thermal      5279   0.027    0.024    0.025  0.893   0.926   0.902
--------------------------------------------------------------------------------------------------------
  [thermal    ] nMAE: A=0.016  B1=0.013  B2=0.018  → лучший: B1  (6 датч.)
  [thermo/mech] nMAE: A=0.020  B1=0.018  B2=0.034  → лучший: B1  (3 датч.)
  [vibro      ] nMAE: A=0.034  B1=0.036  B2=0.045  → лучший: A  (6 датч.)

========================================================================================================
ТЕСТ-ГПА 3: held-out healthy > 2026-06-12  | A=per-unit, B1=pooled z(feat+tgt), B2=pooled z(feat),tgt-raw
========================================================================================================
датчик                          тип             n  nMAE A  nMAE B1  nMAE B2  cov A  cov B1  cov B2
vibro_rear_support              vibro        1090   0.048    0.053    0.145  0.998   0.995   0.933
polytropic_head                 thermo/mech  1090   0.012    0.011    0.012  1.000   1.000   1.000
oil_temp_in_pod                 thermal      1090   0.028    0.025    0.030  0.995   1.000   0.998
--------------------------------------------------------------------------------------------------------
  [thermal    ] nMAE: A=0.028  B1=0.025  B2=0.030  → лучший: B1  (1 датч.)
  [thermo/mech] nMAE: A=0.012  B1=0.011  B2=0.012  → лучший: B1  (1 датч.)
  [vibro      ] nMAE: A=0.048  B1=0.053  B2=0.145  → лучший: A  (1 датч.)
========================================================================================================
