🏭 Станция: Охангаронская КС (ohangaron)
  ✅ temp_front_bearing_pads: загружена [CatBoostUnc-v2]
  ✅ temp_front_bearing_pads: загружена [CatBoostUnc-v2]
  ✅ temp_front_bearing_pads: загружена [CatBoostUnc-v2]
  ✅ temp_rear_bearing_pads: загружена [CatBoostUnc-v2]
  ✅ temp_rear_bearing_pads: загружена [CatBoostUnc-v2]
  ✅ temp_rear_bearing_pads: загружена [CatBoostUnc-v2]
  ✅ vibro_front_support: загружена [CatBoostUnc-v2]
  ✅ vibro_front_support: загружена [CatBoostUnc-v2]
  ✅ vibro_front_support: загружена [CatBoostUnc-v2]
  ✅ vibro_rear_support: загружена [CatBoostUnc-v2]
  ✅ vibro_rear_support: загружена [CatBoostUnc-v2]
  ✅ vibro_rear_support: загружена [CatBoostUnc-v2]
  ✅ vibro_st_support: загружена [CatBoostUnc-v2]
  ✅ vibro_st_support: загружена [CatBoostUnc-v2]
  ✅ vibro_st_support: загружена [CatBoostUnc-v2]
  ✅ vibro_rotor_front_horiz: загружена [CatBoostUnc-v2]
  ✅ vibro_rotor_front_horiz: загружена [CatBoostUnc-v2]
  ✅ vibro_rotor_front_horiz: загружена [CatBoostUnc-v2]
  ✅ vibro_rotor_front_vert: загружена [CatBoostUnc-v2]
  ✅ vibro_rotor_front_vert: загружена [CatBoostUnc-v2]
  ✅ vibro_rotor_front_vert: загружена [CatBoostUnc-v2]
  ✅ vibro_disp_rotor_rear_horiz: загружена [CatBoostUnc-v2]
  ✅ vibro_disp_rotor_rear_horiz: загружена [CatBoostUnc-v2]
  ✅ vibro_disp_rotor_rear_horiz: загружена [CatBoostUnc-v2]
  ✅ vibro_disp_rotor_rear_vert: загружена [CatBoostUnc-v2]
  ✅ vibro_disp_rotor_rear_vert: загружена [CatBoostUnc-v2]
  ✅ vibro_disp_rotor_rear_vert: загружена [CatBoostUnc-v2]
  ✅ polytropic_head: загружена [CatBoostUnc-v2]
  ✅ polytropic_head: загружена [CatBoostUnc-v2]
  ✅ polytropic_head: загружена [CatBoostUnc-v2]
  ✅ compressor_rotor_axial_shift_t1: загружена [CatBoostUnc-v2]
  ✅ compressor_rotor_axial_shift_t1: загружена [CatBoostUnc-v2]
  ✅ compressor_rotor_axial_shift_t1: загружена [CatBoostUnc-v2]
  ✅ compressor_rotor_axial_shift_t2: загружена [CatBoostUnc-v2]
  ✅ compressor_rotor_axial_shift_t2: загружена [CatBoostUnc-v2]
  ✅ compressor_rotor_axial_shift_t2: загружена [CatBoostUnc-v2]
  ✅ gas_temp_out_gpa: загружена [CatBoostUnc-v2]
  ✅ gas_temp_out_gpa: загружена [CatBoostUnc-v2]
  ✅ gas_temp_out_gpa: загружена [CatBoostUnc-v2]
  ✅ oil_temp_out_zod: загружена [CatBoostUnc-v2]
  ✅ oil_temp_out_zod: загружена [CatBoostUnc-v2]
  ✅ oil_temp_out_zod: загружена [CatBoostUnc-v2]
  ✅ oil_temp_out_st: загружена [CatBoostUnc-v2]
  ✅ oil_temp_out_st: загружена [CatBoostUnc-v2]
  ✅ oil_temp_out_st: загружена [CatBoostUnc-v2]
  ✅ oil_temp_in_pod: загружена [CatBoostUnc-v2]
  ✅ oil_temp_in_pod: загружена [CatBoostUnc-v2]
  ✅ oil_temp_in_pod: загружена [CatBoostUnc-v2]
🔁 reprocess_history: 2026-06-11 00:00:00+00:00 → 2026-07-01 11:34:30.548558+00:00, окно 2д, перекрытие 1д
  📍 ГПА-1: смены режима (0): []
  📍 ГПА-2: смены режима (0): []
  📍 ГПА-3: смены режима (0): []
2026-07-01 16:35:07,086 INFO live_predict detect-diag: датчиков=32 покрытие(медиана)=1.000 алармы(медиана)=0.0000 n_sigma_cal(медиана)=3.00 горячих(>5%)=0 
💾 БД: anomalies_t — 26 новых записей (SHAP у 26/26)
💾 health: обновлено 38520 точек
💾 domain: upsert 2568 строк
💾 БД: predictions — 16215 точек серии
  ✓ 2026-06-11..2026-06-13: записано (health/anomalies_t/журнал/predictions/domain)
  📍 ГПА-1: смены режима (2): ['06-13 12:35', '06-14 13:45']
  📍 ГПА-2: смены режима (0): []
  📍 ГПА-3: смены режима (0): []
2026-07-01 16:36:12,122 INFO live_predict detect-diag: датчиков=32 покрытие(медиана)=0.999 алармы(медиана)=0.0000 n_sigma_cal(медиана)=3.00 горячих(>5%)=2 compressor_rotor_axial_shift_t2:0.10, compressor_rotor_axial_shift_t1:0.10
💾 БД: anomalies_t — 89 новых записей (SHAP у 89/89)
💾 health: обновлено 38425 точек
💾 domain: upsert 2571 строк
💾 БД: predictions — 26744 точек серии
  ✓ 2026-06-13..2026-06-15: записано (health/anomalies_t/журнал/predictions/domain)
  📍 ГПА-1: смены режима (2): ['06-14 13:45', '06-15 20:35']
  📍 ГПА-2: смены режима (0): []
  📍 ГПА-3: смены режима (1): ['06-15 20:20']
2026-07-01 16:37:28,240 INFO live_predict detect-diag: датчиков=48 покрытие(медиана)=0.996 алармы(медиана)=0.0022 n_sigma_cal(медиана)=3.00 горячих(>5%)=5 compressor_rotor_axial_shift_t2:0.20, compressor_rotor_axial_shift_t1:0.15, compressor_rotor_axial_shift_t2:0.15, compressor_rotor_axial_shift_t1:0.07, vibro_disp_rotor_rear_horiz:0.07
💾 БД: anomalies_t — 116 новых записей (SHAP у 116/116)
💾 health: обновлено 37870 точек
💾 domain: upsert 2565 строк
💾 БД: predictions — 26532 точек серии
  ✓ 2026-06-15..2026-06-17: записано (health/anomalies_t/журнал/predictions/domain)
  📍 ГПА-1: смены режима (0): []
  📍 ГПА-2: смены режима (0): []
  📍 ГПА-3: смены режима (0): []
2026-07-01 16:38:49,285 INFO live_predict detect-diag: датчиков=32 покрытие(медиана)=0.998 алармы(медиана)=0.0000 n_sigma_cal(медиана)=3.00 горячих(>5%)=2 compressor_rotor_axial_shift_t2:0.09, compressor_rotor_axial_shift_t1:0.08
💾 БД: anomalies_t — 52 новых записей (SHAP у 52/52)
💾 health: обновлено 37687 точек
💾 domain: upsert 2571 строк
💾 БД: predictions — 26584 точек серии
  ✓ 2026-06-17..2026-06-19: записано (health/anomalies_t/журнал/predictions/domain)
  📍 ГПА-1: смены режима (0): []
  📍 ГПА-2: смены режима (0): []
  📍 ГПА-3: смены режима (0): []
2026-07-01 16:39:56,799 INFO live_predict detect-diag: датчиков=32 покрытие(медиана)=0.999 алармы(медиана)=0.0000 n_sigma_cal(медиана)=3.00 горячих(>5%)=2 compressor_rotor_axial_shift_t2:0.12, compressor_rotor_axial_shift_t1:0.11
💾 БД: anomalies_t — 48 новых записей (SHAP у 48/48)
💾 health: обновлено 37492 точек
💾 domain: upsert 2559 строк
💾 БД: predictions — 26272 точек серии
  ✓ 2026-06-19..2026-06-21: записано (health/anomalies_t/журнал/predictions/domain)
  📍 ГПА-1: смены режима (0): []
  📍 ГПА-2: смены режима (0): []
  📍 ГПА-3: смены режима (0): []
2026-07-01 16:41:05,505 INFO live_predict detect-diag: датчиков=32 покрытие(медиана)=0.999 алармы(медиана)=0.0000 n_sigma_cal(медиана)=3.00 горячих(>5%)=2 compressor_rotor_axial_shift_t2:0.12, compressor_rotor_axial_shift_t1:0.12
💾 БД: anomalies_t — 49 новых записей (SHAP у 49/49)
💾 health: обновлено 37474 точек
💾 domain: upsert 2559 строк
💾 БД: predictions — 26274 точек серии
  ✓ 2026-06-21..2026-06-23: записано (health/anomalies_t/журнал/predictions/domain)
  📍 ГПА-1: смены режима (0): []
  📍 ГПА-2: смены режима (0): []
  📍 ГПА-3: смены режима (0): []
2026-07-01 16:42:35,698 INFO live_predict detect-diag: датчиков=32 покрытие(медиана)=0.999 алармы(медиана)=0.0000 n_sigma_cal(медиана)=3.00 горячих(>5%)=2 compressor_rotor_axial_shift_t2:0.16, compressor_rotor_axial_shift_t1:0.16
💾 БД: anomalies_t — 46 новых записей (SHAP у 46/46)
💾 health: обновлено 36631 точек
💾 domain: upsert 2502 строк
💾 БД: predictions — 25444 точек серии
  ✓ 2026-06-23..2026-06-25: записано (health/anomalies_t/журнал/predictions/domain)
  📍 ГПА-1: смены режима (0): []
  📍 ГПА-2: смены режима (0): []
  📍 ГПА-3: смены режима (0): []
2026-07-01 16:44:05,231 INFO live_predict detect-diag: датчиков=32 покрытие(медиана)=0.999 алармы(медиана)=0.0000 n_sigma_cal(медиана)=3.00 горячих(>5%)=2 compressor_rotor_axial_shift_t1:0.17, compressor_rotor_axial_shift_t2:0.17
💾 БД: anomalies_t — 50 новых записей (SHAP у 50/50)
💾 health: обновлено 36845 точек
💾 domain: upsert 2517 строк
💾 БД: predictions — 26539 точек серии
  ✓ 2026-06-25..2026-06-27: записано (health/anomalies_t/журнал/predictions/domain)
  📍 ГПА-1: смены режима (0): []
  📍 ГПА-2: смены режима (0): []
  📍 ГПА-3: смены режима (0): []
2026-07-01 16:45:18,867 INFO live_predict detect-diag: датчиков=32 покрытие(медиана)=0.947 алармы(медиана)=0.0006 n_sigma_cal(медиана)=3.00 горячих(>5%)=4 compressor_rotor_axial_shift_t1:0.09, compressor_rotor_axial_shift_t2:0.09, temp_front_bearing_pads:0.08, vibro_front_support:0.05
ℹ️ MODEL DRIFT (информационно): 2 моделей с ошибкой >2× валидационной (vibro_disp_rotor_rear_vert__GPA1, vibro_st_support__GPA1)
💾 БД: anomalies_t — 87 новых записей (SHAP у 87/87)
💾 health: обновлено 37441 точек
💾 domain: upsert 2556 строк
💾 БД: predictions — 26264 точек серии
  ✓ 2026-06-27..2026-06-29: записано (health/anomalies_t/журнал/predictions/domain)
  📍 ГПА-1: смены режима (0): []
  📍 ГПА-2: смены режима (0): []
  📍 ГПА-3: смены режима (0): []
2026-07-01 16:46:54,435 INFO live_predict detect-diag: датчиков=32 покрытие(медиана)=0.956 алармы(медиана)=0.0000 n_sigma_cal(медиана)=3.00 горячих(>5%)=1 temp_front_bearing_pads:0.06
💾 БД: anomalies_t — 73 новых записей (SHAP у 73/73)
💾 health: обновлено 37101 точек
💾 domain: upsert 2532 строк
💾 БД: predictions — 25951 точек серии
  ✓ 2026-06-29..2026-07-01: записано (health/anomalies_t/журнал/predictions/domain)
  📍 ГПА-1: смены режима (0): []
  📍 ГПА-2: смены режима (0): []
  📍 ГПА-3: смены режима (0): []
2026-07-01 16:48:04,803 INFO live_predict detect-diag: датчиков=32 покрытие(медиана)=0.998 алармы(медиана)=0.0000 n_sigma_cal(медиана)=3.00 горячих(>5%)=3 compressor_rotor_axial_shift_t2:0.10, compressor_rotor_axial_shift_t1:0.09, vibro_rear_support:0.08
💾 БД: anomalies_t — 29 новых записей (SHAP у 29/29)
💾 health: обновлено 17999 точек
💾 domain: upsert 1230 строк
💾 БД: predictions — 6153 точек серии
  ✓ 2026-07-01..2026-07-01: записано (health/anomalies_t/журнал/predictions/domain)
🎉 reprocess_history готов: обработано окон 11
