▶ Методология: normalized-conformal (|факт−предикт|/σ, virtual ensembles) + epistemic-novelty
  wide из кэша: models/ohangaron_v23_staging/_wide_cache.pkl
  temp_front_bearing_pads [POOLED]: GPA1=univariate_only GPA2=ml_corridor GPA3=univariate_only
  temp_rear_bearing_pads [POOLED]: GPA1=univariate_only GPA2=ml_corridor GPA3=univariate_only
  vibro_front_support__GPA1: univariate_only n_trees=18 R²_eval=-0.0992
  vibro_front_support__GPA2: ml_corridor n_trees=149 R²_eval=0.558
  vibro_front_support__GPA3: univariate_only n_trees=0 R²_eval=nan
  vibro_rear_support__GPA1: ml_corridor n_trees=74 R²_eval=0.0541
  vibro_rear_support__GPA2: ml_corridor n_trees=72 R²_eval=0.0107
  vibro_rear_support__GPA3: univariate_only n_trees=0 R²_eval=nan
  vibro_st_support__GPA1: univariate_only n_trees=107 R²_eval=-0.1333
  vibro_st_support__GPA2: ml_corridor n_trees=90 R²_eval=0.3648
  vibro_st_support__GPA3: univariate_only n_trees=0 R²_eval=nan
  vibro_rotor_front_horiz__GPA1: univariate_only n_trees=16 R²_eval=-4.5562
  vibro_rotor_front_horiz__GPA2: ml_corridor n_trees=158 R²_eval=0.9147
  vibro_rotor_front_horiz__GPA3: univariate_only n_trees=0 R²_eval=nan
  vibro_rotor_front_vert__GPA1: univariate_only n_trees=1 R²_eval=-9.4442
  vibro_rotor_front_vert__GPA2: ml_corridor n_trees=74 R²_eval=0.6772
  vibro_rotor_front_vert__GPA3: univariate_only n_trees=0 R²_eval=nan
  vibro_disp_rotor_rear_horiz__GPA1: univariate_only n_trees=41 R²_eval=-2.3156
  vibro_disp_rotor_rear_horiz__GPA2: ml_corridor n_trees=69 R²_eval=0.8058
  vibro_disp_rotor_rear_horiz__GPA3: univariate_only n_trees=0 R²_eval=nan
  vibro_disp_rotor_rear_vert__GPA1: univariate_only n_trees=6 R²_eval=-0.7336
  vibro_disp_rotor_rear_vert__GPA2: univariate_only n_trees=128 R²_eval=0.208
  vibro_disp_rotor_rear_vert__GPA3: univariate_only n_trees=0 R²_eval=nan
  polytropic_head [POOLED]: GPA1=ml_corridor GPA2=ml_corridor GPA3=univariate_only
  compressor_rotor_axial_shift_t1 [POOLED]: GPA1=univariate_only GPA2=univariate_only GPA3=univariate_only
  compressor_rotor_axial_shift_t2 [POOLED]: GPA1=univariate_only GPA2=univariate_only GPA3=univariate_only
  gas_temp_out_gpa [POOLED]: GPA1=ml_corridor GPA2=ml_corridor GPA3=univariate_only
  oil_temp_out_zod [POOLED]: GPA1=univariate_only GPA2=univariate_only GPA3=univariate_only
  oil_temp_out_st [POOLED]: GPA1=univariate_only GPA2=ml_corridor GPA3=univariate_only
  oil_temp_in_pod [POOLED]: GPA1=univariate_only GPA2=ml_corridor GPA3=univariate_only
