▶ Методология: normalized-conformal (|факт−предикт|/σ, virtual ensembles) + epistemic-novelty
  wide из кэша: models/ohangaron_v23_staging/_wide_cache.pkl
  temp_front_bearing_pads [POOLED]: GPA1=ml_corridor GPA2=ml_corridor GPA3=ml_corridor
  temp_rear_bearing_pads [POOLED]: GPA1=ml_corridor GPA2=ml_corridor GPA3=ml_corridor
  vibro_front_support__GPA1: ml_corridor n_trees=64 R²_eval=-0.3721
  vibro_front_support__GPA2: ml_corridor n_trees=33 R²_eval=-2.2721
  vibro_front_support__GPA3: ml_corridor n_trees=25 R²_eval=-1.2975
  vibro_rear_support__GPA1: ml_corridor n_trees=90 R²_eval=0.3758
  vibro_rear_support__GPA2: ml_corridor n_trees=33 R²_eval=-0.3069
  vibro_rear_support__GPA3: ml_corridor n_trees=2 R²_eval=-0.007
  vibro_st_support__GPA1: ml_corridor n_trees=36 R²_eval=0.1973
  vibro_st_support__GPA2: ml_corridor n_trees=24 R²_eval=-0.0713
  vibro_st_support__GPA3: ml_corridor n_trees=15 R²_eval=-8.3331
  vibro_rotor_front_horiz__GPA1: ml_corridor n_trees=24 R²_eval=-8.9856
  vibro_rotor_front_horiz__GPA2: ml_corridor n_trees=3 R²_eval=-3.4376
  vibro_rotor_front_horiz__GPA3: ml_corridor n_trees=15 R²_eval=-0.7293
  vibro_rotor_front_vert__GPA1: ml_corridor n_trees=59 R²_eval=-9.3994
  vibro_rotor_front_vert__GPA2: ml_corridor n_trees=6 R²_eval=-5.9066
  vibro_rotor_front_vert__GPA3: ml_corridor n_trees=7 R²_eval=-0.2701
  vibro_disp_rotor_rear_horiz__GPA1: ml_corridor n_trees=20 R²_eval=-10.3433
  vibro_disp_rotor_rear_horiz__GPA2: ml_corridor n_trees=14 R²_eval=-0.1272
  vibro_disp_rotor_rear_horiz__GPA3: ml_corridor n_trees=1 R²_eval=-1.2227
  vibro_disp_rotor_rear_vert__GPA1: ml_corridor n_trees=58 R²_eval=-0.5139
  vibro_disp_rotor_rear_vert__GPA2: ml_corridor n_trees=39 R²_eval=0.6916
  vibro_disp_rotor_rear_vert__GPA3: ml_corridor n_trees=16 R²_eval=-0.1403
  polytropic_head [POOLED]: GPA1=ml_corridor GPA2=ml_corridor GPA3=ml_corridor
  compressor_rotor_axial_shift_t1 [POOLED]: GPA1=ml_corridor GPA2=ml_corridor GPA3=ml_corridor
  compressor_rotor_axial_shift_t2 [POOLED]: GPA1=ml_corridor GPA2=ml_corridor GPA3=ml_corridor
  gas_temp_out_gpa [POOLED]: GPA1=ml_corridor GPA2=ml_corridor GPA3=ml_corridor
  oil_temp_out_zod [POOLED]: GPA1=ml_corridor GPA2=ml_corridor GPA3=ml_corridor
  oil_temp_out_st [POOLED]: GPA1=ml_corridor GPA2=ml_corridor GPA3=ml_corridor
  oil_temp_in_pod [POOLED]: GPA1=ml_corridor GPA2=ml_corridor GPA3=ml_corridor
