  wide из кэша: models/ohangaron_v23_staging/_wide_cache.pkl
============================================================================================
ТОП-5 SHAP-ПАРАМЕТРОВ ПО КАЖДОЙ МОДЕЛИ (models/ohangaron_v23_pooled)  → shap_top5_per_model.json
============================================================================================
compressor_rotor_axial_shift_t1__GPA1      [pool] ambient_temp(31.4%), gas_pressure_in_gpa(20.5%), pressure_ratio(15.7%), fuel_gas_pressure_in_gtd(10.4%), gas_temp_in_gpa(7.6%)
compressor_rotor_axial_shift_t1__GPA2      [pool] ambient_temp(26.7%), pressure_ratio(20.9%), gas_pressure_in_gpa(17.6%), fuel_gas_pressure_in_gtd(13.0%), rpm_tvd_red(6.8%)
compressor_rotor_axial_shift_t1__GPA3      [pool] ambient_temp(28.9%), gas_pressure_in_gpa(19.7%), pressure_ratio(14.3%), fuel_gas_pressure_in_gtd(13.7%), fuel_gas_flow_rate_sec(6.7%)
compressor_rotor_axial_shift_t2__GPA1      [pool] ambient_temp(31.5%), gas_pressure_in_gpa(20.8%), pressure_ratio(15.7%), fuel_gas_pressure_in_gtd(10.0%), gas_temp_in_gpa(7.5%)
compressor_rotor_axial_shift_t2__GPA2      [pool] ambient_temp(26.7%), pressure_ratio(21.2%), gas_pressure_in_gpa(17.5%), fuel_gas_pressure_in_gtd(12.7%), rpm_tvd_red(6.8%)
compressor_rotor_axial_shift_t2__GPA3      [pool] ambient_temp(29.6%), gas_pressure_in_gpa(19.3%), pressure_ratio(14.8%), fuel_gas_pressure_in_gtd(13.2%), fuel_gas_flow_rate_sec(7.2%)
gas_temp_out_gpa__GPA1                     [pool] pressure_ratio(46.2%), gas_temp_in_gpa(27.9%), rpm_st_red(10.4%), fuel_gas_flow_rate_sec(4.9%), ambient_temp(3.9%)
gas_temp_out_gpa__GPA2                     [pool] pressure_ratio(48.8%), gas_temp_in_gpa(24.1%), rpm_st_red(10.4%), fuel_gas_flow_rate_sec(4.3%), ambient_temp(4.1%)
gas_temp_out_gpa__GPA3                     [pool] pressure_ratio(48.9%), gas_temp_in_gpa(23.0%), rpm_st_red(11.7%), fuel_gas_flow_rate_sec(5.0%), ambient_temp(4.2%)
oil_temp_in_pod__GPA1                      [pool] ambient_temp(43.7%), rpm_tvd_red(14.9%), gas_temp_in_gpa(9.7%), rpm_tnd_red(9.0%), fuel_gas_pressure_in_gtd(7.0%)
oil_temp_in_pod__GPA2                      [pool] ambient_temp(39.5%), rpm_tvd_red(12.6%), rpm_tnd_red(10.2%), fuel_gas_pressure_in_gtd(10.0%), gas_temp_in_gpa(9.4%)
oil_temp_in_pod__GPA3                      [pool] ambient_temp(38.5%), rpm_tvd_red(15.3%), fuel_gas_pressure_in_gtd(9.8%), rpm_tnd_red(9.3%), gas_temp_in_gpa(9.2%)
oil_temp_out_st__GPA1                      [pool] ambient_temp(30.9%), fuel_gas_flow_rate_sec(17.0%), gas_temp_in_gpa(11.8%), rpm_tvd_red(10.0%), gas_pressure_in_gpa(8.6%)
oil_temp_out_st__GPA2                      [pool] ambient_temp(31.5%), fuel_gas_flow_rate_sec(15.4%), gas_temp_in_gpa(11.3%), gas_pressure_in_gpa(9.1%), fuel_gas_pressure_in_gtd(9.0%)
oil_temp_out_st__GPA3                      [pool] ambient_temp(30.7%), fuel_gas_flow_rate_sec(17.3%), rpm_tvd_red(10.7%), gas_temp_in_gpa(10.3%), gas_pressure_in_gpa(8.8%)
oil_temp_out_zod__GPA1                     [pool] ambient_temp(33.0%), fuel_gas_flow_rate_sec(22.3%), pressure_ratio(9.4%), gas_temp_in_gpa(9.4%), rpm_tnd_red(8.0%)
oil_temp_out_zod__GPA2                     [pool] ambient_temp(31.3%), fuel_gas_flow_rate_sec(19.6%), fuel_gas_pressure_in_gtd(11.6%), gas_temp_in_gpa(9.9%), rpm_tnd_red(8.5%)
oil_temp_out_zod__GPA3                     [pool] ambient_temp(32.9%), fuel_gas_flow_rate_sec(22.1%), gas_temp_in_gpa(9.3%), pressure_ratio(9.0%), rpm_tnd_red(8.3%)
polytropic_head__GPA1                      [pool] rpm_st_red(46.9%), fuel_gas_pressure_in_gtd(19.8%), ambient_temp(10.3%), fuel_gas_flow_rate_sec(10.2%), rpm_tnd_red(8.0%)
polytropic_head__GPA2                      [pool] rpm_st_red(34.2%), fuel_gas_pressure_in_gtd(32.3%), ambient_temp(11.3%), fuel_gas_flow_rate_sec(9.2%), rpm_tnd_red(7.0%)
polytropic_head__GPA3                      [pool] rpm_st_red(48.3%), fuel_gas_pressure_in_gtd(15.9%), ambient_temp(11.7%), fuel_gas_flow_rate_sec(10.7%), rpm_tnd_red(9.1%)
temp_front_bearing_pads__GPA1              [pool] rpm_st_red(27.0%), ambient_temp(26.2%), fuel_gas_flow_rate_sec(12.0%), pressure_ratio(11.2%), gas_pressure_in_gpa(10.5%)
temp_front_bearing_pads__GPA2              [pool] rpm_st_red(28.3%), ambient_temp(26.1%), fuel_gas_flow_rate_sec(11.9%), pressure_ratio(10.3%), gas_pressure_in_gpa(7.8%)
temp_front_bearing_pads__GPA3              [pool] ambient_temp(28.5%), rpm_st_red(25.5%), fuel_gas_flow_rate_sec(11.3%), pressure_ratio(10.7%), gas_pressure_in_gpa(8.7%)
temp_rear_bearing_pads__GPA1               [pool] ambient_temp(31.0%), fuel_gas_flow_rate_sec(17.2%), pressure_ratio(17.0%), gas_temp_in_gpa(11.0%), fuel_gas_pressure_in_gtd(6.9%)
temp_rear_bearing_pads__GPA2               [pool] ambient_temp(26.2%), pressure_ratio(17.5%), fuel_gas_flow_rate_sec(15.1%), gas_temp_in_gpa(13.3%), fuel_gas_pressure_in_gtd(13.2%)
temp_rear_bearing_pads__GPA3               [pool] ambient_temp(28.0%), fuel_gas_flow_rate_sec(17.0%), pressure_ratio(16.4%), gas_temp_in_gpa(10.3%), fuel_gas_pressure_in_gtd(9.8%)
vibro_disp_rotor_rear_horiz__GPA1          [unit] rpm_st_red(34.8%), ambient_temp(13.5%), gas_pressure_in_gpa(11.7%), fuel_gas_flow_rate_sec(10.5%), pressure_ratio(10.5%)
vibro_disp_rotor_rear_horiz__GPA2          [unit] gas_pressure_in_gpa(23.4%), gas_temp_in_gpa(18.6%), fuel_gas_pressure_in_gtd(14.2%), rpm_st_red(13.0%), ambient_temp(12.1%)
vibro_disp_rotor_rear_horiz__GPA3          [unit] ambient_temp(42.7%), gas_pressure_in_gpa(11.6%), gas_temp_in_gpa(10.4%), rpm_st_red(7.6%), fuel_gas_flow_rate_sec(6.6%)
vibro_disp_rotor_rear_vert__GPA1           [unit] ambient_temp(29.2%), gas_pressure_in_gpa(23.9%), rpm_st_red(20.1%), fuel_gas_pressure_in_gtd(6.0%), rpm_tvd_red(5.3%)
vibro_disp_rotor_rear_vert__GPA2           [unit] rpm_st_red(28.0%), gas_temp_in_gpa(19.0%), fuel_gas_pressure_in_gtd(14.0%), rpm_tvd_red(13.2%), gas_pressure_in_gpa(11.0%)
vibro_disp_rotor_rear_vert__GPA3           [unit] gas_temp_in_gpa(26.3%), fuel_gas_pressure_in_gtd(21.8%), fuel_gas_flow_rate_sec(16.4%), ambient_temp(13.1%), gas_pressure_in_gpa(8.7%)
vibro_front_support__GPA1                  [unit] fuel_gas_flow_rate_sec(41.9%), rpm_tnd_red(22.2%), rpm_tvd_red(12.1%), ambient_temp(7.0%), pressure_ratio(6.3%)
vibro_front_support__GPA2                  [unit] fuel_gas_pressure_in_gtd(32.0%), ambient_temp(14.5%), gas_temp_in_gpa(12.0%), gas_pressure_in_gpa(10.3%), anti_surge_valve_pos(8.5%)
vibro_front_support__GPA3                  [unit] fuel_gas_flow_rate_sec(36.3%), fuel_gas_pressure_in_gtd(24.6%), rpm_tnd_red(10.2%), pressure_ratio(6.5%), rpm_tvd_red(5.1%)
vibro_rear_support__GPA1                   [unit] rpm_st_red(39.0%), fuel_gas_flow_rate_sec(17.2%), rpm_tvd_red(8.6%), rpm_tnd_red(8.6%), fuel_gas_pressure_in_gtd(7.0%)
vibro_rear_support__GPA2                   [unit] gas_temp_in_gpa(23.1%), fuel_gas_pressure_in_gtd(18.3%), anti_surge_valve_pos(16.0%), gas_pressure_in_gpa(13.3%), pressure_ratio(13.0%)
vibro_rear_support__GPA3                   [unit] gas_temp_in_gpa(23.1%), gas_pressure_in_gpa(15.5%), pressure_ratio(12.3%), fuel_gas_pressure_in_gtd(11.1%), fuel_gas_flow_rate_sec(7.8%)
vibro_rotor_front_horiz__GPA1              [unit] rpm_st_red(31.2%), gas_pressure_in_gpa(24.1%), fuel_gas_flow_rate_sec(12.9%), fuel_gas_pressure_in_gtd(8.8%), rpm_tnd_red(8.3%)
vibro_rotor_front_horiz__GPA2              [unit] gas_temp_in_gpa(21.4%), gas_pressure_in_gpa(20.3%), rpm_st_red(16.5%), rpm_tvd_red(11.2%), fuel_gas_pressure_in_gtd(10.3%)
vibro_rotor_front_horiz__GPA3              [unit] rpm_st_red(33.8%), pressure_ratio(21.9%), gas_pressure_in_gpa(12.3%), fuel_gas_pressure_in_gtd(9.7%), gas_temp_in_gpa(8.6%)
vibro_rotor_front_vert__GPA1               [unit] gas_pressure_in_gpa(26.7%), ambient_temp(23.0%), rpm_st_red(18.1%), fuel_gas_pressure_in_gtd(13.4%), fuel_gas_flow_rate_sec(5.9%)
vibro_rotor_front_vert__GPA2               [unit] fuel_gas_pressure_in_gtd(25.6%), rpm_st_red(18.6%), gas_pressure_in_gpa(14.0%), gas_temp_in_gpa(13.3%), rpm_tvd_red(7.9%)
vibro_rotor_front_vert__GPA3               [unit] rpm_st_red(29.1%), pressure_ratio(14.2%), fuel_gas_pressure_in_gtd(11.9%), ambient_temp(11.1%), gas_temp_in_gpa(9.0%)
vibro_st_support__GPA1                     [unit] rpm_st_red(37.9%), fuel_gas_flow_rate_sec(13.0%), gas_pressure_in_gpa(12.8%), ambient_temp(9.2%), gas_temp_in_gpa(7.5%)
vibro_st_support__GPA2                     [unit] fuel_gas_flow_rate_sec(31.7%), ambient_temp(19.1%), rpm_st_red(13.3%), gas_pressure_in_gpa(8.2%), pressure_ratio(7.6%)
vibro_st_support__GPA3                     [unit] gas_temp_in_gpa(25.3%), fuel_gas_pressure_in_gtd(21.1%), ambient_temp(17.7%), pressure_ratio(14.7%), rpm_st_red(7.1%)
============================================================================================
