C:\Users\Timur\Desktop\UTG\КС\cs_4\backend\live_predict.py:2663: SyntaxWarning: invalid escape sequence '\d'
  # Глобальные кэши
C:\Users\Timur\Desktop\UTG\КС\cs_4\backend\live_predict.py:2657: SyntaxWarning: invalid escape sequence '\.'
  </html>"""
C:\Users\Timur\Desktop\UTG\КС\cs_4\backend\live_predict.py:2657: SyntaxWarning: invalid escape sequence '\s'
  </html>"""
C:\Users\Timur\Desktop\UTG\КС\cs_4\backend\live_predict.py:2657: SyntaxWarning: invalid escape sequence '\d'
  </html>"""
🏭 Станция: Охангаронская КС (ohangaron)
  ✅ temp_front_bearing_pads: загружена [CatBoostUnc-v2]
  ✅ temp_front_bearing_pads: загружена [CatBoostUnc-v2]
  ✅ temp_front_bearing_pads: загружена [CatBoostUnc-v2]
  ✅ temp_rear_bearing_pads: загружена [CatBoostUnc-v2]
  ✅ temp_rear_bearing_pads: загружена [CatBoostUnc-v2]
  ✅ temp_rear_bearing_pads: загружена [CatBoostUnc-v2]
  ✅ vibro_front_support: загружена [CatBoostUnc-v2]
  ✅ vibro_front_support: загружена [CatBoostUnc-v2]
  ✅ vibro_front_support: загружена [CatBoostUnc-v2]
  ✅ vibro_rear_support: загружена [CatBoostUnc-v2]
  ✅ vibro_rear_support: загружена [CatBoostUnc-v2]
  ✅ vibro_rear_support: загружена [CatBoostUnc-v2]
  ✅ vibro_st_support: загружена [CatBoostUnc-v2]
  ✅ vibro_st_support: загружена [CatBoostUnc-v2]
  ✅ vibro_st_support: загружена [CatBoostUnc-v2]
  ✅ vibro_rotor_front_horiz: загружена [CatBoostUnc-v2]
  ✅ vibro_rotor_front_horiz: загружена [CatBoostUnc-v2]
  ✅ vibro_rotor_front_horiz: загружена [CatBoostUnc-v2]
  ✅ vibro_rotor_front_vert: загружена [CatBoostUnc-v2]
  ✅ vibro_rotor_front_vert: загружена [CatBoostUnc-v2]
  ✅ vibro_rotor_front_vert: загружена [CatBoostUnc-v2]
  ✅ vibro_disp_rotor_rear_horiz: загружена [CatBoostUnc-v2]
  ✅ vibro_disp_rotor_rear_horiz: загружена [CatBoostUnc-v2]
  ✅ vibro_disp_rotor_rear_horiz: загружена [CatBoostUnc-v2]
  ✅ vibro_disp_rotor_rear_vert: загружена [CatBoostUnc-v2]
  ✅ vibro_disp_rotor_rear_vert: загружена [CatBoostUnc-v2]
  ✅ vibro_disp_rotor_rear_vert: загружена [CatBoostUnc-v2]
  ✅ polytropic_head: загружена [CatBoostUnc-v2]
  ✅ polytropic_head: загружена [CatBoostUnc-v2]
  ✅ polytropic_head: загружена [CatBoostUnc-v2]
  ✅ compressor_rotor_axial_shift_t1: загружена [CatBoostUnc-v2]
  ✅ compressor_rotor_axial_shift_t1: загружена [CatBoostUnc-v2]
  ✅ compressor_rotor_axial_shift_t1: загружена [CatBoostUnc-v2]
  ✅ compressor_rotor_axial_shift_t2: загружена [CatBoostUnc-v2]
  ✅ compressor_rotor_axial_shift_t2: загружена [CatBoostUnc-v2]
  ✅ compressor_rotor_axial_shift_t2: загружена [CatBoostUnc-v2]
  ✅ gas_temp_out_gpa: загружена [CatBoostUnc-v2]
  ✅ gas_temp_out_gpa: загружена [CatBoostUnc-v2]
  ✅ gas_temp_out_gpa: загружена [CatBoostUnc-v2]
  ✅ oil_temp_out_zod: загружена [CatBoostUnc-v2]
  ✅ oil_temp_out_zod: загружена [CatBoostUnc-v2]
  ✅ oil_temp_out_zod: загружена [CatBoostUnc-v2]
  ✅ oil_temp_out_st: загружена [CatBoostUnc-v2]
  ✅ oil_temp_out_st: загружена [CatBoostUnc-v2]
  ✅ oil_temp_out_st: загружена [CatBoostUnc-v2]
  ✅ oil_temp_in_pod: загружена [CatBoostUnc-v2]
  ✅ oil_temp_in_pod: загружена [CatBoostUnc-v2]
  ✅ oil_temp_in_pod: загружена [CatBoostUnc-v2]
🔁 reprocess_history: 2026-02-02 00:00:00+00:00 → 2026-07-01 04:31:28.554746+00:00, окно 2д, перекрытие 1д
2026-07-01 09:31:38,413 INFO weather ambient кэш обновлён: 4368 часов до 2026-07-01 23:00:00
  📍 ГПА-1: смены режима (0): []
  📍 ГПА-2: смены режима (0): []
  📍 ГПА-3: смены режима (0): []
ℹ️ MODEL DRIFT (информационно): 7 моделей с ошибкой >2× валидационной (compressor_rotor_axial_shift_t1__GPA3, compressor_rotor_axial_shift_t2__GPA3, gas_temp_out_gpa__GPA3, polytropic_head__GPA3, vibro_disp_rotor_rear_vert__GPA3...)
💾 health: обновлено 11855 точек
💾 domain: upsert 1404 строк
  ✓ 2026-02-02..2026-02-04: записано (health/anomalies_t/журнал/predictions/domain)
2026-07-01 09:32:35,810 WARNING data_loader streaming-fetch попытка 1/3 упала (server closed the connection unexpectedly
	This probably means the server terminated abnormally
	before or while processing the request.
) — повтор через 5s
  📍 ГПА-1: смены режима (0): []
  📍 ГПА-2: смены режима (0): []
  📍 ГПА-3: смены режима (1): ['02-04 09:35']
ℹ️ MODEL DRIFT (информационно): 5 моделей с ошибкой >2× валидационной (compressor_rotor_axial_shift_t1__GPA3, compressor_rotor_axial_shift_t2__GPA3, gas_temp_out_gpa__GPA3, polytropic_head__GPA3, vibro_disp_rotor_rear_vert__GPA3)
💾 health: обновлено 26700 точек
💾 domain: upsert 2415 строк
  ✓ 2026-02-04..2026-02-06: записано (health/anomalies_t/журнал/predictions/domain)
  📍 ГПА-1: смены режима (0): []
  📍 ГПА-2: смены режима (0): []
  📍 ГПА-3: смены режима (0): []
💾 health: обновлено 32736 точек
💾 domain: upsert 2412 строк
  ✓ 2026-02-06..2026-02-08: записано (health/anomalies_t/журнал/predictions/domain)
  📍 ГПА-1: смены режима (0): []
  📍 ГПА-2: смены режима (0): []
  📍 ГПА-3: смены режима (0): []
2026-07-01 09:39:50,848 WARNING data_loader write-batch: чанк 11 упал (server closed the connection unexpectedly
	This probably means the server terminated abnormally
	before or while processing the request.
) — повтор 1/3
2026-07-01 09:40:09,100 WARNING data_loader write-batch: чанк 11 пропущен (timeout/lock)
2026-07-01 09:40:38,069 WARNING data_loader write-batch: чанк 14 упал (server closed the connection unexpectedly
	This probably means the server terminated abnormally
	before or while processing the request.
) — повтор 1/3
2026-07-01 09:41:20,658 WARNING data_loader write-batch: пропущено 2000 строк из-за блокировок/таймаутов (повтор на след. цикле)
💾 health: обновлено 33720 точек
💾 domain: upsert 2517 строк
  ✓ 2026-02-08..2026-02-10: записано (health/anomalies_t/журнал/predictions/domain)
2026-07-01 09:43:12,022 WARNING data_loader streaming-fetch попытка 1/3 упала (server closed the connection unexpectedly
	This probably means the server terminated abnormally
	before or while processing the request.
) — повтор через 5s
  📍 ГПА-1: смены режима (0): []
  📍 ГПА-2: смены режима (0): []
  📍 ГПА-3: смены режима (0): []
💾 health: обновлено 34975 точек
💾 domain: upsert 2574 строк
  ✓ 2026-02-10..2026-02-12: записано (health/anomalies_t/журнал/predictions/domain)
2026-07-01 09:47:08,882 WARNING data_loader streaming-fetch попытка 1/3 упала (server closed the connection unexpectedly
	This probably means the server terminated abnormally
	before or while processing the request.
) — повтор через 5s
  📍 ГПА-1: смены режима (0): []
  📍 ГПА-2: смены режима (0): []
  📍 ГПА-3: смены режима (0): []
💾 health: обновлено 31296 точек
💾 domain: upsert 2313 строк
  ✓ 2026-02-12..2026-02-14: записано (health/anomalies_t/журнал/predictions/domain)
  📍 ГПА-1: смены режима (0): []
  📍 ГПА-2: смены режима (0): []
  📍 ГПА-3: смены режима (1): ['02-14 15:35']
ℹ️ MODEL DRIFT (информационно): 1 моделей с ошибкой >2× валидационной (vibro_disp_rotor_rear_vert__GPA3)
💾 health: обновлено 34194 точек
💾 domain: upsert 2436 строк
  ✓ 2026-02-14..2026-02-16: записано (health/anomalies_t/журнал/predictions/domain)
  📍 ГПА-1: смены режима (0): []
  📍 ГПА-2: смены режима (0): []
  📍 ГПА-3: смены режима (0): []
💾 health: обновлено 36734 точек
💾 domain: upsert 2562 строк
  ✓ 2026-02-16..2026-02-18: записано (health/anomalies_t/журнал/predictions/domain)
  📍 ГПА-1: смены режима (0): []
  📍 ГПА-2: смены режима (0): []
  📍 ГПА-3: смены режима (0): []
💾 health: обновлено 36609 точек
💾 domain: upsert 2553 строк
  ✓ 2026-02-18..2026-02-20: записано (health/anomalies_t/журнал/predictions/domain)
  📍 ГПА-1: смены режима (0): []
  📍 ГПА-2: смены режима (0): []
  📍 ГПА-3: смены режима (1): ['02-20 19:30']
💾 health: обновлено 34358 точек
💾 domain: upsert 2490 строк
  ✓ 2026-02-20..2026-02-22: записано (health/anomalies_t/журнал/predictions/domain)
  📍 ГПА-1: смены режима (0): []
  📍 ГПА-2: смены режима (0): []
  📍 ГПА-3: смены режима (1): ['02-22 12:35']
ℹ️ MODEL DRIFT (информационно): 1 моделей с ошибкой >2× валидационной (vibro_disp_rotor_rear_vert__GPA3)
💾 health: обновлено 33702 точек
2026-07-01 09:59:12,511 WARNING live_predict domain-запись в БД не выполнена: server closed the connection unexpectedly
	This probably means the server terminated abnormally
	before or while processing the request.

  ✓ 2026-02-22..2026-02-24: записано (health/anomalies_t/журнал/predictions/domain)
  📍 ГПА-1: смены режима (0): []
  📍 ГПА-2: смены режима (0): []
  📍 ГПА-3: смены режима (0): []
ℹ️ MODEL DRIFT (информационно): 1 моделей с ошибкой >2× валидационной (vibro_disp_rotor_rear_vert__GPA3)
💾 health: обновлено 36091 точек
💾 domain: upsert 2517 строк
  ✓ 2026-02-24..2026-02-26: записано (health/anomalies_t/журнал/predictions/domain)
2026-07-01 10:04:14,682 WARNING data_loader streaming-fetch попытка 1/3 упала (server closed the connection unexpectedly
	This probably means the server terminated abnormally
	before or while processing the request.
) — повтор через 5s
  📍 ГПА-1: смены режима (0): []
  📍 ГПА-2: смены режима (0): []
  📍 ГПА-3: смены режима (0): []
💾 health: обновлено 36339 точек
💾 domain: upsert 2529 строк
  ✓ 2026-02-26..2026-02-28: записано (health/anomalies_t/журнал/predictions/domain)
  📍 ГПА-1: смены режима (0): []
  📍 ГПА-2: смены режима (0): []
  📍 ГПА-3: смены режима (0): []
ℹ️ MODEL DRIFT (информационно): 1 моделей с ошибкой >2× валидационной (vibro_front_support__GPA3)
2026-07-01 10:08:58,052 WARNING data_loader write-batch: чанк 0 упал (server closed the connection unexpectedly
	This probably means the server terminated abnormally
	before or while processing the request.
) — повтор 1/3
2026-07-01 10:10:56,372 WARNING data_loader write-batch: чанк 7 упал (server closed the connection unexpectedly
	This probably means the server terminated abnormally
	before or while processing the request.
) — повтор 1/3
💾 health: обновлено 36509 точек
💾 domain: upsert 2529 строк
  ✓ 2026-02-28..2026-03-02: записано (health/anomalies_t/журнал/predictions/domain)
  📍 ГПА-1: смены режима (0): []
  📍 ГПА-2: смены режима (0): []
  📍 ГПА-3: смены режима (1): ['03-02 12:15']
ℹ️ MODEL DRIFT (информационно): 1 моделей с ошибкой >2× валидационной (vibro_front_support__GPA3)
💾 health: обновлено 33985 точек
💾 domain: upsert 2487 строк
  ✓ 2026-03-02..2026-03-04: записано (health/anomalies_t/журнал/predictions/domain)
  📍 ГПА-1: смены режима (0): []
  📍 ГПА-2: смены режима (0): []
  📍 ГПА-3: смены режима (0): []
💾 health: обновлено 33400 точек
💾 domain: upsert 2565 строк
  ✓ 2026-03-04..2026-03-06: записано (health/anomalies_t/журнал/predictions/domain)
2026-07-01 10:18:32,554 WARNING data_loader streaming-fetch попытка 1/3 упала (server closed the connection unexpectedly
	This probably means the server terminated abnormally
	before or while processing the request.
) — повтор через 5s
  📍 ГПА-1: смены режима (0): []
  📍 ГПА-2: смены режима (0): []
  📍 ГПА-3: смены режима (0): []
💾 health: обновлено 34426 точек
💾 domain: upsert 2565 строк
  ✓ 2026-03-06..2026-03-08: записано (health/anomalies_t/журнал/predictions/domain)
  📍 ГПА-1: смены режима (0): []
  📍 ГПА-2: смены режима (0): []
  📍 ГПА-3: смены режима (0): []
💾 health: обновлено 35395 точек
💾 domain: upsert 2562 строк
  ✓ 2026-03-08..2026-03-10: записано (health/anomalies_t/журнал/predictions/domain)
  📍 ГПА-1: смены режима (1): ['03-10 09:50']
  📍 ГПА-2: смены режима (0): []
  📍 ГПА-3: смены режима (0): []
ℹ️ MODEL DRIFT (информационно): 1 моделей с ошибкой >2× валидационной (vibro_st_support__GPA2)
💾 health: обновлено 35097 точек
💾 domain: upsert 2553 строк
  ✓ 2026-03-10..2026-03-12: записано (health/anomalies_t/журнал/predictions/domain)
  📍 ГПА-1: смены режима (0): []
  📍 ГПА-2: смены режима (0): []
  📍 ГПА-3: смены режима (0): []
ℹ️ MODEL DRIFT (информационно): 1 моделей с ошибкой >2× валидационной (vibro_st_support__GPA2)
💾 health: обновлено 35293 точек
💾 domain: upsert 2568 строк
  ✓ 2026-03-12..2026-03-14: записано (health/anomalies_t/журнал/predictions/domain)
  📍 ГПА-1: смены режима (0): []
  📍 ГПА-2: смены режима (0): []
  📍 ГПА-3: смены режима (0): []
💾 health: обновлено 35527 точек
💾 domain: upsert 2568 строк
  ✓ 2026-03-14..2026-03-16: записано (health/anomalies_t/журнал/predictions/domain)
  📍 ГПА-1: смены режима (0): []
  📍 ГПА-2: смены режима (0): []
  📍 ГПА-3: смены режима (0): []
💾 health: обновлено 34980 точек
💾 domain: upsert 2514 строк
  ✓ 2026-03-16..2026-03-18: записано (health/anomalies_t/журнал/predictions/domain)
  📍 ГПА-1: смены режима (0): []
  📍 ГПА-2: смены режима (0): []
  📍 ГПА-3: смены режима (0): []
💾 health: обновлено 35715 точек
💾 domain: upsert 2502 строк
  ✓ 2026-03-18..2026-03-20: записано (health/anomalies_t/журнал/predictions/domain)
  📍 ГПА-1: смены режима (0): []
  📍 ГПА-2: смены режима (0): []
  📍 ГПА-3: смены режима (0): []
💾 health: обновлено 37075 точек
💾 domain: upsert 2562 строк
  ✓ 2026-03-20..2026-03-22: записано (health/anomalies_t/журнал/predictions/domain)
2026-07-01 10:29:14,121 WARNING data_loader streaming-fetch попытка 1/3 упала (server closed the connection unexpectedly
	This probably means the server terminated abnormally
	before or while processing the request.
) — повтор через 5s
  📍 ГПА-1: смены режима (0): []
  📍 ГПА-2: смены режима (0): []
  📍 ГПА-3: смены режима (0): []
💾 health: обновлено 36811 точек
💾 domain: upsert 2538 строк
  ✓ 2026-03-22..2026-03-24: записано (health/anomalies_t/журнал/predictions/domain)
  📍 ГПА-1: смены режима (0): []
  📍 ГПА-2: смены режима (0): []
  📍 ГПА-3: смены режима (0): []
💾 health: обновлено 37111 точек
💾 domain: upsert 2553 строк
  ✓ 2026-03-24..2026-03-26: записано (health/anomalies_t/журнал/predictions/domain)
  📍 ГПА-1: смены режима (0): []
  📍 ГПА-2: смены режима (0): []
  📍 ГПА-3: смены режима (0): []
💾 health: обновлено 37298 точек
💾 domain: upsert 2559 строк
  ✓ 2026-03-26..2026-03-28: записано (health/anomalies_t/журнал/predictions/domain)
  📍 ГПА-1: смены режима (0): []
  📍 ГПА-2: смены режима (0): []
  📍 ГПА-3: смены режима (0): []
💾 health: обновлено 28835 точек
💾 domain: upsert 2004 строк
  ✓ 2026-03-28..2026-03-30: записано (health/anomalies_t/журнал/predictions/domain)
  📍 ГПА-1: смены режима (0): []
  📍 ГПА-2: смены режима (0): []
  📍 ГПА-3: смены режима (2): ['03-31 16:50', '03-31 21:30']
ℹ️ MODEL DRIFT (информационно): 3 моделей с ошибкой >2× валидационной (compressor_rotor_axial_shift_t1__GPA3, compressor_rotor_axial_shift_t2__GPA3, vibro_disp_rotor_rear_vert__GPA3)
💾 health: обновлено 33125 точек
💾 domain: upsert 2328 строк
  ✓ 2026-03-30..2026-04-01: записано (health/anomalies_t/журнал/predictions/domain)
  📍 ГПА-1: смены режима (0): []
  📍 ГПА-2: смены режима (0): []
  📍 ГПА-3: смены режима (2): ['03-31 16:50', '03-31 21:30']
💾 health: обновлено 36219 точек
💾 domain: upsert 2565 строк
  ✓ 2026-04-01..2026-04-03: записано (health/anomalies_t/журнал/predictions/domain)
  📍 ГПА-1: смены режима (0): []
  📍 ГПА-2: смены режима (0): []
  📍 ГПА-3: смены режима (0): []
💾 health: обновлено 35777 точек
💾 domain: upsert 2556 строк
  ✓ 2026-04-03..2026-04-05: записано (health/anomalies_t/журнал/predictions/domain)
  📍 ГПА-1: смены режима (0): []
  📍 ГПА-2: смены режима (0): []
  📍 ГПА-3: смены режима (0): []
💾 health: обновлено 35969 точек
💾 domain: upsert 2571 строк
  ✓ 2026-04-05..2026-04-07: записано (health/anomalies_t/журнал/predictions/domain)
  📍 ГПА-1: смены режима (0): []
  📍 ГПА-2: смены режима (0): []
  📍 ГПА-3: смены режима (0): []
💾 health: обновлено 35752 точек
💾 domain: upsert 2556 строк
  ✓ 2026-04-07..2026-04-09: записано (health/anomalies_t/журнал/predictions/domain)
  📍 ГПА-1: смены режима (0): []
  📍 ГПА-2: смены режима (0): []
  📍 ГПА-3: смены режима (0): []
💾 health: обновлено 35469 точек
💾 domain: upsert 2535 строк
  ✓ 2026-04-09..2026-04-11: записано (health/anomalies_t/журнал/predictions/domain)
2026-07-01 10:40:09,812 WARNING data_loader streaming-fetch попытка 1/3 упала (server closed the connection unexpectedly
	This probably means the server terminated abnormally
	before or while processing the request.
) — повтор через 5s
  📍 ГПА-1: смены режима (0): []
  📍 ГПА-2: смены режима (0): []
  📍 ГПА-3: смены режима (0): []
💾 health: обновлено 35292 точек
💾 domain: upsert 2523 строк
  ✓ 2026-04-11..2026-04-13: записано (health/anomalies_t/журнал/predictions/domain)
  📍 ГПА-1: смены режима (0): []
  📍 ГПА-2: смены режима (0): []
  📍 ГПА-3: смены режима (0): []
💾 health: обновлено 35826 точек
💾 domain: upsert 2559 строк
  ✓ 2026-04-13..2026-04-15: записано (health/anomalies_t/журнал/predictions/domain)
  📍 ГПА-1: смены режима (0): []
  📍 ГПА-2: смены режима (0): []
  📍 ГПА-3: смены режима (0): []
💾 health: обновлено 34689 точек
💾 domain: upsert 2487 строк
  ✓ 2026-04-15..2026-04-17: записано (health/anomalies_t/журнал/predictions/domain)
  📍 ГПА-1: смены режима (0): []
  📍 ГПА-2: смены режима (0): []
  📍 ГПА-3: смены режима (0): []
💾 health: обновлено 34698 точек
💾 domain: upsert 2490 строк
  ✓ 2026-04-17..2026-04-19: записано (health/anomalies_t/журнал/predictions/domain)
  📍 ГПА-1: смены режима (0): []
  📍 ГПА-2: смены режима (0): []
  📍 ГПА-3: смены режима (0): []
💾 health: обновлено 35945 точек
💾 domain: upsert 2568 строк
  ✓ 2026-04-19..2026-04-21: записано (health/anomalies_t/журнал/predictions/domain)
  📍 ГПА-1: смены режима (0): []
  📍 ГПА-2: смены режима (0): []
  📍 ГПА-3: смены режима (0): []
💾 health: обновлено 35952 точек
💾 domain: upsert 2568 строк
  ✓ 2026-04-21..2026-04-23: записано (health/anomalies_t/журнал/predictions/domain)
  📍 ГПА-1: смены режима (0): []
  📍 ГПА-2: смены режима (0): []
  📍 ГПА-3: смены режима (0): []
💾 health: обновлено 35910 точек
💾 domain: upsert 2565 строк
  ✓ 2026-04-23..2026-04-25: записано (health/anomalies_t/журнал/predictions/domain)
  📍 ГПА-1: смены режима (0): []
  📍 ГПА-2: смены режима (0): []
  📍 ГПА-3: смены режима (0): []
💾 health: обновлено 35952 точек
💾 domain: upsert 2568 строк
  ✓ 2026-04-25..2026-04-27: записано (health/anomalies_t/журнал/predictions/domain)
  📍 ГПА-1: смены режима (0): []
  📍 ГПА-2: смены режима (0): []
  📍 ГПА-3: смены режима (0): []
💾 health: обновлено 35238 точек
💾 domain: upsert 2517 строк
  ✓ 2026-04-27..2026-04-29: записано (health/anomalies_t/журнал/predictions/domain)
  📍 ГПА-1: смены режима (0): []
  📍 ГПА-2: смены режима (1): ['04-30 23:20']
  📍 ГПА-3: смены режима (0): []
💾 health: обновлено 33194 точек
💾 domain: upsert 2370 строк
  ✓ 2026-04-29..2026-05-01: записано (health/anomalies_t/журнал/predictions/domain)
  📍 ГПА-1: смены режима (0): []
  📍 ГПА-2: смены режима (2): ['04-30 23:20', '05-02 09:40']
  📍 ГПА-3: смены режима (3): ['05-01 19:35', '05-02 02:15', '05-02 09:35']
💾 health: обновлено 33949 точек
💾 domain: upsert 2412 строк
  ✓ 2026-05-01..2026-05-03: записано (health/anomalies_t/журнал/predictions/domain)
  📍 ГПА-1: смены режима (0): []
  📍 ГПА-2: смены режима (1): ['05-02 09:40']
  📍 ГПА-3: смены режима (1): ['05-02 09:35']
ℹ️ MODEL DRIFT (информационно): 4 моделей с ошибкой >2× валидационной (oil_temp_in_pod__GPA3, oil_temp_out_st__GPA3, polytropic_head__GPA3, vibro_st_support__GPA3)
💾 health: обновлено 34410 точек
💾 domain: upsert 2457 строк
  ✓ 2026-05-03..2026-05-05: записано (health/anomalies_t/журнал/predictions/domain)
  📍 ГПА-1: смены режима (1): ['05-06 19:15']
  📍 ГПА-2: смены режима (1): ['05-06 15:00']
  📍 ГПА-3: смены режима (1): ['05-05 11:10']
ℹ️ MODEL DRIFT (информационно): 1 моделей с ошибкой >2× валидационной (polytropic_head__GPA3)
💾 health: обновлено 35221 точек
💾 domain: upsert 2487 строк
  ✓ 2026-05-05..2026-05-07: записано (health/anomalies_t/журнал/predictions/domain)
  📍 ГПА-1: смены режима (1): ['05-06 19:15']
  📍 ГПА-2: смены режима (1): ['05-06 15:00']
  📍 ГПА-3: смены режима (0): []
💾 health: обновлено 37095 точек
💾 domain: upsert 2553 строк
  ✓ 2026-05-07..2026-05-09: записано (health/anomalies_t/журнал/predictions/domain)
  📍 ГПА-1: смены режима (0): []
  📍 ГПА-2: смены режима (0): []
  📍 ГПА-3: смены режима (0): []
💾 health: обновлено 37608 точек
💾 domain: upsert 2571 строк
  ✓ 2026-05-09..2026-05-11: записано (health/anomalies_t/журнал/predictions/domain)
2026-07-01 10:51:14,517 WARNING data_loader streaming-fetch попытка 1/3 упала (server closed the connection unexpectedly
	This probably means the server terminated abnormally
	before or while processing the request.
) — повтор через 5s
  📍 ГПА-1: смены режима (0): []
  📍 ГПА-2: смены режима (0): []
  📍 ГПА-3: смены режима (0): []
💾 health: обновлено 37640 точек
💾 domain: upsert 2574 строк
  ✓ 2026-05-11..2026-05-13: записано (health/anomalies_t/журнал/predictions/domain)
  📍 ГПА-1: смены режима (0): []
  📍 ГПА-2: смены режима (0): []
  📍 ГПА-3: смены режима (0): []
💾 health: обновлено 37494 точек
💾 domain: upsert 2565 строк
  ✓ 2026-05-13..2026-05-15: записано (health/anomalies_t/журнал/predictions/domain)
  📍 ГПА-1: смены режима (0): []
  📍 ГПА-2: смены режима (0): []
  📍 ГПА-3: смены режима (0): []
ℹ️ MODEL DRIFT (информационно): 6 моделей с ошибкой >2× валидационной (compressor_rotor_axial_shift_t1__GPA1, compressor_rotor_axial_shift_t2__GPA1, oil_temp_out_st__GPA1, oil_temp_out_zod__GPA1, polytropic_head__GPA1...)
💾 health: обновлено 37490 точек
💾 domain: upsert 2562 строк
  ✓ 2026-05-15..2026-05-17: записано (health/anomalies_t/журнал/predictions/domain)
  📍 ГПА-1: смены режима (0): []
  📍 ГПА-2: смены режима (0): []
  📍 ГПА-3: смены режима (0): []
💾 health: обновлено 37310 точек
💾 domain: upsert 2550 строк
  ✓ 2026-05-17..2026-05-19: записано (health/anomalies_t/журнал/predictions/domain)
  📍 ГПА-1: смены режима (0): []
  📍 ГПА-2: смены режима (0): []
  📍 ГПА-3: смены режима (0): []
💾 health: обновлено 35950 точек
💾 domain: upsert 2460 строк
  ✓ 2026-05-19..2026-05-21: записано (health/anomalies_t/журнал/predictions/domain)
  📍 ГПА-1: смены режима (0): []
  📍 ГПА-2: смены режима (0): []
  📍 ГПА-3: смены режима (0): []
💾 health: обновлено 37432 точек
💾 domain: upsert 2571 строк
  ✓ 2026-05-21..2026-05-23: записано (health/anomalies_t/журнал/predictions/domain)
  📍 ГПА-1: смены режима (0): []
  📍 ГПА-2: смены режима (0): []
  📍 ГПА-3: смены режима (0): []
💾 health: обновлено 37201 точек
💾 domain: upsert 2574 строк
  ✓ 2026-05-23..2026-05-25: записано (health/anomalies_t/журнал/predictions/domain)
  📍 ГПА-1: смены режима (0): []
  📍 ГПА-2: смены режима (0): []
  📍 ГПА-3: смены режима (0): []
💾 health: обновлено 37020 точек
💾 domain: upsert 2550 строк
  ✓ 2026-05-25..2026-05-27: записано (health/anomalies_t/журнал/predictions/domain)
  📍 ГПА-1: смены режима (0): []
  📍 ГПА-2: смены режима (0): []
  📍 ГПА-3: смены режима (0): []
💾 health: обновлено 37269 точек
💾 domain: upsert 2556 строк
  ✓ 2026-05-27..2026-05-29: записано (health/anomalies_t/журнал/predictions/domain)
  📍 ГПА-1: смены режима (0): []
  📍 ГПА-2: смены режима (0): []
  📍 ГПА-3: смены режима (0): []
💾 health: обновлено 37401 точек
💾 domain: upsert 2562 строк
  ✓ 2026-05-29..2026-05-31: записано (health/anomalies_t/журнал/predictions/domain)
  📍 ГПА-1: смены режима (0): []
  📍 ГПА-2: смены режима (0): []
  📍 ГПА-3: смены режима (0): []
💾 health: обновлено 37395 точек
💾 domain: upsert 2568 строк
  ✓ 2026-05-31..2026-06-02: записано (health/anomalies_t/журнал/predictions/domain)
  📍 ГПА-1: смены режима (1): ['06-03 09:45']
  📍 ГПА-2: смены режима (0): []
  📍 ГПА-3: смены режима (0): []
ℹ️ MODEL DRIFT (информационно): 1 моделей с ошибкой >2× валидационной (vibro_st_support__GPA3)
2026-07-01 11:02:57,469 WARNING data_loader write-batch: чанк 10 упал (server closed the connection unexpectedly
	This probably means the server terminated abnormally
	before or while processing the request.
) — повтор 1/3
💾 health: обновлено 37426 точек
💾 domain: upsert 2568 строк
  ✓ 2026-06-02..2026-06-04: записано (health/anomalies_t/журнал/predictions/domain)
  📍 ГПА-1: смены режима (1): ['06-03 09:45']
  📍 ГПА-2: смены режима (0): []
  📍 ГПА-3: смены режима (0): []
ℹ️ MODEL DRIFT (информационно): 1 моделей с ошибкой >2× валидационной (vibro_st_support__GPA3)
💾 health: обновлено 37652 точек
💾 domain: upsert 2568 строк
  ✓ 2026-06-04..2026-06-06: записано (health/anomalies_t/журнал/predictions/domain)
  📍 ГПА-1: смены режима (0): []
  📍 ГПА-2: смены режима (0): []
  📍 ГПА-3: смены режима (0): []
💾 health: обновлено 37620 точек
💾 domain: upsert 2565 строк
  ✓ 2026-06-06..2026-06-08: записано (health/anomalies_t/журнал/predictions/domain)
  📍 ГПА-1: смены режима (1): ['06-09 11:10']
  📍 ГПА-2: смены режима (0): []
  📍 ГПА-3: смены режима (0): []
💾 health: обновлено 37778 точек
💾 domain: upsert 2562 строк
  ✓ 2026-06-08..2026-06-10: записано (health/anomalies_t/журнал/predictions/domain)
  📍 ГПА-1: смены режима (1): ['06-09 11:10']
  📍 ГПА-2: смены режима (0): []
  📍 ГПА-3: смены режима (0): []
2026-07-01 11:05:33,785 INFO live_predict detect-diag: датчиков=32 покрытие(медиана)=1.000 алармы(медиана)=0.0000 n_sigma_cal(медиана)=3.00 горячих(>5%)=1 oil_temp_in_pod:0.08
💾 БД: anomalies_t — 6 новых записей (SHAP у 6/6)
💾 health: обновлено 38436 точек
💾 domain: upsert 2568 строк
💾 БД: predictions — 2773 точек серии
  ✓ 2026-06-10..2026-06-12: записано (health/anomalies_t/журнал/predictions/domain)
  📍 ГПА-1: смены режима (1): ['06-13 12:35']
  📍 ГПА-2: смены режима (0): []
  📍 ГПА-3: смены режима (0): []
2026-07-01 11:06:10,897 INFO live_predict detect-diag: датчиков=32 покрытие(медиана)=1.000 алармы(медиана)=0.0000 n_sigma_cal(медиана)=3.00 горячих(>5%)=3 compressor_rotor_axial_shift_t2:0.06, compressor_rotor_axial_shift_t1:0.06, oil_temp_in_pod:0.06
💾 БД: anomalies_t — 74 новых записей (SHAP у 74/74)
💾 health: обновлено 38610 точек
💾 domain: upsert 2574 строк
💾 БД: predictions — 26978 точек серии
  ✓ 2026-06-12..2026-06-14: записано (health/anomalies_t/журнал/predictions/domain)
  📍 ГПА-1: смены режима (3): ['06-13 12:35', '06-14 13:45', '06-15 20:35']
  📍 ГПА-2: смены режима (0): []
  📍 ГПА-3: смены режима (1): ['06-15 20:20']
2026-07-01 11:07:18,870 INFO live_predict detect-diag: датчиков=48 покрытие(медиана)=0.998 алармы(медиана)=0.0007 n_sigma_cal(медиана)=3.00 горячих(>5%)=5 compressor_rotor_axial_shift_t2:0.70, compressor_rotor_axial_shift_t1:0.25, vibro_disp_rotor_rear_horiz:0.19, compressor_rotor_axial_shift_t1:0.15, compressor_rotor_axial_shift_t2:0.15
💾 БД: anomalies_t — 158 новых записей (SHAP у 158/158)
💾 health: обновлено 38253 точек
💾 domain: upsert 2571 строк
💾 БД: predictions — 26687 точек серии
  ✓ 2026-06-14..2026-06-16: записано (health/anomalies_t/журнал/predictions/domain)
  📍 ГПА-1: смены режима (1): ['06-15 20:35']
  📍 ГПА-2: смены режима (0): []
  📍 ГПА-3: смены режима (1): ['06-15 20:20']
2026-07-01 11:08:04,566 INFO live_predict detect-diag: датчиков=48 покрытие(медиана)=0.994 алармы(медиана)=0.0029 n_sigma_cal(медиана)=3.00 горячих(>5%)=4 compressor_rotor_axial_shift_t2:0.21, compressor_rotor_axial_shift_t1:0.18, compressor_rotor_axial_shift_t2:0.17, compressor_rotor_axial_shift_t1:0.13
💾 БД: anomalies_t — 168 новых записей (SHAP у 168/168)
💾 health: обновлено 37807 точек
💾 domain: upsert 2571 строк
💾 БД: predictions — 26609 точек серии
  ✓ 2026-06-16..2026-06-18: записано (health/anomalies_t/журнал/predictions/domain)
  📍 ГПА-1: смены режима (0): []
  📍 ГПА-2: смены режима (0): []
  📍 ГПА-3: смены режима (0): []
2026-07-01 11:08:59,187 INFO live_predict detect-diag: датчиков=32 покрытие(медиана)=0.997 алармы(медиана)=0.0000 n_sigma_cal(медиана)=3.00 горячих(>5%)=2 compressor_rotor_axial_shift_t2:0.13, compressor_rotor_axial_shift_t1:0.13
💾 БД: anomalies_t — 121 новых записей (SHAP у 121/121)
💾 health: обновлено 37608 точек
💾 domain: upsert 2565 строк
💾 БД: predictions — 26417 точек серии
  ✓ 2026-06-18..2026-06-20: записано (health/anomalies_t/журнал/predictions/domain)
  📍 ГПА-1: смены режима (0): []
  📍 ГПА-2: смены режима (0): []
  📍 ГПА-3: смены режима (0): []
2026-07-01 11:09:57,278 INFO live_predict detect-diag: датчиков=32 покрытие(медиана)=0.999 алармы(медиана)=0.0000 n_sigma_cal(медиана)=3.00 горячих(>5%)=2 compressor_rotor_axial_shift_t2:0.14, compressor_rotor_axial_shift_t1:0.13
💾 БД: anomalies_t — 104 новых записей (SHAP у 104/104)
💾 health: обновлено 37443 точек
💾 domain: upsert 2556 строк
💾 БД: predictions — 26456 точек серии
  ✓ 2026-06-20..2026-06-22: записано (health/anomalies_t/журнал/predictions/domain)
  📍 ГПА-1: смены режима (0): []
  📍 ГПА-2: смены режима (0): []
  📍 ГПА-3: смены режима (0): []
2026-07-01 11:10:42,028 INFO live_predict detect-diag: датчиков=32 покрытие(медиана)=0.999 алармы(медиана)=0.0000 n_sigma_cal(медиана)=3.00 горячих(>5%)=2 compressor_rotor_axial_shift_t2:0.15, compressor_rotor_axial_shift_t1:0.15
💾 БД: anomalies_t — 126 новых записей (SHAP у 126/126)
💾 health: обновлено 37485 точек
💾 domain: upsert 2559 строк
💾 БД: predictions — 26340 точек серии
  ✓ 2026-06-22..2026-06-24: записано (health/anomalies_t/журнал/predictions/domain)
  📍 ГПА-1: смены режима (0): []
  📍 ГПА-2: смены режима (0): []
  📍 ГПА-3: смены режима (0): []
2026-07-01 11:11:23,119 INFO live_predict detect-diag: датчиков=32 покрытие(медиана)=0.999 алармы(медиана)=0.0000 n_sigma_cal(медиана)=3.00 горячих(>5%)=2 compressor_rotor_axial_shift_t1:0.14, compressor_rotor_axial_shift_t2:0.13
💾 БД: anomalies_t — 79 новых записей (SHAP у 79/79)
💾 health: обновлено 36759 точек
💾 domain: upsert 2511 строк
💾 БД: predictions — 25604 точек серии
  ✓ 2026-06-24..2026-06-26: записано (health/anomalies_t/журнал/predictions/domain)
  📍 ГПА-1: смены режима (0): []
  📍 ГПА-2: смены режима (0): []
  📍 ГПА-3: смены режима (0): []
2026-07-01 11:12:01,799 INFO live_predict detect-diag: датчиков=32 покрытие(медиана)=0.985 алармы(медиана)=0.0006 n_sigma_cal(медиана)=3.00 горячих(>5%)=3 compressor_rotor_axial_shift_t1:0.09, compressor_rotor_axial_shift_t2:0.09, vibro_front_support:0.05
💾 БД: anomalies_t — 133 новых записей (SHAP у 133/133)
💾 health: обновлено 37427 точек
💾 domain: upsert 2556 строк
💾 БД: predictions — 26328 точек серии
  ✓ 2026-06-26..2026-06-28: записано (health/anomalies_t/журнал/predictions/domain)
  📍 ГПА-1: смены режима (0): []
  📍 ГПА-2: смены режима (0): []
  📍 ГПА-3: смены режима (0): []
2026-07-01 11:12:44,975 INFO live_predict detect-diag: датчиков=32 покрытие(медиана)=0.950 алармы(медиана)=0.0000 n_sigma_cal(медиана)=3.01 горячих(>5%)=1 temp_front_bearing_pads:0.08
ℹ️ MODEL DRIFT (информационно): 1 моделей с ошибкой >2× валидационной (vibro_disp_rotor_rear_vert__GPA1)
💾 БД: anomalies_t — 133 новых записей (SHAP у 133/133)
💾 health: обновлено 37200 точек
💾 domain: upsert 2538 строк
💾 БД: predictions — 26444 точек серии
  ✓ 2026-06-28..2026-06-30: записано (health/anomalies_t/журнал/predictions/domain)
  📍 ГПА-1: смены режима (0): []
  📍 ГПА-2: смены режима (0): []
  📍 ГПА-3: смены режима (0): []
2026-07-01 11:13:25,235 INFO live_predict detect-diag: датчиков=32 покрытие(медиана)=0.998 алармы(медиана)=0.0000 n_sigma_cal(медиана)=3.00 горячих(>5%)=1 vibro_rear_support:0.06
💾 БД: anomalies_t — 87 новых записей (SHAP у 87/87)
💾 health: обновлено 26676 точек
💾 domain: upsert 1821 строк
💾 БД: predictions — 15210 точек серии
  ✓ 2026-06-30..2026-07-01: записано (health/anomalies_t/журнал/predictions/domain)
🎉 reprocess_history готов: обработано окон 75
