C:\Users\Timur\Desktop\UTG\КС\cs_4\backend\live_predict.py:2663: SyntaxWarning: invalid escape sequence '\d'
  # Глобальные кэши
C:\Users\Timur\Desktop\UTG\КС\cs_4\backend\live_predict.py:2657: SyntaxWarning: invalid escape sequence '\.'
  </html>"""
C:\Users\Timur\Desktop\UTG\КС\cs_4\backend\live_predict.py:2657: SyntaxWarning: invalid escape sequence '\s'
  </html>"""
C:\Users\Timur\Desktop\UTG\КС\cs_4\backend\live_predict.py:2657: SyntaxWarning: invalid escape sequence '\d'
  </html>"""
🏭 Станция: Охангаронская КС (ohangaron)
============================================================
🚀 ОНЛАЙН-ПРЕДИКТ: Загрузка моделей и истории...
  ✅ temp_front_bearing_pads: загружена [CatBoostUnc-v2]
  ✅ temp_front_bearing_pads: загружена [CatBoostUnc-v2]
  ✅ temp_front_bearing_pads: загружена [CatBoostUnc-v2]
  ✅ temp_rear_bearing_pads: загружена [CatBoostUnc-v2]
  ✅ temp_rear_bearing_pads: загружена [CatBoostUnc-v2]
  ✅ temp_rear_bearing_pads: загружена [CatBoostUnc-v2]
  ✅ vibro_front_support: загружена [CatBoostUnc-v2]
  ✅ vibro_front_support: загружена [CatBoostUnc-v2]
  ✅ vibro_front_support: загружена [CatBoostUnc-v2]
  ✅ vibro_rear_support: загружена [CatBoostUnc-v2]
  ✅ vibro_rear_support: загружена [CatBoostUnc-v2]
  ✅ vibro_rear_support: загружена [CatBoostUnc-v2]
  ✅ vibro_st_support: загружена [CatBoostUnc-v2]
  ✅ vibro_st_support: загружена [CatBoostUnc-v2]
  ✅ vibro_st_support: загружена [CatBoostUnc-v2]
  ✅ vibro_rotor_front_horiz: загружена [CatBoostUnc-v2]
  ✅ vibro_rotor_front_horiz: загружена [CatBoostUnc-v2]
  ✅ vibro_rotor_front_horiz: загружена [CatBoostUnc-v2]
  ✅ vibro_rotor_front_vert: загружена [CatBoostUnc-v2]
  ✅ vibro_rotor_front_vert: загружена [CatBoostUnc-v2]
  ✅ vibro_rotor_front_vert: загружена [CatBoostUnc-v2]
  ✅ vibro_disp_rotor_rear_horiz: загружена [CatBoostUnc-v2]
  ✅ vibro_disp_rotor_rear_horiz: загружена [CatBoostUnc-v2]
  ✅ vibro_disp_rotor_rear_horiz: загружена [CatBoostUnc-v2]
  ✅ vibro_disp_rotor_rear_vert: загружена [CatBoostUnc-v2]
  ✅ vibro_disp_rotor_rear_vert: загружена [CatBoostUnc-v2]
  ✅ vibro_disp_rotor_rear_vert: загружена [CatBoostUnc-v2]
  ✅ polytropic_head: загружена [CatBoostUnc-v2]
  ✅ polytropic_head: загружена [CatBoostUnc-v2]
  ✅ polytropic_head: загружена [CatBoostUnc-v2]
  ✅ compressor_rotor_axial_shift_t1: загружена [CatBoostUnc-v2]
  ✅ compressor_rotor_axial_shift_t1: загружена [CatBoostUnc-v2]
  ✅ compressor_rotor_axial_shift_t1: загружена [CatBoostUnc-v2]
  ✅ compressor_rotor_axial_shift_t2: загружена [CatBoostUnc-v2]
  ✅ compressor_rotor_axial_shift_t2: загружена [CatBoostUnc-v2]
  ✅ compressor_rotor_axial_shift_t2: загружена [CatBoostUnc-v2]
  ✅ gas_temp_out_gpa: загружена [CatBoostUnc-v2]
  ✅ gas_temp_out_gpa: загружена [CatBoostUnc-v2]
  ✅ gas_temp_out_gpa: загружена [CatBoostUnc-v2]
  ✅ oil_temp_out_zod: загружена [CatBoostUnc-v2]
  ✅ oil_temp_out_zod: загружена [CatBoostUnc-v2]
  ✅ oil_temp_out_zod: загружена [CatBoostUnc-v2]
  ✅ oil_temp_out_st: загружена [CatBoostUnc-v2]
  ✅ oil_temp_out_st: загружена [CatBoostUnc-v2]
  ✅ oil_temp_out_st: загружена [CatBoostUnc-v2]
  ✅ oil_temp_in_pod: загружена [CatBoostUnc-v2]
  ✅ oil_temp_in_pod: загружена [CatBoostUnc-v2]
  ✅ oil_temp_in_pod: загружена [CatBoostUnc-v2]
📡 Загрузка истории из БД (с 2026-06-12, макс 30 дн)...
🔗 Подключение к БД 10.1.30.164:5432/CS...
📡 Оконная загрузка 2026-06-11 23:59:30 .. 2026-07-01 06:17:21, окно 2д...
  📊 Получено 762300 строк (10 окон)
  📍 ГПА-1: смены режима (3): ['06-13 12:35', '06-14 13:45', '06-15 20:35']
  📍 ГПА-2: смены режима (0): []
  📍 ГПА-3: смены режима (1): ['06-15 20:20']
📊 Дашборд готов: C:\Users\Timur\Desktop\UTG\КС\cs_4\backend\anomaly_live.html
2026-07-01 11:19:29,693 INFO live_predict detect-diag: датчиков=48 покрытие(медиана)=0.980 алармы(медиана)=0.0010 n_sigma_cal(медиана)=3.00 горячих(>5%)=4 compressor_rotor_axial_shift_t2:0.13, compressor_rotor_axial_shift_t2:0.12, compressor_rotor_axial_shift_t1:0.12, compressor_rotor_axial_shift_t1:0.11
💾 БД: anomalies_t — 805 новых записей (SHAP у 805/805)
💾 health: обновлено 2903 точек
💾 domain: upsert 1800 строк
💾 БД: predictions — 1062 точек серии
💾 ohangaron_live_state.json: 48 датчиков, 805 событий
✅ Цикл завершен за 182 сек
