============================================================
🚀 CS Monitor AI — единый запуск (фронт + бэк + ML)
============================================================
🌐 backend+ML: http://localhost:8000  (cwd=C:\Users\Timur\Desktop\UTG\КС\cs_4\backend)
🖥️  frontend: npm run dev  (cwd=C:\Users\Timur\Desktop\UTG\КС\cs_4\frontend)

✅ Запущено. Ctrl+C — остановить всё.

============================================================
🚀 CS Monitor AI — единый запуск (станция ohangaron)
============================================================

> frontend@0.0.0 dev
> vite

2026-07-03 13:39:15,779 INFO migrate_db raw_data.health уже TEXT — пропускаю
2026-07-03 13:39:15,806 INFO migrate_db журнал "journal notifications" уже имеет нужные столбцы — пропускаю

  [32m[1mVITE[22m v8.0.13[39m  [2mready in [0m[1m778[22m[2m[0m ms[22m

  [32m➜[39m  [1mLocal[22m:   [36mhttp://localhost:[1m5173[22m/[39m
[2m  [32m➜[39m  [1mNetwork[22m[2m: use [22m[1m--host[22m[2m to expose[22m
2026-07-03 13:39:17,698 INFO migrate_db migrate: CREATE INDEX IF NOT EXISTS idx_journal_notif_ts ON "ohangaron"."journal notifications" (event_ts DESC)
2026-07-03 13:39:17,698 INFO migrate_db migrate: CREATE INDEX IF NOT EXISTS idx_journal_notif_status ON "ohangaron"."journal notifications" (status, event_ts DESC)
2026-07-03 13:39:17,698 INFO migrate_db migrate: ensure anomalies table
2026-07-03 13:39:17,699 INFO migrate_db migrate: ensure anomalies_t table
2026-07-03 13:39:17,699 INFO migrate_db migrate: ensure predictions table
2026-07-03 13:39:17,699 INFO migrate_db migrate: CREATE INDEX IF NOT EXISTS idx_raw_data_point_dt ON "ohangaron"."raw_data" ("point", "datetime" DESC)
2026-07-03 13:39:17,699 INFO migrate_db migrate: CREATE INDEX IF NOT EXISTS idx_anomalies_ts ON "ohangaron".anomalies (event_ts DESC)
2026-07-03 13:39:17,699 INFO migrate_db migrate: CREATE INDEX IF NOT EXISTS idx_anomalies_sensor_ts ON "ohangaron".anomalies (sensor_id, event_ts DESC)
2026-07-03 13:39:17,700 INFO migrate_db migrate: CREATE INDEX IF NOT EXISTS idx_raw_data_health_dt ON "ohangaron"."raw_data" ("datetime" DESC) WHERE health IS NOT NULL
2026-07-03 13:39:17,700 INFO migrate_db migrate: CREATE INDEX IF NOT EXISTS idx_anomalies_t_sensor_ts ON "ohangaron".anomalies_t (sensor_id, event_ts DESC)
2026-07-03 13:39:17,700 INFO migrate_db migrate: CREATE INDEX IF NOT EXISTS idx_anomalies_t_ts ON "ohangaron".anomalies_t (event_ts DESC)
🗄️  Миграции БД: выполнено шагов 11
🌐 API: http://0.0.0.0:8000 (поток запущен)
🏭 Станция: Охангаронская КС (ohangaron)
============================================================🔬 Онлайн-детекция: непрерывный цикл (поток запущен)

🔄 РЕЖИМ НЕПРЕРЫВНОГО МОНИТОРИНГА
   Интервал обновления: 300 сек (5 мин)
============================================================
🩺 Системный монитор здоровья: раз в 24ч (окно 14д, поток запущен)
✅ catch-up: отставание 0 days 01:53:38.725974 ≤ 6ч — свежий хвост закроет обычный цикл, догонять нечего
============================================================
🚀 ОНЛАЙН-ПРЕДИКТ: Загрузка моделей и истории...
INFO:     Started server process [18488]
INFO:     Waiting for application startup.
INFO:     Application startup complete.
INFO:     Uvicorn running on http://0.0.0.0:8000 (Press CTRL+C to quit)
  ✅ temp_front_bearing_pads: загружена [CatBoostUnc-v2]
  ✅ temp_front_bearing_pads: загружена [CatBoostUnc-v2]
  ✅ temp_front_bearing_pads: загружена [CatBoostUnc-v2]
  ✅ temp_rear_bearing_pads: загружена [CatBoostUnc-v2]
  ✅ temp_rear_bearing_pads: загружена [CatBoostUnc-v2]
  ✅ temp_rear_bearing_pads: загружена [CatBoostUnc-v2]
  ✅ vibro_front_support: загружена [CatBoostUnc-v2]
  ✅ vibro_front_support: загружена [CatBoostUnc-v2]
  ✅ vibro_front_support: загружена [CatBoostUnc-v2]
  ✅ vibro_rear_support: загружена [CatBoostUnc-v2]
  ✅ vibro_rear_support: загружена [CatBoostUnc-v2]
  ✅ vibro_rear_support: загружена [CatBoostUnc-v2]
  ✅ vibro_st_support: загружена [CatBoostUnc-v2]
  ✅ vibro_st_support: загружена [CatBoostUnc-v2]
  ✅ vibro_st_support: загружена [CatBoostUnc-v2]
  ✅ vibro_rotor_front_horiz: загружена [CatBoostUnc-v2]
  ✅ vibro_rotor_front_horiz: загружена [CatBoostUnc-v2]
  ✅ vibro_rotor_front_horiz: загружена [CatBoostUnc-v2]
  ✅ vibro_rotor_front_vert: загружена [CatBoostUnc-v2]
  ✅ vibro_rotor_front_vert: загружена [CatBoostUnc-v2]
  ✅ vibro_rotor_front_vert: загружена [CatBoostUnc-v2]
  ✅ vibro_disp_rotor_rear_horiz: загружена [CatBoostUnc-v2]
  ✅ vibro_disp_rotor_rear_horiz: загружена [CatBoostUnc-v2]
  ✅ vibro_disp_rotor_rear_horiz: загружена [CatBoostUnc-v2]
  ✅ vibro_disp_rotor_rear_vert: загружена [CatBoostUnc-v2]
  ✅ vibro_disp_rotor_rear_vert: загружена [CatBoostUnc-v2]
  ✅ vibro_disp_rotor_rear_vert: загружена [CatBoostUnc-v2]
  ✅ polytropic_head: загружена [CatBoostUnc-v2]
  ✅ polytropic_head: загружена [CatBoostUnc-v2]
  ✅ polytropic_head: загружена [CatBoostUnc-v2]
  ✅ compressor_rotor_axial_shift_t1: загружена [CatBoostUnc-v2]
  ✅ compressor_rotor_axial_shift_t1: загружена [CatBoostUnc-v2]
  ✅ compressor_rotor_axial_shift_t1: загружена [CatBoostUnc-v2]
  ✅ compressor_rotor_axial_shift_t2: загружена [CatBoostUnc-v2]
  ✅ compressor_rotor_axial_shift_t2: загружена [CatBoostUnc-v2]
  ✅ compressor_rotor_axial_shift_t2: загружена [CatBoostUnc-v2]
  ✅ gas_temp_out_gpa: загружена [CatBoostUnc-v2]
  ✅ gas_temp_out_gpa: загружена [CatBoostUnc-v2]
  ✅ gas_temp_out_gpa: загружена [CatBoostUnc-v2]
  ✅ oil_temp_out_zod: загружена [CatBoostUnc-v2]
  ✅ oil_temp_out_zod: загружена [CatBoostUnc-v2]
  ✅ oil_temp_out_zod: загружена [CatBoostUnc-v2]
  ✅ oil_temp_out_st: загружена [CatBoostUnc-v2]
  ✅ oil_temp_out_st: загружена [CatBoostUnc-v2]
  ✅ oil_temp_out_st: загружена [CatBoostUnc-v2]
  ✅ oil_temp_in_pod: загружена [CatBoostUnc-v2]
  ✅ oil_temp_in_pod: загружена [CatBoostUnc-v2]
  ✅ oil_temp_in_pod: загружена [CatBoostUnc-v2]
📡 Загрузка истории из БД (с 2026-06-03, макс 30 дн)...
🔗 Подключение к БД 10.1.30.164:5432/CS...
📡 Оконная загрузка 2026-06-03 08:38:54 .. 2026-07-03 08:39:26, окно 2д...
INFO:     127.0.0.1:60656 - "GET /api/stations HTTP/1.1" 200 OK
INFO:     127.0.0.1:62205 - "GET /api/stations/ohangaron/sensors HTTP/1.1" 200 OK
INFO:     127.0.0.1:51058 - "GET /api/stations/ohangaron/stats HTTP/1.1" 200 OK
INFO:     127.0.0.1:51060 - "GET /api/stations/ohangaron/heatmap HTTP/1.1" 200 OK
  📊 Получено 1190700 строк (16 окон)
INFO:     127.0.0.1:62206 - "GET /api/stations/ohangaron/pvsnapshot HTTP/1.1" 200 OK
INFO:     127.0.0.1:63070 - "GET /api/health HTTP/1.1" 503 Service Unavailable
INFO:     127.0.0.1:51059 - "GET /api/stations/ohangaron/events HTTP/1.1" 200 OK
INFO:     127.0.0.1:62207 - "GET /api/stations/ohangaron/sensors/gas_pressure_out_gpa__GPA1/chart?days=1 HTTP/1.1" 200 OK
INFO:     127.0.0.1:52642 - "GET /api/stations/ohangaron/sensors/oil_temp_out_st__GPA2/chart?days=30 HTTP/1.1" 200 OK
  📍 ГПА-1: смены режима (4): ['06-09 11:10', '06-13 12:35', '06-14 13:45', '06-15 20:35']
  📍 ГПА-2: смены режима (0): []
  📍 ГПА-3: смены режима (2): ['06-15 20:20', '07-02 09:25']
INFO:     127.0.0.1:61522 - "GET /api/stations/ohangaron/sensors/vibro_front_support__GPA2/chart?days=30 HTTP/1.1" 200 OK
INFO:     127.0.0.1:51159 - "GET /api/stations/ohangaron/sensors HTTP/1.1" 200 OK
INFO:     127.0.0.1:55223 - "GET /api/stations/ohangaron/heatmap HTTP/1.1" 200 OK
INFO:     127.0.0.1:55222 - "GET /api/stations/ohangaron/stats HTTP/1.1" 200 OK
INFO:     127.0.0.1:51926 - "GET /api/stations/ohangaron/sensors/vibro_rear_support__GPA2/chart?days=30 HTTP/1.1" 200 OK
INFO:     127.0.0.1:62060 - "GET /api/stations/ohangaron/events HTTP/1.1" 200 OK
INFO:     127.0.0.1:57518 - "GET /api/stations/ohangaron/sensors/vibro_front_support__GPA3/chart?days=30 HTTP/1.1" 200 OK
INFO:     127.0.0.1:53706 - "GET /api/stations/ohangaron/sensors/vibro_front_support__GPA3/chart?t0=2026-06-04T01%3A10%3A00&t1=2026-06-10T14%3A40%3A00 HTTP/1.1" 200 OK
2026-07-03 13:42:22,195 INFO live_predict detect-diag: датчиков=48 покрытие(медиана)=0.979 алармы(медиана)=0.0106 n_sigma_cal(медиана)=3.00 горячих(>5%)=5 compressor_rotor_axial_shift_t2:0.12, compressor_rotor_axial_shift_t2:0.12, compressor_rotor_axial_shift_t1:0.11, compressor_rotor_axial_shift_t1:0.11, oil_temp_out_st:0.07
ℹ️ MODEL DRIFT (информационно): 3 моделей с ошибкой >2× валидационной (compressor_rotor_axial_shift_t1__GPA3, compressor_rotor_axial_shift_t2__GPA3, gas_temp_out_gpa__GPA3)
🏭 Станция: Охангаронская КС (ohangaron)
🔗 Подключение к БД 10.1.30.164:5432/CS...
📡 Оконная загрузка 2026-06-04 02:56:56 .. 2026-06-06 08:51:31 (46 тегов), окно 2д...
  📊 Получено 29486 строк (2 окон)
INFO:     127.0.0.1:60688 - "GET /api/stations/ohangaron/sensors/vibro_front_support__GPA3/explain?t0=2026-06-04+03%3A57%3A26&t1=2026-06-06+07%3A51%3A01&hours=6&v0=2.8786257716235353&v1=4.699818995094348 HTTP/1.1" 200 OK
INFO:     127.0.0.1:54293 - "GET /api/stations HTTP/1.1" 200 OK
INFO:     127.0.0.1:55416 - "GET /api/stations/ohangaron/sensors HTTP/1.1" 200 OK
INFO:     127.0.0.1:52810 - "GET /api/stations/ohangaron/heatmap HTTP/1.1" 200 OK
INFO:     127.0.0.1:61825 - "GET /api/stations/ohangaron/stats HTTP/1.1" 200 OK
INFO:     127.0.0.1:58914 - "GET /api/health HTTP/1.1" 503 Service Unavailable
INFO:     127.0.0.1:50104 - "GET /api/stations/ohangaron/events HTTP/1.1" 200 OK
INFO:     127.0.0.1:65100 - "GET /api/stations/ohangaron/sensors/vibro_front_support__GPA3/chart?days=30 HTTP/1.1" 200 OK
INFO:     127.0.0.1:57670 - "GET /api/stations/ohangaron/sensors/vibro_rear_support__GPA3/chart?t0=2026-06-04T01%3A10%3A00&t1=2026-06-10T14%3A40%3A00 HTTP/1.1" 200 OK
INFO:     127.0.0.1:57669 - "GET /api/stations/ohangaron/sensors/vibro_rear_support__GPA3/chart?days=30 HTTP/1.1" 200 OK
INFO:     127.0.0.1:56073 - "GET /api/stations/ohangaron/sensors HTTP/1.1" 200 OK
INFO:     127.0.0.1:50286 - "GET /api/stations/ohangaron/heatmap HTTP/1.1" 200 OK
INFO:     127.0.0.1:60926 - "GET /api/stations/ohangaron/stats HTTP/1.1" 200 OK
INFO:     127.0.0.1:57401 - "GET /docs HTTP/1.1" 200 OK
INFO:     127.0.0.1:52407 - "GET /openapi.json HTTP/1.1" 200 OK
💾 БД: anomalies_t — 963 новых записей (SHAP у 963/963)
💾 health: обновлено 3104 точек
💾 domain: upsert 1800 строк
💾 БД: predictions — 1086 точек серии
💾 ohangaron_live_state.json: 48 датчиков, 963 событий
✅ Цикл завершен за 273 сек

⏳ Ожидание 5 мин...
INFO:     127.0.0.1:64516 - "GET /docs HTTP/1.1" 200 OK
INFO:     127.0.0.1:64516 - "GET /openapi.json HTTP/1.1" 200 OK
Exception in thread Thread-1 (_readerthread):
Traceback (most recent call last):
  File "C:\Program Files\WindowsApps\PythonSoftwareFoundation.Python.3.12_3.12.2800.0_x64__qbz5n2kfra8p0\Lib\threading.py", line 1075, in _bootstrap_inner
    self.run()
  File "C:\Program Files\WindowsApps\PythonSoftwareFoundation.Python.3.12_3.12.2800.0_x64__qbz5n2kfra8p0\Lib\threading.py", line 1012, in run
    self._target(*self._args, **self._kwargs)
  File "C:\Program Files\WindowsApps\PythonSoftwareFoundation.Python.3.12_3.12.2800.0_x64__qbz5n2kfra8p0\Lib\subprocess.py", line 1599, in _readerthread
    buffer.append(fh.read())
                  ^^^^^^^^^
  File "C:\Program Files\WindowsApps\PythonSoftwareFoundation.Python.3.12_3.12.2800.0_x64__qbz5n2kfra8p0\Lib\encodings\cp1252.py", line 23, in decode
    return codecs.charmap_decode(input,self.errors,decoding_table)[0]
           ^^^^^^^^^^^^^^^^^^^^^^^^^^^^^^^^^^^^^^^^^^^^^^^^^^^^^^^
UnicodeDecodeError: 'charmap' codec can't decode byte 0x81 in position 51: character maps to <undefined>
2026-07-03 13:48:46,803 INFO run_system system_monitor ok

============================================================
🔄 Обновление #2 (13:48:51)
🔄 ОБНОВЛЕНИЕ: Запрос данных после 2026-07-03 08:36:15.813970+00:00...
  📊 Добавлено 420 строк
  ✂️ Обрезано 280 строк старше 30 дн
  📍 ГПА-1: смены режима (4): ['06-09 11:10', '06-13 12:35', '06-14 13:45', '06-15 20:35']
  📍 ГПА-2: смены режима (0): []
  📍 ГПА-3: смены режима (2): ['06-15 20:20', '07-02 09:25']
2026-07-03 13:49:31,210 INFO live_predict detect-diag: датчиков=48 покрытие(медиана)=0.979 алармы(медиана)=0.0106 n_sigma_cal(медиана)=3.00 горячих(>5%)=5 compressor_rotor_axial_shift_t2:0.12, compressor_rotor_axial_shift_t2:0.12, compressor_rotor_axial_shift_t1:0.11, compressor_rotor_axial_shift_t1:0.11, oil_temp_out_st:0.07
ℹ️ MODEL DRIFT (информационно): 3 моделей с ошибкой >2× валидационной (compressor_rotor_axial_shift_t1__GPA3, compressor_rotor_axial_shift_t2__GPA3, gas_temp_out_gpa__GPA3)
💾 БД: anomalies_t — 963 новых записей (SHAP у 963/963)
💾 health: обновлено 3104 точек
💾 domain: upsert 1800 строк
💾 БД: predictions — 184 точек серии
💾 ohangaron_live_state.json: 48 датчиков, 963 событий
✅ Цикл завершен за 112 сек

⏳ Ожидание 5 мин...
INFO:     127.0.0.1:56741 - "GET /api/stations HTTP/1.1" 200 OK
INFO:     127.0.0.1:58021 - "GET /api/stations/ohangaron/sensors HTTP/1.1" 200 OK
INFO:     127.0.0.1:58022 - "GET /api/stations/ohangaron/pvsnapshot HTTP/1.1" 200 OK
INFO:     127.0.0.1:58023 - "GET /api/stations/ohangaron/sensors/gas_pressure_out_gpa__GPA1/chart?days=1 HTTP/1.1" 200 OK
INFO:     127.0.0.1:58169 - "GET /api/stations/ohangaron/heatmap HTTP/1.1" 200 OK
INFO:     127.0.0.1:58168 - "GET /api/stations/ohangaron/stats HTTP/1.1" 200 OK
INFO:     127.0.0.1:52757 - "GET /api/health HTTP/1.1" 200 OK
INFO:     127.0.0.1:50891 - "GET /api/stations/ohangaron/events HTTP/1.1" 200 OK
INFO:     127.0.0.1:61206 - "GET /api/stations/ohangaron/sensors/vibro_disp_rotor_rear_vert__GPA3/chart?days=30 HTTP/1.1" 200 OK
INFO:     127.0.0.1:60141 - "GET /api/stations/ohangaron/sensors/vibro_disp_rotor_rear_vert__GPA3/chart?t0=2026-06-03T13%3A30%3A00&t1=2026-06-19T11%3A20%3A00 HTTP/1.1" 200 OK
INFO:     127.0.0.1:64764 - "GET /api/stations/ohangaron/stats HTTP/1.1" 200 OK
INFO:     127.0.0.1:51607 - "GET /api/stations/ohangaron/sensors HTTP/1.1" 200 OK
INFO:     127.0.0.1:61331 - "GET /api/stations/ohangaron/heatmap HTTP/1.1" 200 OK
INFO:     127.0.0.1:61332 - "GET /api/health HTTP/1.1" 200 OK
INFO:     127.0.0.1:61329 - "GET /api/stations HTTP/1.1" 200 OK
INFO:     127.0.0.1:61330 - "GET /api/stations/ohangaron/events HTTP/1.1" 200 OK
INFO:     127.0.0.1:63598 - "GET /api/stations/ohangaron/sensors/vibro_rear_support__GPA2/chart?days=30 HTTP/1.1" 200 OK
INFO:     127.0.0.1:57622 - "GET /api/stations/ohangaron/sensors/vibro_disp_rotor_rear_vert__GPA3/chart?days=30 HTTP/1.1" 200 OK
INFO:     127.0.0.1:55155 - "GET /api/stations/ohangaron/sensors/vibro_disp_rotor_rear_horiz__GPA3/chart?days=30 HTTP/1.1" 200 OK
INFO:     127.0.0.1:59683 - "GET /api/stations/ohangaron/sensors/vibro_rear_support__GPA2/chart?t0=2026-06-03T13%3A30%3A00&t1=2026-06-19T11%3A20%3A00 HTTP/1.1" 200 OK
INFO:     127.0.0.1:58198 - "GET /api/stations/ohangaron/sensors/vibro_front_support__GPA3/chart?days=30 HTTP/1.1" 200 OK
INFO:     127.0.0.1:63391 - "GET /api/health HTTP/1.1" 200 OK
INFO:     127.0.0.1:50726 - "GET /api/stations HTTP/1.1" 200 OK
INFO:     127.0.0.1:50727 - "GET /api/health HTTP/1.1" 200 OK
INFO:     127.0.0.1:57032 - "GET /api/stations/ohangaron/sensors/vibro_rear_support__GPA3/chart?days=30 HTTP/1.1" 200 OK

============================================================
🔄 Обновление #3 (13:55:47)
🔄 ОБНОВЛЕНИЕ: Запрос данных после 2026-07-03 08:46:19.363430+00:00...
❌ Ошибка: server closed the connection unexpectedly
	This probably means the server terminated abnormally
	before or while processing the request.

  ℹ️ Новых срезов в БД пока нет

⏳ Ожидание 5 мин...
Exception in thread Thread-3 (_readerthread):
Traceback (most recent call last):
  File "C:\Program Files\WindowsApps\PythonSoftwareFoundation.Python.3.12_3.12.2800.0_x64__qbz5n2kfra8p0\Lib\threading.py", line 1075, in _bootstrap_inner
    self.run()
  File "C:\Program Files\WindowsApps\PythonSoftwareFoundation.Python.3.12_3.12.2800.0_x64__qbz5n2kfra8p0\Lib\threading.py", line 1012, in run
    self._target(*self._args, **self._kwargs)
  File "C:\Program Files\WindowsApps\PythonSoftwareFoundation.Python.3.12_3.12.2800.0_x64__qbz5n2kfra8p0\Lib\subprocess.py", line 1599, in _readerthread
    buffer.append(fh.read())
                  ^^^^^^^^^
  File "C:\Program Files\WindowsApps\PythonSoftwareFoundation.Python.3.12_3.12.2800.0_x64__qbz5n2kfra8p0\Lib\encodings\cp1252.py", line 23, in decode
    return codecs.charmap_decode(input,self.errors,decoding_table)[0]
           ^^^^^^^^^^^^^^^^^^^^^^^^^^^^^^^^^^^^^^^^^^^^^^^^^^^^^^^
UnicodeDecodeError: 'charmap' codec can't decode byte 0x81 in position 25: character maps to <undefined>
2026-07-03 13:58:11,835 WARNING run_system drift_monitor rc=1: e-packages\psycopg2\__init__.py", line 135, in connect
    conn = _connect(dsn, connection_factory=connection_factory, **kwasync)
           ^^^^^^^^^^^^^^^^^^^^^^^^^^^^^^^^^^^^^^^^^^^^^^^^^^^^^^^^^^^^^^^
psycopg2.OperationalError: connection to server at "10.1.30.164", port 5432 failed: Connection timed out (0x0000274C/10060)
	Is the server running on that host and accepting TCP/IP connections?


INFO:     127.0.0.1:61045 - "GET /api/stations/ohangaron/sensors HTTP/1.1" 200 OK
INFO:     127.0.0.1:61046 - "GET /api/stations/ohangaron/stats HTTP/1.1" 200 OK
INFO:     127.0.0.1:61044 - "GET /api/stations HTTP/1.1" 200 OK
INFO:     127.0.0.1:61047 - "GET /api/stations/ohangaron/events HTTP/1.1" 200 OK
INFO:     127.0.0.1:61048 - "GET /api/stations/ohangaron/heatmap HTTP/1.1" 200 OK

============================================================
🔄 Обновление #4 (14:00:47)
🔄 ОБНОВЛЕНИЕ: Запрос данных после 2026-07-03 08:46:19.363430+00:00...
2026-07-03 14:02:03,591 ERROR main _fetch_raw_db_series failed for tag='GPA-3.GPA-3.VT102.PV'
Traceback (most recent call last):
  File "C:\Users\Timur\Desktop\UTG\КС\cs_4\backend\main.py", line 777, in _fetch_raw_db_series
    with get_db_connection(cfg_obj) as conn:
         ^^^^^^^^^^^^^^^^^^^^^^^^^^
  File "C:\Program Files\WindowsApps\PythonSoftwareFoundation.Python.3.12_3.12.2800.0_x64__qbz5n2kfra8p0\Lib\contextlib.py", line 137, in __enter__
    return next(self.gen)
           ^^^^^^^^^^^^^^
  File "C:\Users\Timur\Desktop\UTG\КС\cs_4\backend\station_config.py", line 209, in get_db_connection
    raise last_err  # type: ignore[misc]
    ^^^^^^^^^^^^^^
  File "C:\Users\Timur\Desktop\UTG\КС\cs_4\backend\station_config.py", line 200, in get_db_connection
    pool = _get_pool(cfg)
           ^^^^^^^^^^^^^^
  File "C:\Users\Timur\Desktop\UTG\КС\cs_4\backend\station_config.py", line 159, in _get_pool
    _pools[sid] = pg_pool.ThreadedConnectionPool(
                  ^^^^^^^^^^^^^^^^^^^^^^^^^^^^^^^
  File "C:\Users\Timur\Desktop\UTG\КС\cs_4\venv\Lib\site-packages\psycopg2\pool.py", line 161, in __init__
    AbstractConnectionPool.__init__(
  File "C:\Users\Timur\Desktop\UTG\КС\cs_4\venv\Lib\site-packages\psycopg2\pool.py", line 59, in __init__
    self._connect()
  File "C:\Users\Timur\Desktop\UTG\КС\cs_4\venv\Lib\site-packages\psycopg2\pool.py", line 63, in _connect
    conn = psycopg2.connect(*self._args, **self._kwargs)
           ^^^^^^^^^^^^^^^^^^^^^^^^^^^^^^^^^^^^^^^^^^^^^
  File "C:\Users\Timur\Desktop\UTG\КС\cs_4\venv\Lib\site-packages\psycopg2\__init__.py", line 135, in connect
    conn = _connect(dsn, connection_factory=connection_factory, **kwasync)
           ^^^^^^^^^^^^^^^^^^^^^^^^^^^^^^^^^^^^^^^^^^^^^^^^^^^^^^^^^^^^^^^
psycopg2.OperationalError: connection to server at "10.1.30.164", port 5432 failed: Connection timed out (0x0000274C/10060)
	Is the server running on that host and accepting TCP/IP connections?

2026-07-03 14:03:27,863 WARNING main health: БД недоступна (ohangaron)
Traceback (most recent call last):
  File "C:\Users\Timur\Desktop\UTG\КС\cs_4\backend\main.py", line 1784, in _check_db
    with get_db_connection(cfg) as conn:
         ^^^^^^^^^^^^^^^^^^^^^^
  File "C:\Program Files\WindowsApps\PythonSoftwareFoundation.Python.3.12_3.12.2800.0_x64__qbz5n2kfra8p0\Lib\contextlib.py", line 137, in __enter__
    return next(self.gen)
           ^^^^^^^^^^^^^^
  File "C:\Users\Timur\Desktop\UTG\КС\cs_4\backend\station_config.py", line 209, in get_db_connection
    raise last_err  # type: ignore[misc]
    ^^^^^^^^^^^^^^
  File "C:\Users\Timur\Desktop\UTG\КС\cs_4\backend\station_config.py", line 200, in get_db_connection
    pool = _get_pool(cfg)
           ^^^^^^^^^^^^^^
  File "C:\Users\Timur\Desktop\UTG\КС\cs_4\backend\station_config.py", line 159, in _get_pool
    _pools[sid] = pg_pool.ThreadedConnectionPool(
                  ^^^^^^^^^^^^^^^^^^^^^^^^^^^^^^^
  File "C:\Users\Timur\Desktop\UTG\КС\cs_4\venv\Lib\site-packages\psycopg2\pool.py", line 161, in __init__
    AbstractConnectionPool.__init__(
  File "C:\Users\Timur\Desktop\UTG\КС\cs_4\venv\Lib\site-packages\psycopg2\pool.py", line 59, in __init__
    self._connect()
  File "C:\Users\Timur\Desktop\UTG\КС\cs_4\venv\Lib\site-packages\psycopg2\pool.py", line 63, in _connect
    conn = psycopg2.connect(*self._args, **self._kwargs)
           ^^^^^^^^^^^^^^^^^^^^^^^^^^^^^^^^^^^^^^^^^^^^^
  File "C:\Users\Timur\Desktop\UTG\КС\cs_4\venv\Lib\site-packages\psycopg2\__init__.py", line 135, in connect
    conn = _connect(dsn, connection_factory=connection_factory, **kwasync)
           ^^^^^^^^^^^^^^^^^^^^^^^^^^^^^^^^^^^^^^^^^^^^^^^^^^^^^^^^^^^^^^^
psycopg2.OperationalError: connection to server at "10.1.30.164", port 5432 failed: Connection timed out (0x0000274C/10060)
	Is the server running on that host and accepting TCP/IP connections?

2026-07-03 14:03:27,867 ERROR main _fetch_raw_db_series failed for tag='N/A'
Traceback (most recent call last):
  File "C:\Users\Timur\Desktop\UTG\КС\cs_4\backend\main.py", line 777, in _fetch_raw_db_series
    with get_db_connection(cfg_obj) as conn:
         ^^^^^^^^^^^^^^^^^^^^^^^^^^
  File "C:\Program Files\WindowsApps\PythonSoftwareFoundation.Python.3.12_3.12.2800.0_x64__qbz5n2kfra8p0\Lib\contextlib.py", line 137, in __enter__
    return next(self.gen)
           ^^^^^^^^^^^^^^
  File "C:\Users\Timur\Desktop\UTG\КС\cs_4\backend\station_config.py", line 209, in get_db_connection
    raise last_err  # type: ignore[misc]
    ^^^^^^^^^^^^^^
  File "C:\Users\Timur\Desktop\UTG\КС\cs_4\backend\station_config.py", line 200, in get_db_connection
    pool = _get_pool(cfg)
           ^^^^^^^^^^^^^^
  File "C:\Users\Timur\Desktop\UTG\КС\cs_4\backend\station_config.py", line 159, in _get_pool
    _pools[sid] = pg_pool.ThreadedConnectionPool(
                  ^^^^^^^^^^^^^^^^^^^^^^^^^^^^^^^
  File "C:\Users\Timur\Desktop\UTG\КС\cs_4\venv\Lib\site-packages\psycopg2\pool.py", line 161, in __init__
    AbstractConnectionPool.__init__(
  File "C:\Users\Timur\Desktop\UTG\КС\cs_4\venv\Lib\site-packages\psycopg2\pool.py", line 59, in __init__
    self._connect()
  File "C:\Users\Timur\Desktop\UTG\КС\cs_4\venv\Lib\site-packages\psycopg2\pool.py", line 63, in _connect
    conn = psycopg2.connect(*self._args, **self._kwargs)
           ^^^^^^^^^^^^^^^^^^^^^^^^^^^^^^^^^^^^^^^^^^^^^
  File "C:\Users\Timur\Desktop\UTG\КС\cs_4\venv\Lib\site-packages\psycopg2\__init__.py", line 135, in connect
    conn = _connect(dsn, connection_factory=connection_factory, **kwasync)
           ^^^^^^^^^^^^^^^^^^^^^^^^^^^^^^^^^^^^^^^^^^^^^^^^^^^^^^^^^^^^^^^
psycopg2.OperationalError: connection to server at "10.1.30.164", port 5432 failed: Connection timed out (0x0000274C/10060)
	Is the server running on that host and accepting TCP/IP connections?

INFO:     127.0.0.1:61049 - "GET /api/health HTTP/1.1" 503 Service Unavailable
❌ Ошибка: connection to server at "10.1.30.164", port 5432 failed: Connection timed out (0x0000274C/10060)
	Is the server running on that host and accepting TCP/IP connections?

  ℹ️ Новых срезов в БД пока нет

⏳ Ожидание 5 мин...
INFO:     127.0.0.1:58152 - "GET /api/stations/ohangaron/sensors/polytropic_head__GPA1/chart?days=30 HTTP/1.1" 200 OK
INFO:     127.0.0.1:54292 - "GET /api/stations/ohangaron/sensors/vibro_rear_support__GPA3/chart?days=30 HTTP/1.1" 200 OK

============================================================
🔄 Обновление #5 (14:09:31)
🔄 ОБНОВЛЕНИЕ: Запрос данных после 2026-07-03 08:46:19.363430+00:00...
❌ Ошибка: connection to server at "10.1.30.164", port 5432 failed: Connection timed out (0x0000274C/10060)
	Is the server running on that host and accepting TCP/IP connections?

  ℹ️ Новых срезов в БД пока нет

⏳ Ожидание 5 мин...

============================================================
🔄 Обновление #6 (14:15:43)
🔄 ОБНОВЛЕНИЕ: Запрос данных после 2026-07-03 08:46:19.363430+00:00...
❌ Ошибка: connection to server at "10.1.30.164", port 5432 failed: Connection timed out (0x0000274C/10060)
	Is the server running on that host and accepting TCP/IP connections?

  ℹ️ Новых срезов в БД пока нет

⏳ Ожидание 5 мин...

============================================================
🔄 Обновление #7 (14:21:56)
🔄 ОБНОВЛЕНИЕ: Запрос данных после 2026-07-03 08:46:19.363430+00:00...
❌ Ошибка: connection to server at "10.1.30.164", port 5432 failed: Connection timed out (0x0000274C/10060)
	Is the server running on that host and accepting TCP/IP connections?

  ℹ️ Новых срезов в БД пока нет

⏳ Ожидание 5 мин...

============================================================
🔄 Обновление #8 (14:28:08)
🔄 ОБНОВЛЕНИЕ: Запрос данных после 2026-07-03 08:46:19.363430+00:00...
❌ Ошибка: connection to server at "10.1.30.164", port 5432 failed: Connection timed out (0x0000274C/10060)
	Is the server running on that host and accepting TCP/IP connections?

  ℹ️ Новых срезов в БД пока нет

⏳ Ожидание 5 мин...

============================================================
🔄 Обновление #9 (14:34:20)
🔄 ОБНОВЛЕНИЕ: Запрос данных после 2026-07-03 08:46:19.363430+00:00...
❌ Ошибка: connection to server at "10.1.30.164", port 5432 failed: Connection timed out (0x0000274C/10060)
	Is the server running on that host and accepting TCP/IP connections?

  ℹ️ Новых срезов в БД пока нет

⏳ Ожидание 5 мин...

============================================================
🔄 Обновление #10 (14:40:32)
🔄 ОБНОВЛЕНИЕ: Запрос данных после 2026-07-03 08:46:19.363430+00:00...
❌ Ошибка: connection to server at "10.1.30.164", port 5432 failed: Connection timed out (0x0000274C/10060)
	Is the server running on that host and accepting TCP/IP connections?

  ℹ️ Новых срезов в БД пока нет

⏳ Ожидание 5 мин...

============================================================
🔄 Обновление #11 (14:46:45)
🔄 ОБНОВЛЕНИЕ: Запрос данных после 2026-07-03 08:46:19.363430+00:00...
INFO:     127.0.0.1:60591 - "GET /api/stations HTTP/1.1" 200 OK
INFO:     127.0.0.1:60592 - "GET /api/stations/ohangaron/sensors HTTP/1.1" 200 OK
INFO:     127.0.0.1:60593 - "GET /api/stations/ohangaron/stats HTTP/1.1" 200 OK
INFO:     127.0.0.1:60595 - "GET /api/stations/ohangaron/heatmap HTTP/1.1" 200 OK
INFO:     127.0.0.1:49909 - "GET /api/stations HTTP/1.1" 200 OK
INFO:     127.0.0.1:52369 - "GET /api/stations/ohangaron/stats HTTP/1.1" 200 OK
INFO:     127.0.0.1:52370 - "GET /api/stations/ohangaron/sensors HTTP/1.1" 200 OK
INFO:     127.0.0.1:53648 - "GET /api/stations/ohangaron/heatmap HTTP/1.1" 200 OK
❌ Ошибка: connection to server at "10.1.30.164", port 5432 failed: Connection timed out (0x0000274C/10060)
	Is the server running on that host and accepting TCP/IP connections?

  ℹ️ Новых срезов в БД пока нет

⏳ Ожидание 5 мин...
INFO:     127.0.0.1:60594 - "GET /api/stations/ohangaron/events HTTP/1.1" 200 OK
2026-07-03 14:51:40,152 ERROR main _fetch_raw_db_series failed for tag='N/A'
Traceback (most recent call last):
  File "C:\Users\Timur\Desktop\UTG\КС\cs_4\backend\main.py", line 777, in _fetch_raw_db_series
    with get_db_connection(cfg_obj) as conn:
         ^^^^^^^^^^^^^^^^^^^^^^^^^^
  File "C:\Program Files\WindowsApps\PythonSoftwareFoundation.Python.3.12_3.12.2800.0_x64__qbz5n2kfra8p0\Lib\contextlib.py", line 137, in __enter__
    return next(self.gen)
           ^^^^^^^^^^^^^^
  File "C:\Users\Timur\Desktop\UTG\КС\cs_4\backend\station_config.py", line 209, in get_db_connection
    raise last_err  # type: ignore[misc]
    ^^^^^^^^^^^^^^
  File "C:\Users\Timur\Desktop\UTG\КС\cs_4\backend\station_config.py", line 200, in get_db_connection
    pool = _get_pool(cfg)
           ^^^^^^^^^^^^^^
  File "C:\Users\Timur\Desktop\UTG\КС\cs_4\backend\station_config.py", line 159, in _get_pool
    _pools[sid] = pg_pool.ThreadedConnectionPool(
                  ^^^^^^^^^^^^^^^^^^^^^^^^^^^^^^^
  File "C:\Users\Timur\Desktop\UTG\КС\cs_4\venv\Lib\site-packages\psycopg2\pool.py", line 161, in __init__
    AbstractConnectionPool.__init__(
  File "C:\Users\Timur\Desktop\UTG\КС\cs_4\venv\Lib\site-packages\psycopg2\pool.py", line 59, in __init__
    self._connect()
  File "C:\Users\Timur\Desktop\UTG\КС\cs_4\venv\Lib\site-packages\psycopg2\pool.py", line 63, in _connect
    conn = psycopg2.connect(*self._args, **self._kwargs)
           ^^^^^^^^^^^^^^^^^^^^^^^^^^^^^^^^^^^^^^^^^^^^^
  File "C:\Users\Timur\Desktop\UTG\КС\cs_4\venv\Lib\site-packages\psycopg2\__init__.py", line 135, in connect
    conn = _connect(dsn, connection_factory=connection_factory, **kwasync)
           ^^^^^^^^^^^^^^^^^^^^^^^^^^^^^^^^^^^^^^^^^^^^^^^^^^^^^^^^^^^^^^^
psycopg2.OperationalError: connection to server at "10.1.30.164", port 5432 failed: Connection timed out (0x0000274C/10060)
	Is the server running on that host and accepting TCP/IP connections?

2026-07-03 14:52:22,247 WARNING main health: БД недоступна (ohangaron)
Traceback (most recent call last):
  File "C:\Users\Timur\Desktop\UTG\КС\cs_4\backend\main.py", line 1784, in _check_db
    with get_db_connection(cfg) as conn:
         ^^^^^^^^^^^^^^^^^^^^^^
  File "C:\Program Files\WindowsApps\PythonSoftwareFoundation.Python.3.12_3.12.2800.0_x64__qbz5n2kfra8p0\Lib\contextlib.py", line 137, in __enter__
    return next(self.gen)
           ^^^^^^^^^^^^^^
  File "C:\Users\Timur\Desktop\UTG\КС\cs_4\backend\station_config.py", line 209, in get_db_connection
    raise last_err  # type: ignore[misc]
    ^^^^^^^^^^^^^^
  File "C:\Users\Timur\Desktop\UTG\КС\cs_4\backend\station_config.py", line 200, in get_db_connection
    pool = _get_pool(cfg)
           ^^^^^^^^^^^^^^
  File "C:\Users\Timur\Desktop\UTG\КС\cs_4\backend\station_config.py", line 159, in _get_pool
    _pools[sid] = pg_pool.ThreadedConnectionPool(
                  ^^^^^^^^^^^^^^^^^^^^^^^^^^^^^^^
  File "C:\Users\Timur\Desktop\UTG\КС\cs_4\venv\Lib\site-packages\psycopg2\pool.py", line 161, in __init__
    AbstractConnectionPool.__init__(
  File "C:\Users\Timur\Desktop\UTG\КС\cs_4\venv\Lib\site-packages\psycopg2\pool.py", line 59, in __init__
    self._connect()
  File "C:\Users\Timur\Desktop\UTG\КС\cs_4\venv\Lib\site-packages\psycopg2\pool.py", line 63, in _connect
    conn = psycopg2.connect(*self._args, **self._kwargs)
           ^^^^^^^^^^^^^^^^^^^^^^^^^^^^^^^^^^^^^^^^^^^^^
  File "C:\Users\Timur\Desktop\UTG\КС\cs_4\venv\Lib\site-packages\psycopg2\__init__.py", line 135, in connect
    conn = _connect(dsn, connection_factory=connection_factory, **kwasync)
           ^^^^^^^^^^^^^^^^^^^^^^^^^^^^^^^^^^^^^^^^^^^^^^^^^^^^^^^^^^^^^^^
psycopg2.OperationalError: connection to server at "10.1.30.164", port 5432 failed: Connection timed out (0x0000274C/10060)
	Is the server running on that host and accepting TCP/IP connections?

INFO:     127.0.0.1:60596 - "GET /api/health HTTP/1.1" 503 Service Unavailable
2026-07-03 14:53:49,441 ERROR main _fetch_raw_db_series failed for tag='GPA-1.GPA-1.VT202.PV'
Traceback (most recent call last):
  File "C:\Users\Timur\Desktop\UTG\КС\cs_4\backend\main.py", line 777, in _fetch_raw_db_series
    with get_db_connection(cfg_obj) as conn:
         ^^^^^^^^^^^^^^^^^^^^^^^^^^
  File "C:\Program Files\WindowsApps\PythonSoftwareFoundation.Python.3.12_3.12.2800.0_x64__qbz5n2kfra8p0\Lib\contextlib.py", line 137, in __enter__
    return next(self.gen)
           ^^^^^^^^^^^^^^
  File "C:\Users\Timur\Desktop\UTG\КС\cs_4\backend\station_config.py", line 209, in get_db_connection
    raise last_err  # type: ignore[misc]
    ^^^^^^^^^^^^^^
  File "C:\Users\Timur\Desktop\UTG\КС\cs_4\backend\station_config.py", line 200, in get_db_connection
    pool = _get_pool(cfg)
           ^^^^^^^^^^^^^^
  File "C:\Users\Timur\Desktop\UTG\КС\cs_4\backend\station_config.py", line 159, in _get_pool
    _pools[sid] = pg_pool.ThreadedConnectionPool(
                  ^^^^^^^^^^^^^^^^^^^^^^^^^^^^^^^
  File "C:\Users\Timur\Desktop\UTG\КС\cs_4\venv\Lib\site-packages\psycopg2\pool.py", line 161, in __init__
    AbstractConnectionPool.__init__(
  File "C:\Users\Timur\Desktop\UTG\КС\cs_4\venv\Lib\site-packages\psycopg2\pool.py", line 59, in __init__
    self._connect()
  File "C:\Users\Timur\Desktop\UTG\КС\cs_4\venv\Lib\site-packages\psycopg2\pool.py", line 63, in _connect
    conn = psycopg2.connect(*self._args, **self._kwargs)
           ^^^^^^^^^^^^^^^^^^^^^^^^^^^^^^^^^^^^^^^^^^^^^
  File "C:\Users\Timur\Desktop\UTG\КС\cs_4\venv\Lib\site-packages\psycopg2\__init__.py", line 135, in connect
    conn = _connect(dsn, connection_factory=connection_factory, **kwasync)
           ^^^^^^^^^^^^^^^^^^^^^^^^^^^^^^^^^^^^^^^^^^^^^^^^^^^^^^^^^^^^^^^
psycopg2.OperationalError: connection to server at "10.1.30.164", port 5432 failed: Connection timed out (0x0000274C/10060)
	Is the server running on that host and accepting TCP/IP connections?

2026-07-03 14:53:49,442 ERROR main _fetch_raw_db_series failed for tag='GPA-1.GPA-1.VT204.PV'
Traceback (most recent call last):
  File "C:\Users\Timur\Desktop\UTG\КС\cs_4\backend\main.py", line 777, in _fetch_raw_db_series
    with get_db_connection(cfg_obj) as conn:
         ^^^^^^^^^^^^^^^^^^^^^^^^^^
  File "C:\Program Files\WindowsApps\PythonSoftwareFoundation.Python.3.12_3.12.2800.0_x64__qbz5n2kfra8p0\Lib\contextlib.py", line 137, in __enter__
    return next(self.gen)
           ^^^^^^^^^^^^^^
  File "C:\Users\Timur\Desktop\UTG\КС\cs_4\backend\station_config.py", line 209, in get_db_connection
    raise last_err  # type: ignore[misc]
    ^^^^^^^^^^^^^^
  File "C:\Users\Timur\Desktop\UTG\КС\cs_4\backend\station_config.py", line 200, in get_db_connection
    pool = _get_pool(cfg)
           ^^^^^^^^^^^^^^
  File "C:\Users\Timur\Desktop\UTG\КС\cs_4\backend\station_config.py", line 159, in _get_pool
    _pools[sid] = pg_pool.ThreadedConnectionPool(
                  ^^^^^^^^^^^^^^^^^^^^^^^^^^^^^^^
  File "C:\Users\Timur\Desktop\UTG\КС\cs_4\venv\Lib\site-packages\psycopg2\pool.py", line 161, in __init__
    AbstractConnectionPool.__init__(
  File "C:\Users\Timur\Desktop\UTG\КС\cs_4\venv\Lib\site-packages\psycopg2\pool.py", line 59, in __init__
    self._connect()
  File "C:\Users\Timur\Desktop\UTG\КС\cs_4\venv\Lib\site-packages\psycopg2\pool.py", line 63, in _connect
    conn = psycopg2.connect(*self._args, **self._kwargs)
           ^^^^^^^^^^^^^^^^^^^^^^^^^^^^^^^^^^^^^^^^^^^^^
  File "C:\Users\Timur\Desktop\UTG\КС\cs_4\venv\Lib\site-packages\psycopg2\__init__.py", line 135, in connect
    conn = _connect(dsn, connection_factory=connection_factory, **kwasync)
           ^^^^^^^^^^^^^^^^^^^^^^^^^^^^^^^^^^^^^^^^^^^^^^^^^^^^^^^^^^^^^^^
psycopg2.OperationalError: connection to server at "10.1.30.164", port 5432 failed: Connection timed out (0x0000274C/10060)
	Is the server running on that host and accepting TCP/IP connections?


============================================================
🔄 Обновление #12 (14:55:58)
🔄 ОБНОВЛЕНИЕ: Запрос данных после 2026-07-03 08:46:19.363430+00:00...
❌ Ошибка: connection to server at "10.1.30.164", port 5432 failed: Connection timed out (0x0000274C/10060)
	Is the server running on that host and accepting TCP/IP connections?

  ℹ️ Новых срезов в БД пока нет

⏳ Ожидание 5 мин...
INFO:     127.0.0.1:62143 - "GET /api/stations/ohangaron/sensors/polytropic_head__GPA1/chart?days=30 HTTP/1.1" 200 OK
INFO:     127.0.0.1:53980 - "GET /api/stations/ohangaron/sensors/vibro_rotor_front_vert__GPA1/chart?days=30 HTTP/1.1" 200 OK
INFO:     127.0.0.1:58629 - "GET /api/stations/ohangaron/sensors/vibro_disp_rotor_rear_vert__GPA1/chart?days=30 HTTP/1.1" 200 OK

============================================================
🔄 Обновление #13 (15:04:49)
🔄 ОБНОВЛЕНИЕ: Запрос данных после 2026-07-03 08:46:19.363430+00:00...
❌ Ошибка: connection to server at "10.1.30.164", port 5432 failed: Connection timed out (0x0000274C/10060)
	Is the server running on that host and accepting TCP/IP connections?

  ℹ️ Новых срезов в БД пока нет

⏳ Ожидание 5 мин...

============================================================
🔄 Обновление #14 (15:11:02)
🔄 ОБНОВЛЕНИЕ: Запрос данных после 2026-07-03 08:46:19.363430+00:00...
❌ Ошибка: connection to server at "10.1.30.164", port 5432 failed: Connection timed out (0x0000274C/10060)
	Is the server running on that host and accepting TCP/IP connections?

  ℹ️ Новых срезов в БД пока нет

⏳ Ожидание 5 мин...
