2026-06-15 14:24:25 🏭 Станция: Охангаронская КС (ohangaron)
2026-06-15 14:24:25   ✅ ax202.pv: загружена
2026-06-15 14:24:25   ✅ gc_com2.pv: загружена
2026-06-15 14:24:25   ✅ gc_cover.pv: загружена
2026-06-15 14:24:25   ✅ gc_fg7001.pv: загружена
2026-06-15 14:24:25   ✅ gc_uptg.pv: загружена
2026-06-15 14:24:25   ✅ pd.pv: загружена
2026-06-15 14:24:25   ✅ pe101.pv: загружена
2026-06-15 14:24:25   ✅ pg_airc.pv: загружена
2026-06-15 14:24:25   ✅ program:flowcalc.tot_unit.in: загружена
2026-06-15 14:24:25   ✅ ps.pv: загружена
2026-06-15 14:24:25   ✅ td.pv: загружена
2026-06-15 14:24:25   ✅ te221.pv: загружена
2026-06-15 14:24:25   ✅ te222.pv: загружена
2026-06-15 14:24:25   ✅ te51.pv: загружена
2026-06-15 14:24:25   ✅ te52.pv: загружена
2026-06-15 14:24:25   ✅ te54.pv: загружена
2026-06-15 14:24:25   ✅ ts.pv: загружена
2026-06-15 14:24:25   ✅ t_airc_out.pv: загружена
2026-06-15 14:24:25   ✅ vt101.pv: загружена
2026-06-15 14:24:25   ✅ vt102.pv: загружена
2026-06-15 14:24:25   ✅ vt103.pv: загружена
2026-06-15 14:24:25   ✅ vt201.pv: загружена
2026-06-15 14:24:25   ✅ vt202.pv: загружена
2026-06-15 14:24:25   ✅ vt203.pv: загружена
2026-06-15 14:24:25   ✅ vt204.pv: загружена
2026-06-15 14:24:25   ✅ gt01.ctrl.in[1].value: загружена
2026-06-15 14:24:25   ✅ gt01.ctrl.in[2].value: загружена
2026-06-15 14:24:25   ✅ gt01.ctrl.in[5].value: загружена
2026-06-15 14:24:25   ✅ asv_in.pv: загружена
2026-06-15 14:24:25   ✅ ax201.pv: загружена
2026-06-15 14:24:25   ✅ ax202.pv: загружена
2026-06-15 14:24:25   ✅ gc_cover.pv: загружена
2026-06-15 14:24:25   ✅ pd.pv: загружена
2026-06-15 14:24:25   ✅ pe101.pv: загружена
2026-06-15 14:24:25   ✅ pg_airc.pv: загружена
2026-06-15 14:24:25   ✅ program:flowcalc.tot_unit.in: загружена
2026-06-15 14:24:25   ✅ ps.pv: загружена
2026-06-15 14:24:25   ✅ states_gpa.7: загружена
2026-06-15 14:24:25   ✅ states_gtd.0: загружена
2026-06-15 14:24:25   ✅ states_gtd.5: загружена
2026-06-15 14:24:25   ✅ td.pv: загружена
2026-06-15 14:24:25   ✅ te221.pv: загружена
2026-06-15 14:24:25   ✅ te222.pv: загружена
2026-06-15 14:24:25   ✅ te223.pv: загружена
2026-06-15 14:24:25   ✅ te224.pv: загружена
2026-06-15 14:24:25   ✅ te51.pv: загружена
2026-06-15 14:24:25   ✅ te52.pv: загружена
2026-06-15 14:24:25   ✅ te54.pv: загружена
2026-06-15 14:24:25   ✅ ts.pv: загружена
2026-06-15 14:24:25   ✅ t_airc_out.pv: загружена
2026-06-15 14:24:25   ✅ vt101.pv: загружена
2026-06-15 14:24:25   ✅ vt102.pv: загружена
2026-06-15 14:24:25   ✅ vt103.pv: загружена
2026-06-15 14:24:25   ✅ vt201.pv: загружена
2026-06-15 14:24:25   ✅ vt202.pv: загружена
2026-06-15 14:24:25   ✅ vt203.pv: загружена
2026-06-15 14:24:25   ✅ vt204.pv: загружена
2026-06-15 14:24:25   ✅ gt01.ctrl.in[1].value: загружена
2026-06-15 14:24:25   ✅ gt01.ctrl.in[2].value: загружена
2026-06-15 14:24:25   ✅ gt01.ctrl.in[5].value: загружена
2026-06-15 14:24:25   ✅ asv_in.pv: загружена
2026-06-15 14:24:25   ✅ ax201.pv: загружена
2026-06-15 14:24:25   ✅ ax202.pv: загружена
2026-06-15 14:24:25   ✅ gc_bfs.pv: загружена
2026-06-15 14:24:25   ✅ gc_bftg.pv: загружена
2026-06-15 14:24:25   ✅ gc_com1.pv: загружена
2026-06-15 14:24:25   ✅ gc_com2.pv: загружена
2026-06-15 14:24:25   ✅ gc_cover.pv: загружена
2026-06-15 14:24:25   ✅ gc_fcv.pv: загружена
2026-06-15 14:24:25   ✅ gc_uptg.pv: загружена
2026-06-15 14:24:25   ✅ pd.pv: загружена
2026-06-15 14:24:25   ✅ pe101.pv: загружена
2026-06-15 14:24:25   ✅ pg_airc.pv: загружена
2026-06-15 14:24:25   ✅ program:flowcalc.tot_unit.in: загружена
2026-06-15 14:24:25   ✅ ps.pv: загружена
2026-06-15 14:24:25   ✅ states_gpa.7: загружена
2026-06-15 14:24:25   ✅ states_gtd.0: загружена
2026-06-15 14:24:25   ✅ states_gtd.5: загружена
2026-06-15 14:24:25   ✅ td.pv: загружена
2026-06-15 14:24:25   ✅ te221.pv: загружена
2026-06-15 14:24:25   ✅ te222.pv: загружена
2026-06-15 14:24:25   ✅ te223.pv: загружена
2026-06-15 14:24:25   ✅ te224.pv: загружена
2026-06-15 14:24:25   ✅ te51.pv: загружена
2026-06-15 14:24:25   ✅ te52.pv: загружена
2026-06-15 14:24:25   ✅ te54.pv: загружена
2026-06-15 14:24:25   ✅ ts.pv: загружена
2026-06-15 14:24:25   ✅ t_airc_out.pv: загружена
2026-06-15 14:24:25   ✅ vt101.pv: загружена
2026-06-15 14:24:25   ✅ vt102.pv: загружена
2026-06-15 14:24:25   ✅ vt103.pv: загружена
2026-06-15 14:24:25   ✅ vt201.pv: загружена
2026-06-15 14:24:25   ✅ vt202.pv: загружена
2026-06-15 14:24:25   ✅ vt203.pv: загружена
2026-06-15 14:24:25   ✅ vt204.pv: загружена
2026-06-15 14:24:25   ✅ gt01.ctrl.in[1].value: загружена
2026-06-15 14:24:25   ✅ gt01.ctrl.in[2].value: загружена
2026-06-15 14:24:25   ✅ gt01.ctrl.in[5].value: загружена
2026-06-15 14:24:25 🔁 Бэкафилл health: 2026-06-08 00:00:00+00:00 → 2026-06-15 09:24:25.594734+00:00, окно 30д, перекрытие 1д, журнал=нет
2026-06-15 14:29:55   📍 ГПА-1: смены режима (0): []
2026-06-15 14:29:55   📍 ГПА-2: смены режима (0): []
2026-06-15 14:29:56   📍 ГПА-3: смены режима (0): []
2026-06-15 14:40:00 🏭 Станция: Охангаронская КС (ohangaron)
2026-06-15 14:40:00   ✅ ax202.pv: загружена
2026-06-15 14:40:00   ✅ gc_com2.pv: загружена
2026-06-15 14:40:00   ✅ gc_cover.pv: загружена
2026-06-15 14:40:00   ✅ gc_fg7001.pv: загружена
2026-06-15 14:40:00   ✅ gc_uptg.pv: загружена
2026-06-15 14:40:00   ✅ pd.pv: загружена
2026-06-15 14:40:00   ✅ pe101.pv: загружена
2026-06-15 14:40:00   ✅ pg_airc.pv: загружена
2026-06-15 14:40:00   ✅ program:flowcalc.tot_unit.in: загружена
2026-06-15 14:40:00   ✅ ps.pv: загружена
2026-06-15 14:40:00   ✅ td.pv: загружена
2026-06-15 14:40:00   ✅ te221.pv: загружена
2026-06-15 14:40:00   ✅ te222.pv: загружена
2026-06-15 14:40:00   ✅ te51.pv: загружена
2026-06-15 14:40:00   ✅ te52.pv: загружена
2026-06-15 14:40:00   ✅ te54.pv: загружена
2026-06-15 14:40:00   ✅ ts.pv: загружена
2026-06-15 14:40:00   ✅ t_airc_out.pv: загружена
2026-06-15 14:40:00   ✅ vt101.pv: загружена
2026-06-15 14:40:00   ✅ vt102.pv: загружена
2026-06-15 14:40:00   ✅ vt103.pv: загружена
2026-06-15 14:40:00   ✅ vt201.pv: загружена
2026-06-15 14:40:00   ✅ vt202.pv: загружена
2026-06-15 14:40:00   ✅ vt203.pv: загружена
2026-06-15 14:40:00   ✅ vt204.pv: загружена
2026-06-15 14:40:00   ✅ gt01.ctrl.in[1].value: загружена
2026-06-15 14:40:00   ✅ gt01.ctrl.in[2].value: загружена
2026-06-15 14:40:00   ✅ gt01.ctrl.in[5].value: загружена
2026-06-15 14:40:00   ✅ asv_in.pv: загружена
2026-06-15 14:40:00   ✅ ax201.pv: загружена
2026-06-15 14:40:00   ✅ ax202.pv: загружена
2026-06-15 14:40:00   ✅ gc_cover.pv: загружена
2026-06-15 14:40:00   ✅ pd.pv: загружена
2026-06-15 14:40:00   ✅ pe101.pv: загружена
2026-06-15 14:40:00   ✅ pg_airc.pv: загружена
2026-06-15 14:40:00   ✅ program:flowcalc.tot_unit.in: загружена
2026-06-15 14:40:00   ✅ ps.pv: загружена
2026-06-15 14:40:00   ✅ states_gpa.7: загружена
2026-06-15 14:40:00   ✅ states_gtd.0: загружена
2026-06-15 14:40:00   ✅ states_gtd.5: загружена
2026-06-15 14:40:00   ✅ td.pv: загружена
2026-06-15 14:40:00   ✅ te221.pv: загружена
2026-06-15 14:40:00   ✅ te222.pv: загружена
2026-06-15 14:40:00   ✅ te223.pv: загружена
2026-06-15 14:40:00   ✅ te224.pv: загружена
2026-06-15 14:40:00   ✅ te51.pv: загружена
2026-06-15 14:40:00   ✅ te52.pv: загружена
2026-06-15 14:40:00   ✅ te54.pv: загружена
2026-06-15 14:40:00   ✅ ts.pv: загружена
2026-06-15 14:40:00   ✅ t_airc_out.pv: загружена
2026-06-15 14:40:00   ✅ vt101.pv: загружена
2026-06-15 14:40:00   ✅ vt102.pv: загружена
2026-06-15 14:40:00   ✅ vt103.pv: загружена
2026-06-15 14:40:00   ✅ vt201.pv: загружена
2026-06-15 14:40:00   ✅ vt202.pv: загружена
2026-06-15 14:40:00   ✅ vt203.pv: загружена
2026-06-15 14:40:00   ✅ vt204.pv: загружена
2026-06-15 14:40:00   ✅ gt01.ctrl.in[1].value: загружена
2026-06-15 14:40:00   ✅ gt01.ctrl.in[2].value: загружена
2026-06-15 14:40:00   ✅ gt01.ctrl.in[5].value: загружена
2026-06-15 14:40:00   ✅ asv_in.pv: загружена
2026-06-15 14:40:00   ✅ ax201.pv: загружена
2026-06-15 14:40:01   ✅ ax202.pv: загружена
2026-06-15 14:40:01   ✅ gc_bfs.pv: загружена
2026-06-15 14:40:01   ✅ gc_bftg.pv: загружена
2026-06-15 14:40:01   ✅ gc_com1.pv: загружена
2026-06-15 14:40:01   ✅ gc_com2.pv: загружена
2026-06-15 14:40:01   ✅ gc_cover.pv: загружена
2026-06-15 14:40:01   ✅ gc_fcv.pv: загружена
2026-06-15 14:40:01   ✅ gc_uptg.pv: загружена
2026-06-15 14:40:01   ✅ pd.pv: загружена
2026-06-15 14:40:01   ✅ pe101.pv: загружена
2026-06-15 14:40:01   ✅ pg_airc.pv: загружена
2026-06-15 14:40:01   ✅ program:flowcalc.tot_unit.in: загружена
2026-06-15 14:40:01   ✅ ps.pv: загружена
2026-06-15 14:40:01   ✅ states_gpa.7: загружена
2026-06-15 14:40:01   ✅ states_gtd.0: загружена
2026-06-15 14:40:01   ✅ states_gtd.5: загружена
2026-06-15 14:40:01   ✅ td.pv: загружена
2026-06-15 14:40:01   ✅ te221.pv: загружена
2026-06-15 14:40:01   ✅ te222.pv: загружена
2026-06-15 14:40:01   ✅ te223.pv: загружена
2026-06-15 14:40:01   ✅ te224.pv: загружена
2026-06-15 14:40:01   ✅ te51.pv: загружена
2026-06-15 14:40:01   ✅ te52.pv: загружена
2026-06-15 14:40:01   ✅ te54.pv: загружена
2026-06-15 14:40:01   ✅ ts.pv: загружена
2026-06-15 14:40:01   ✅ t_airc_out.pv: загружена
2026-06-15 14:40:01   ✅ vt101.pv: загружена
2026-06-15 14:40:01   ✅ vt102.pv: загружена
2026-06-15 14:40:01   ✅ vt103.pv: загружена
2026-06-15 14:40:01   ✅ vt201.pv: загружена
2026-06-15 14:40:01   ✅ vt202.pv: загружена
2026-06-15 14:40:01   ✅ vt203.pv: загружена
2026-06-15 14:40:01   ✅ vt204.pv: загружена
2026-06-15 14:40:01   ✅ gt01.ctrl.in[1].value: загружена
2026-06-15 14:40:01   ✅ gt01.ctrl.in[2].value: загружена
2026-06-15 14:40:01   ✅ gt01.ctrl.in[5].value: загружена
2026-06-15 14:40:01 🔁 Бэкафилл health: 2026-06-13 00:00:00+00:00 → 2026-06-15 09:40:01.119373+00:00, окно 30д, перекрытие 1д, журнал=нет
2026-06-15 14:41:34   📍 ГПА-1: смены режима (0): []
2026-06-15 14:41:34   📍 ГПА-2: смены режима (0): []
2026-06-15 14:41:34   📍 ГПА-3: смены режима (0): []
2026-06-15 15:19:45 🏭 Станция: Охангаронская КС (ohangaron)
2026-06-15 15:19:45   ✅ ax202.pv: загружена
2026-06-15 15:19:45   ✅ gc_com2.pv: загружена
2026-06-15 15:19:45   ✅ gc_cover.pv: загружена
2026-06-15 15:19:45   ✅ gc_fg7001.pv: загружена
2026-06-15 15:19:45   ✅ gc_uptg.pv: загружена
2026-06-15 15:19:45   ✅ pd.pv: загружена
2026-06-15 15:19:45   ✅ pe101.pv: загружена
2026-06-15 15:19:45   ✅ pg_airc.pv: загружена
2026-06-15 15:19:45   ✅ program:flowcalc.tot_unit.in: загружена
2026-06-15 15:19:45   ✅ ps.pv: загружена
2026-06-15 15:19:45   ✅ td.pv: загружена
2026-06-15 15:19:45   ✅ te221.pv: загружена
2026-06-15 15:19:45   ✅ te222.pv: загружена
2026-06-15 15:19:46   ✅ te51.pv: загружена
2026-06-15 15:19:46   ✅ te52.pv: загружена
2026-06-15 15:19:46   ✅ te54.pv: загружена
2026-06-15 15:19:46   ✅ ts.pv: загружена
2026-06-15 15:19:46   ✅ t_airc_out.pv: загружена
2026-06-15 15:19:46   ✅ vt101.pv: загружена
2026-06-15 15:19:46   ✅ vt102.pv: загружена
2026-06-15 15:19:46   ✅ vt103.pv: загружена
2026-06-15 15:19:46   ✅ vt201.pv: загружена
2026-06-15 15:19:46   ✅ vt202.pv: загружена
2026-06-15 15:19:46   ✅ vt203.pv: загружена
2026-06-15 15:19:46   ✅ vt204.pv: загружена
2026-06-15 15:19:46   ✅ gt01.ctrl.in[1].value: загружена
2026-06-15 15:19:46   ✅ gt01.ctrl.in[2].value: загружена
2026-06-15 15:19:46   ✅ gt01.ctrl.in[5].value: загружена
2026-06-15 15:19:46   ✅ asv_in.pv: загружена
2026-06-15 15:19:46   ✅ ax201.pv: загружена
2026-06-15 15:19:46   ✅ ax202.pv: загружена
2026-06-15 15:19:46   ✅ gc_cover.pv: загружена
2026-06-15 15:19:46   ✅ pd.pv: загружена
2026-06-15 15:19:46   ✅ pe101.pv: загружена
2026-06-15 15:19:46   ✅ pg_airc.pv: загружена
2026-06-15 15:19:46   ✅ program:flowcalc.tot_unit.in: загружена
2026-06-15 15:19:46   ✅ ps.pv: загружена
2026-06-15 15:19:46   ✅ states_gpa.7: загружена
2026-06-15 15:19:46   ✅ states_gtd.0: загружена
2026-06-15 15:19:46   ✅ states_gtd.5: загружена
2026-06-15 15:19:46   ✅ td.pv: загружена
2026-06-15 15:19:46   ✅ te221.pv: загружена
2026-06-15 15:19:46   ✅ te222.pv: загружена
2026-06-15 15:19:46   ✅ te223.pv: загружена
2026-06-15 15:19:46   ✅ te224.pv: загружена
2026-06-15 15:19:46   ✅ te51.pv: загружена
2026-06-15 15:19:46   ✅ te52.pv: загружена
2026-06-15 15:19:46   ✅ te54.pv: загружена
2026-06-15 15:19:46   ✅ ts.pv: загружена
2026-06-15 15:19:46   ✅ t_airc_out.pv: загружена
2026-06-15 15:19:46   ✅ vt101.pv: загружена
2026-06-15 15:19:46   ✅ vt102.pv: загружена
2026-06-15 15:19:46   ✅ vt103.pv: загружена
2026-06-15 15:19:46   ✅ vt201.pv: загружена
2026-06-15 15:19:46   ✅ vt202.pv: загружена
2026-06-15 15:19:46   ✅ vt203.pv: загружена
2026-06-15 15:19:46   ✅ vt204.pv: загружена
2026-06-15 15:19:46   ✅ gt01.ctrl.in[1].value: загружена
2026-06-15 15:19:46   ✅ gt01.ctrl.in[2].value: загружена
2026-06-15 15:19:46   ✅ gt01.ctrl.in[5].value: загружена
2026-06-15 15:19:46   ✅ asv_in.pv: загружена
2026-06-15 15:19:46   ✅ ax201.pv: загружена
2026-06-15 15:19:46   ✅ ax202.pv: загружена
2026-06-15 15:19:46   ✅ gc_bfs.pv: загружена
2026-06-15 15:19:46   ✅ gc_bftg.pv: загружена
2026-06-15 15:19:46   ✅ gc_com1.pv: загружена
2026-06-15 15:19:46   ✅ gc_com2.pv: загружена
2026-06-15 15:19:46   ✅ gc_cover.pv: загружена
2026-06-15 15:19:46   ✅ gc_fcv.pv: загружена
2026-06-15 15:19:46   ✅ gc_uptg.pv: загружена
2026-06-15 15:19:46   ✅ pd.pv: загружена
2026-06-15 15:19:46   ✅ pe101.pv: загружена
2026-06-15 15:19:46   ✅ pg_airc.pv: загружена
2026-06-15 15:19:46   ✅ program:flowcalc.tot_unit.in: загружена
2026-06-15 15:19:46   ✅ ps.pv: загружена
2026-06-15 15:19:46   ✅ states_gpa.7: загружена
2026-06-15 15:19:46   ✅ states_gtd.0: загружена
2026-06-15 15:19:46   ✅ states_gtd.5: загружена
2026-06-15 15:19:46   ✅ td.pv: загружена
2026-06-15 15:19:46   ✅ te221.pv: загружена
2026-06-15 15:19:46   ✅ te222.pv: загружена
2026-06-15 15:19:46   ✅ te223.pv: загружена
2026-06-15 15:19:46   ✅ te224.pv: загружена
2026-06-15 15:19:46   ✅ te51.pv: загружена
2026-06-15 15:19:46   ✅ te52.pv: загружена
2026-06-15 15:19:46   ✅ te54.pv: загружена
2026-06-15 15:19:46   ✅ ts.pv: загружена
2026-06-15 15:19:46   ✅ t_airc_out.pv: загружена
2026-06-15 15:19:46   ✅ vt101.pv: загружена
2026-06-15 15:19:46   ✅ vt102.pv: загружена
2026-06-15 15:19:46   ✅ vt103.pv: загружена
2026-06-15 15:19:46   ✅ vt201.pv: загружена
2026-06-15 15:19:46   ✅ vt202.pv: загружена
2026-06-15 15:19:46   ✅ vt203.pv: загружена
2026-06-15 15:19:46   ✅ vt204.pv: загружена
2026-06-15 15:19:46   ✅ gt01.ctrl.in[1].value: загружена
2026-06-15 15:19:46   ✅ gt01.ctrl.in[2].value: загружена
2026-06-15 15:19:46   ✅ gt01.ctrl.in[5].value: загружена
2026-06-15 15:19:46 🔁 Бэкафилл health: 2026-06-13 00:00:00+00:00 → 2026-06-14 00:00:00+00:00, окно 30д, перекрытие 1д, журнал=нет
2026-06-15 15:19:59   📍 ГПА-1: смены режима (0): []
2026-06-15 15:19:59   📍 ГПА-2: смены режима (0): []
2026-06-15 15:19:59   📍 ГПА-3: смены режима (0): []
2026-06-15 15:20:17   ✓ 2026-06-13..2026-06-14: health=28126
2026-06-15 15:20:17 🎉 Готово. Окон: 1, health-точек: 28126
2026-06-15 15:26:19 🏭 Станция: Охангаронская КС (ohangaron)
2026-06-15 15:26:19   ✅ ax202.pv: загружена
2026-06-15 15:26:19   ✅ gc_com2.pv: загружена
2026-06-15 15:26:19   ✅ gc_cover.pv: загружена
2026-06-15 15:26:19   ✅ gc_fg7001.pv: загружена
2026-06-15 15:26:19   ✅ gc_uptg.pv: загружена
2026-06-15 15:26:19   ✅ pd.pv: загружена
2026-06-15 15:26:19   ✅ pe101.pv: загружена
2026-06-15 15:26:19   ✅ pg_airc.pv: загружена
2026-06-15 15:26:19   ✅ program:flowcalc.tot_unit.in: загружена
2026-06-15 15:26:19   ✅ ps.pv: загружена
2026-06-15 15:26:19   ✅ td.pv: загружена
2026-06-15 15:26:19   ✅ te221.pv: загружена
2026-06-15 15:26:19   ✅ te222.pv: загружена
2026-06-15 15:26:19   ✅ te51.pv: загружена
2026-06-15 15:26:19   ✅ te52.pv: загружена
2026-06-15 15:26:19   ✅ te54.pv: загружена
2026-06-15 15:26:19   ✅ ts.pv: загружена
2026-06-15 15:26:19   ✅ t_airc_out.pv: загружена
2026-06-15 15:26:19   ✅ vt101.pv: загружена
2026-06-15 15:26:19   ✅ vt102.pv: загружена
2026-06-15 15:26:19   ✅ vt103.pv: загружена
2026-06-15 15:26:19   ✅ vt201.pv: загружена
2026-06-15 15:26:19   ✅ vt202.pv: загружена
2026-06-15 15:26:19   ✅ vt203.pv: загружена
2026-06-15 15:26:19   ✅ vt204.pv: загружена
2026-06-15 15:26:19   ✅ gt01.ctrl.in[1].value: загружена
2026-06-15 15:26:19   ✅ gt01.ctrl.in[2].value: загружена
2026-06-15 15:26:19   ✅ gt01.ctrl.in[5].value: загружена
2026-06-15 15:26:19   ✅ asv_in.pv: загружена
2026-06-15 15:26:19   ✅ ax201.pv: загружена
2026-06-15 15:26:19   ✅ ax202.pv: загружена
2026-06-15 15:26:19   ✅ gc_cover.pv: загружена
2026-06-15 15:26:19   ✅ pd.pv: загружена
2026-06-15 15:26:19   ✅ pe101.pv: загружена
2026-06-15 15:26:19   ✅ pg_airc.pv: загружена
2026-06-15 15:26:19   ✅ program:flowcalc.tot_unit.in: загружена
2026-06-15 15:26:19   ✅ ps.pv: загружена
2026-06-15 15:26:19   ✅ states_gpa.7: загружена
2026-06-15 15:26:19   ✅ states_gtd.0: загружена
2026-06-15 15:26:19   ✅ states_gtd.5: загружена
2026-06-15 15:26:19   ✅ td.pv: загружена
2026-06-15 15:26:19   ✅ te221.pv: загружена
2026-06-15 15:26:19   ✅ te222.pv: загружена
2026-06-15 15:26:19   ✅ te223.pv: загружена
2026-06-15 15:26:19   ✅ te224.pv: загружена
2026-06-15 15:26:19   ✅ te51.pv: загружена
2026-06-15 15:26:19   ✅ te52.pv: загружена
2026-06-15 15:26:19   ✅ te54.pv: загружена
2026-06-15 15:26:19   ✅ ts.pv: загружена
2026-06-15 15:26:19   ✅ t_airc_out.pv: загружена
2026-06-15 15:26:19   ✅ vt101.pv: загружена
2026-06-15 15:26:19   ✅ vt102.pv: загружена
2026-06-15 15:26:19   ✅ vt103.pv: загружена
2026-06-15 15:26:19   ✅ vt201.pv: загружена
2026-06-15 15:26:19   ✅ vt202.pv: загружена
2026-06-15 15:26:19   ✅ vt203.pv: загружена
2026-06-15 15:26:19   ✅ vt204.pv: загружена
2026-06-15 15:26:19   ✅ gt01.ctrl.in[1].value: загружена
2026-06-15 15:26:19   ✅ gt01.ctrl.in[2].value: загружена
2026-06-15 15:26:19   ✅ gt01.ctrl.in[5].value: загружена
2026-06-15 15:26:19   ✅ asv_in.pv: загружена
2026-06-15 15:26:19   ✅ ax201.pv: загружена
2026-06-15 15:26:19   ✅ ax202.pv: загружена
2026-06-15 15:26:19   ✅ gc_bfs.pv: загружена
2026-06-15 15:26:19   ✅ gc_bftg.pv: загружена
2026-06-15 15:26:19   ✅ gc_com1.pv: загружена
2026-06-15 15:26:19   ✅ gc_com2.pv: загружена
2026-06-15 15:26:19   ✅ gc_cover.pv: загружена
2026-06-15 15:26:19   ✅ gc_fcv.pv: загружена
2026-06-15 15:26:19   ✅ gc_uptg.pv: загружена
2026-06-15 15:26:19   ✅ pd.pv: загружена
2026-06-15 15:26:19   ✅ pe101.pv: загружена
2026-06-15 15:26:19   ✅ pg_airc.pv: загружена
2026-06-15 15:26:19   ✅ program:flowcalc.tot_unit.in: загружена
2026-06-15 15:26:19   ✅ ps.pv: загружена
2026-06-15 15:26:19   ✅ states_gpa.7: загружена
2026-06-15 15:26:19   ✅ states_gtd.0: загружена
2026-06-15 15:26:19   ✅ states_gtd.5: загружена
2026-06-15 15:26:19   ✅ td.pv: загружена
2026-06-15 15:26:19   ✅ te221.pv: загружена
2026-06-15 15:26:19   ✅ te222.pv: загружена
2026-06-15 15:26:19   ✅ te223.pv: загружена
2026-06-15 15:26:19   ✅ te224.pv: загружена
2026-06-15 15:26:19   ✅ te51.pv: загружена
2026-06-15 15:26:19   ✅ te52.pv: загружена
2026-06-15 15:26:19   ✅ te54.pv: загружена
2026-06-15 15:26:19   ✅ ts.pv: загружена
2026-06-15 15:26:19   ✅ t_airc_out.pv: загружена
2026-06-15 15:26:19   ✅ vt101.pv: загружена
2026-06-15 15:26:19   ✅ vt102.pv: загружена
2026-06-15 15:26:19   ✅ vt103.pv: загружена
2026-06-15 15:26:19   ✅ vt201.pv: загружена
2026-06-15 15:26:19   ✅ vt202.pv: загружена
2026-06-15 15:26:19   ✅ vt203.pv: загружена
2026-06-15 15:26:19   ✅ vt204.pv: загружена
2026-06-15 15:26:19   ✅ gt01.ctrl.in[1].value: загружена
2026-06-15 15:26:19   ✅ gt01.ctrl.in[2].value: загружена
2026-06-15 15:26:19   ✅ gt01.ctrl.in[5].value: загружена
2026-06-15 15:26:19 🔁 Бэкафилл health: 2026-06-13 00:00:00+00:00 → 2026-06-14 00:00:00+00:00, окно 30д, перекрытие 1д, журнал=нет
2026-06-15 15:29:12   📍 ГПА-1: смены режима (0): []
2026-06-15 15:29:12   📍 ГПА-2: смены режима (0): []
2026-06-15 15:29:12   📍 ГПА-3: смены режима (0): []
2026-06-15 15:29:28   ✓ 2026-06-13..2026-06-14: health=28126
2026-06-15 15:29:28 🎉 Готово. Окон: 1, health-точек: 28126
