🏭 Станция: Охангаронская КС (ohangaron)
  ✅ ax202.pv: загружена
  ✅ gc_com2.pv: загружена
  ✅ gc_cover.pv: загружена
  ✅ gc_fg7001.pv: загружена
  ✅ gc_uptg.pv: загружена
  ✅ pd.pv: загружена
  ✅ pe101.pv: загружена
  ✅ pg_airc.pv: загружена
  ✅ program:flowcalc.tot_unit.in: загружена
  ✅ ps.pv: загружена
  ✅ td.pv: загружена
  ✅ te221.pv: загружена
  ✅ te222.pv: загружена
  ✅ te51.pv: загружена
  ✅ te52.pv: загружена
  ✅ te54.pv: загружена
  ✅ ts.pv: загружена
  ✅ t_airc_out.pv: загружена
  ✅ vt101.pv: загружена
  ✅ vt102.pv: загружена
  ✅ vt103.pv: загружена
  ✅ vt201.pv: загружена
  ✅ vt202.pv: загружена
  ✅ vt203.pv: загружена
  ✅ vt204.pv: загружена
  ✅ gt01.ctrl.in[1].value: загружена
  ✅ gt01.ctrl.in[2].value: загружена
  ✅ gt01.ctrl.in[5].value: загружена
  ✅ asv_in.pv: загружена
  ✅ ax201.pv: загружена
  ✅ ax202.pv: загружена
  ✅ gc_cover.pv: загружена
  ✅ pd.pv: загружена
  ✅ pe101.pv: загружена
  ✅ pg_airc.pv: загружена
  ✅ program:flowcalc.tot_unit.in: загружена
  ✅ ps.pv: загружена
  ✅ states_gpa.7: загружена
  ✅ states_gtd.0: загружена
  ✅ states_gtd.5: загружена
  ✅ td.pv: загружена
  ✅ te221.pv: загружена
  ✅ te222.pv: загружена
  ✅ te223.pv: загружена
  ✅ te224.pv: загружена
  ✅ te51.pv: загружена
  ✅ te52.pv: загружена
  ✅ te54.pv: загружена
  ✅ ts.pv: загружена
  ✅ t_airc_out.pv: загружена
  ✅ vt101.pv: загружена
  ✅ vt102.pv: загружена
  ✅ vt103.pv: загружена
  ✅ vt201.pv: загружена
  ✅ vt202.pv: загружена
  ✅ vt203.pv: загружена
  ✅ vt204.pv: загружена
  ✅ gt01.ctrl.in[1].value: загружена
  ✅ gt01.ctrl.in[2].value: загружена
  ✅ gt01.ctrl.in[5].value: загружена
  ✅ asv_in.pv: загружена
  ✅ ax201.pv: загружена
  ✅ ax202.pv: загружена
  ✅ gc_bfs.pv: загружена
  ✅ gc_bftg.pv: загружена
  ✅ gc_com1.pv: загружена
  ✅ gc_com2.pv: загружена
  ✅ gc_cover.pv: загружена
  ✅ gc_fcv.pv: загружена
  ✅ gc_uptg.pv: загружена
  ✅ pd.pv: загружена
  ✅ pe101.pv: загружена
  ✅ pg_airc.pv: загружена
  ✅ program:flowcalc.tot_unit.in: загружена
  ✅ ps.pv: загружена
  ✅ states_gpa.7: загружена
  ✅ states_gtd.0: загружена
  ✅ states_gtd.5: загружена
  ✅ td.pv: загружена
  ✅ te221.pv: загружена
  ✅ te222.pv: загружена
  ✅ te223.pv: загружена
  ✅ te224.pv: загружена
  ✅ te51.pv: загружена
  ✅ te52.pv: загружена
  ✅ te54.pv: загружена
  ✅ ts.pv: загружена
  ✅ t_airc_out.pv: загружена
  ✅ vt101.pv: загружена
  ✅ vt102.pv: загружена
  ✅ vt103.pv: загружена
  ✅ vt201.pv: загружена
  ✅ vt202.pv: загружена
  ✅ vt203.pv: загружена
  ✅ vt204.pv: загружена
  ✅ gt01.ctrl.in[1].value: загружена
  ✅ gt01.ctrl.in[2].value: загружена
  ✅ gt01.ctrl.in[5].value: загружена
🔁 Бэкафилл health: 2026-06-13 00:00:00+00:00 → 2026-06-15 09:40:01.119373+00:00, окно 30д, перекрытие 1д, журнал=нет
  📍 ГПА-1: смены режима (0): []
  📍 ГПА-2: смены режима (0): []
  📍 ГПА-3: смены режима (0): []
