C:\Users\Timur\Desktop\UTG\\u041a\u0421\cs_4\backend\live_predict.py:2409: SyntaxWarning: invalid escape sequence '\d'
  # \u0413\u043b\u043e\u0431\u0430\u043b\u044c\u043d\u044b\u0435 \u043a\u044d\u0448\u0438
C:\Users\Timur\Desktop\UTG\\u041a\u0421\cs_4\backend\live_predict.py:2403: SyntaxWarning: invalid escape sequence '\.'
  </html>"""
C:\Users\Timur\Desktop\UTG\\u041a\u0421\cs_4\backend\live_predict.py:2403: SyntaxWarning: invalid escape sequence '\s'
  </html>"""
C:\Users\Timur\Desktop\UTG\\u041a\u0421\cs_4\backend\live_predict.py:2403: SyntaxWarning: invalid escape sequence '\d'
  </html>"""
🏭 Станция: Охангаронская КС (ohangaron)
============================================================
🔄 РЕЖИМ НЕПРЕРЫВНОГО МОНИТОРИНГА
   Интервал обновления: 300 сек (5 мин)
============================================================
============================================================
🚀 ОНЛАЙН-ПРЕДИКТ: Загрузка моделей и истории...
  ✅ temp_front_bearing_pads: загружена [CatBoostUnc]
  ✅ temp_rear_bearing_pads: загружена [CatBoostUnc]
  ✅ vibro_front_support: загружена [CatBoostUnc]
  ✅ vibro_rear_support: загружена [CatBoostUnc]
  ✅ vibro_st_support: загружена [CatBoostUnc]
  ✅ vibro_rotor_front_horiz: загружена [CatBoostUnc]
  ✅ vibro_rotor_front_vert: загружена [CatBoostUnc]
  ✅ vibro_disp_rotor_rear_horiz: загружена [CatBoostUnc]
  ✅ vibro_disp_rotor_rear_vert: загружена [CatBoostUnc]
  ✅ polytropic_head: загружена [CatBoostUnc]
  ✅ compressor_rotor_axial_shift_t1: загружена [CatBoostUnc]
  ✅ compressor_rotor_axial_shift_t2: загружена [CatBoostUnc]
  ✅ gas_temp_out_gpa: загружена [CatBoostUnc]
  ✅ oil_temp_out_zod: загружена [CatBoostUnc]
  ✅ oil_temp_out_st: загружена [CatBoostUnc]
  ✅ oil_temp_in_pod: загружена [CatBoostUnc]
  ✅ temp_front_bearing_pads: загружена [CatBoostUnc]
  ✅ temp_rear_bearing_pads: загружена [CatBoostUnc]
  ✅ vibro_front_support: загружена [CatBoostUnc]
  ✅ vibro_rear_support: загружена [CatBoostUnc]
  ✅ vibro_st_support: загружена [CatBoostUnc]
  ✅ vibro_rotor_front_horiz: загружена [CatBoostUnc]
  ✅ vibro_rotor_front_vert: загружена [CatBoostUnc]
  ✅ vibro_disp_rotor_rear_horiz: загружена [CatBoostUnc]
  ✅ vibro_disp_rotor_rear_vert: загружена [CatBoostUnc]
  ✅ polytropic_head: загружена [CatBoostUnc]
  ✅ compressor_rotor_axial_shift_t1: загружена [CatBoostUnc]
  ✅ compressor_rotor_axial_shift_t2: загружена [CatBoostUnc]
  ✅ gas_temp_out_gpa: загружена [CatBoostUnc]
  ✅ oil_temp_out_zod: загружена [CatBoostUnc]
  ✅ oil_temp_in_pod: загружена [CatBoostUnc]
  ✅ temp_front_bearing_pads: загружена [CatBoostUnc]
  ✅ temp_rear_bearing_pads: загружена [CatBoostUnc]
  ✅ vibro_front_support: загружена [CatBoostUnc]
  ✅ vibro_rear_support: загружена [CatBoostUnc]
  ✅ vibro_st_support: загружена [CatBoostUnc]
  ✅ vibro_rotor_front_horiz: загружена [CatBoostUnc]
  ✅ vibro_rotor_front_vert: загружена [CatBoostUnc]
  ✅ vibro_disp_rotor_rear_horiz: загружена [CatBoostUnc]
  ✅ vibro_disp_rotor_rear_vert: загружена [CatBoostUnc]
  ✅ polytropic_head: загружена [CatBoostUnc]
  ✅ compressor_rotor_axial_shift_t1: загружена [CatBoostUnc]
  ✅ compressor_rotor_axial_shift_t2: загружена [CatBoostUnc]
  ✅ gas_temp_out_gpa: загружена [CatBoostUnc]
  ✅ oil_temp_out_zod: загружена [CatBoostUnc]
  ✅ oil_temp_out_st: загружена [CatBoostUnc]
  ✅ oil_temp_in_pod: загружена [CatBoostUnc]
📡 Загрузка истории из БД (с 2026-06-12, макс 30 дн)...
🔗 Подключение к БД 10.1.30.164:5432/CS...
📡 Загрузка окна с 2026-06-11 23:59:30...
  📊 Получено 455840 строк
  📍 ГПА-1: смены режима (1): ['06-14 13:45']
  📍 ГПА-2: смены режима (0): []
  📍 ГПА-3: смены режима (1): ['06-15 20:20']
📊 Дашборд готов: C:\Users\Timur\Desktop\UTG\КС\cs_4\backend\anomaly_live.html
2026-06-23 10:19:20,612 INFO live_predict detect-diag: \u0434\u0430\u0442\u0447\u0438\u043a\u043e\u0432=47 \u043f\u043e\u043a\u0440\u044b\u0442\u0438\u0435(\u043c\u0435\u0434\u0438\u0430\u043d\u0430)=1.000 \u0430\u043b\u0430\u0440\u043c\u044b(\u043c\u0435\u0434\u0438\u0430\u043d\u0430)=0.0000 n_sigma_cal(\u043c\u0435\u0434\u0438\u0430\u043d\u0430)=3.00 \u0433\u043e\u0440\u044f\u0447\u0438\u0445(>5%)=1 vibro_rear_support:0.11
💾 БД: сохранено 390 новых аномалий
💾 БД: anomalies_t — 390 новых записей (SHAP у 390/390)
💾 health: обновлено 3080 точек
💾 ohangaron_live_state.json: 47 датчиков, 390 событий
✅ Цикл завершен за 199 сек

⏳ Ожидание 5 мин...

============================================================
🔄 Обновление #2 (10:25:00)
🔄 ОБНОВЛЕНИЕ: Запрос данных после 2026-06-23 05:16:48.722615+00:00...
  📊 Добавлено 420 строк
  📍 ГПА-1: смены режима (1): ['06-14 13:45']
  📍 ГПА-2: смены режима (0): []
  📍 ГПА-3: смены режима (1): ['06-15 20:20']
📊 Дашборд готов: C:\Users\Timur\Desktop\UTG\КС\cs_4\backend\anomaly_live.html
2026-06-23 10:25:16,530 INFO live_predict detect-diag: \u0434\u0430\u0442\u0447\u0438\u043a\u043e\u0432=47 \u043f\u043e\u043a\u0440\u044b\u0442\u0438\u0435(\u043c\u0435\u0434\u0438\u0430\u043d\u0430)=1.000 \u0430\u043b\u0430\u0440\u043c\u044b(\u043c\u0435\u0434\u0438\u0430\u043d\u0430)=0.0000 n_sigma_cal(\u043c\u0435\u0434\u0438\u0430\u043d\u0430)=3.00 \u0433\u043e\u0440\u044f\u0447\u0438\u0445(>5%)=1 vibro_rear_support:0.11
💾 БД: сохранено 390 новых аномалий
💾 БД: anomalies_t — 390 новых записей (SHAP у 390/390)
💾 health: обновлено 3080 точек
💾 ohangaron_live_state.json: 47 датчиков, 390 событий
✅ Цикл завершен за 39 сек

⏳ Ожидание 5 мин...

============================================================
🔄 Обновление #3 (10:30:40)
🔄 ОБНОВЛЕНИЕ: Запрос данных после 2026-06-23 05:26:51.367273+00:00...
  📊 Добавлено 280 строк
  📍 ГПА-1: смены режима (1): ['06-14 13:45']
  📍 ГПА-2: смены режима (0): []
  📍 ГПА-3: смены режима (1): ['06-15 20:20']
📊 Дашборд готов: C:\Users\Timur\Desktop\UTG\КС\cs_4\backend\anomaly_live.html
2026-06-23 10:31:03,406 INFO live_predict detect-diag: \u0434\u0430\u0442\u0447\u0438\u043a\u043e\u0432=47 \u043f\u043e\u043a\u0440\u044b\u0442\u0438\u0435(\u043c\u0435\u0434\u0438\u0430\u043d\u0430)=1.000 \u0430\u043b\u0430\u0440\u043c\u044b(\u043c\u0435\u0434\u0438\u0430\u043d\u0430)=0.0000 n_sigma_cal(\u043c\u0435\u0434\u0438\u0430\u043d\u0430)=3.00 \u0433\u043e\u0440\u044f\u0447\u0438\u0445(>5%)=1 vibro_rear_support:0.11
💾 БД: сохранено 390 новых аномалий
💾 БД: anomalies_t — 390 новых записей (SHAP у 390/390)
💾 health: обновлено 3080 точек
💾 ohangaron_live_state.json: 47 датчиков, 390 событий
✅ Цикл завершен за 49 сек

⏳ Ожидание 5 мин...

============================================================
🔄 Обновление #4 (10:36:29)
🔄 ОБНОВЛЕНИЕ: Запрос данных после 2026-06-23 05:31:52.713003+00:00...
  📊 Добавлено 280 строк
  📍 ГПА-1: смены режима (1): ['06-14 13:45']
  📍 ГПА-2: смены режима (0): []
  📍 ГПА-3: смены режима (1): ['06-15 20:20']
📊 Дашборд готов: C:\Users\Timur\Desktop\UTG\КС\cs_4\backend\anomaly_live.html
2026-06-23 10:36:52,253 INFO live_predict detect-diag: \u0434\u0430\u0442\u0447\u0438\u043a\u043e\u0432=47 \u043f\u043e\u043a\u0440\u044b\u0442\u0438\u0435(\u043c\u0435\u0434\u0438\u0430\u043d\u0430)=1.000 \u0430\u043b\u0430\u0440\u043c\u044b(\u043c\u0435\u0434\u0438\u0430\u043d\u0430)=0.0000 n_sigma_cal(\u043c\u0435\u0434\u0438\u0430\u043d\u0430)=3.00 \u0433\u043e\u0440\u044f\u0447\u0438\u0445(>5%)=1 vibro_rear_support:0.11
💾 БД: сохранено 390 новых аномалий
💾 БД: anomalies_t — 390 новых записей (SHAP у 390/390)
💾 health: обновлено 3080 точек
💾 ohangaron_live_state.json: 47 датчиков, 390 событий
✅ Цикл завершен за 66 сек

⏳ Ожидание 5 мин...

============================================================
🔄 Обновление #5 (10:42:36)
🔄 ОБНОВЛЕНИЕ: Запрос данных после 2026-06-23 05:36:54.121132+00:00...
  📊 Добавлено 280 строк
  📍 ГПА-1: смены режима (1): ['06-14 13:45']
  📍 ГПА-2: смены режима (0): []
  📍 ГПА-3: смены режима (1): ['06-15 20:20']
📊 Дашборд готов: C:\Users\Timur\Desktop\UTG\КС\cs_4\backend\anomaly_live.html
2026-06-23 10:43:05,693 INFO live_predict detect-diag: \u0434\u0430\u0442\u0447\u0438\u043a\u043e\u0432=47 \u043f\u043e\u043a\u0440\u044b\u0442\u0438\u0435(\u043c\u0435\u0434\u0438\u0430\u043d\u0430)=1.000 \u0430\u043b\u0430\u0440\u043c\u044b(\u043c\u0435\u0434\u0438\u0430\u043d\u0430)=0.0000 n_sigma_cal(\u043c\u0435\u0434\u0438\u0430\u043d\u0430)=3.00 \u0433\u043e\u0440\u044f\u0447\u0438\u0445(>5%)=1 vibro_rear_support:0.11
💾 БД: сохранено 390 новых аномалий
💾 БД: anomalies_t — 390 новых записей (SHAP у 390/390)
💾 health: обновлено 3080 точек
💾 ohangaron_live_state.json: 47 датчиков, 390 событий
✅ Цикл завершен за 57 сек

⏳ Ожидание 5 мин...

============================================================
🔄 Обновление #6 (10:48:34)
🔄 ОБНОВЛЕНИЕ: Запрос данных после 2026-06-23 05:41:55.747662+00:00...
  📊 Добавлено 280 строк
  📍 ГПА-1: смены режима (1): ['06-14 13:45']
  📍 ГПА-2: смены режима (0): []
  📍 ГПА-3: смены режима (1): ['06-15 20:20']
📊 Дашборд готов: C:\Users\Timur\Desktop\UTG\КС\cs_4\backend\anomaly_live.html
2026-06-23 10:49:00,145 INFO live_predict detect-diag: \u0434\u0430\u0442\u0447\u0438\u043a\u043e\u0432=47 \u043f\u043e\u043a\u0440\u044b\u0442\u0438\u0435(\u043c\u0435\u0434\u0438\u0430\u043d\u0430)=1.000 \u0430\u043b\u0430\u0440\u043c\u044b(\u043c\u0435\u0434\u0438\u0430\u043d\u0430)=0.0000 n_sigma_cal(\u043c\u0435\u0434\u0438\u0430\u043d\u0430)=3.00 \u0433\u043e\u0440\u044f\u0447\u0438\u0445(>5%)=1 vibro_rear_support:0.11
💾 БД: сохранено 390 новых аномалий
💾 БД: anomalies_t — 390 новых записей (SHAP у 390/390)
💾 health: обновлено 3080 точек
💾 ohangaron_live_state.json: 47 датчиков, 390 событий
✅ Цикл завершен за 69 сек

⏳ Ожидание 5 мин...

============================================================
🔄 Обновление #7 (10:54:44)
🔄 ОБНОВЛЕНИЕ: Запрос данных после 2026-06-23 05:46:57.140191+00:00...
  📊 Добавлено 420 строк
  📍 ГПА-1: смены режима (1): ['06-14 13:45']
  📍 ГПА-2: смены режима (0): []
  📍 ГПА-3: смены режима (1): ['06-15 20:20']
📊 Дашборд готов: C:\Users\Timur\Desktop\UTG\КС\cs_4\backend\anomaly_live.html
2026-06-23 10:55:05,451 INFO live_predict detect-diag: \u0434\u0430\u0442\u0447\u0438\u043a\u043e\u0432=47 \u043f\u043e\u043a\u0440\u044b\u0442\u0438\u0435(\u043c\u0435\u0434\u0438\u0430\u043d\u0430)=1.000 \u0430\u043b\u0430\u0440\u043c\u044b(\u043c\u0435\u0434\u0438\u0430\u043d\u0430)=0.0000 n_sigma_cal(\u043c\u0435\u0434\u0438\u0430\u043d\u0430)=3.00 \u0433\u043e\u0440\u044f\u0447\u0438\u0445(>5%)=1 vibro_rear_support:0.11
💾 БД: сохранено 390 новых аномалий
💾 БД: anomalies_t — 390 новых записей (SHAP у 390/390)
💾 health: обновлено 3080 точек
💾 ohangaron_live_state.json: 47 датчиков, 390 событий
✅ Цикл завершен за 48 сек

⏳ Ожидание 5 мин...

============================================================
🔄 Обновление #8 (11:00:33)
🔄 ОБНОВЛЕНИЕ: Запрос данных после 2026-06-23 05:56:59.488449+00:00...
  📊 Добавлено 280 строк
  📍 ГПА-1: смены режима (1): ['06-14 13:45']
  📍 ГПА-2: смены режима (0): []
  📍 ГПА-3: смены режима (1): ['06-15 20:20']
📊 Дашборд готов: C:\Users\Timur\Desktop\UTG\КС\cs_4\backend\anomaly_live.html
2026-06-23 11:00:56,154 INFO live_predict detect-diag: \u0434\u0430\u0442\u0447\u0438\u043a\u043e\u0432=47 \u043f\u043e\u043a\u0440\u044b\u0442\u0438\u0435(\u043c\u0435\u0434\u0438\u0430\u043d\u0430)=1.000 \u0430\u043b\u0430\u0440\u043c\u044b(\u043c\u0435\u0434\u0438\u0430\u043d\u0430)=0.0000 n_sigma_cal(\u043c\u0435\u0434\u0438\u0430\u043d\u0430)=3.00 \u0433\u043e\u0440\u044f\u0447\u0438\u0445(>5%)=1 vibro_rear_support:0.11
💾 БД: сохранено 391 новых аномалий
💾 БД: anomalies_t — 391 новых записей (SHAP у 391/391)
💾 health: обновлено 3080 точек
💾 ohangaron_live_state.json: 47 датчиков, 391 событий
✅ Цикл завершен за 55 сек

⏳ Ожидание 5 мин...

============================================================
🔄 Обновление #9 (11:06:28)
🔄 ОБНОВЛЕНИЕ: Запрос данных после 2026-06-23 06:02:00.896579+00:00...
  📊 Добавлено 280 строк
  📍 ГПА-1: смены режима (1): ['06-14 13:45']
  📍 ГПА-2: смены режима (0): []
  📍 ГПА-3: смены режима (1): ['06-15 20:20']
📊 Дашборд готов: C:\Users\Timur\Desktop\UTG\КС\cs_4\backend\anomaly_live.html
2026-06-23 11:06:52,507 INFO live_predict detect-diag: \u0434\u0430\u0442\u0447\u0438\u043a\u043e\u0432=47 \u043f\u043e\u043a\u0440\u044b\u0442\u0438\u0435(\u043c\u0435\u0434\u0438\u0430\u043d\u0430)=1.000 \u0430\u043b\u0430\u0440\u043c\u044b(\u043c\u0435\u0434\u0438\u0430\u043d\u0430)=0.0000 n_sigma_cal(\u043c\u0435\u0434\u0438\u0430\u043d\u0430)=3.00 \u0433\u043e\u0440\u044f\u0447\u0438\u0445(>5%)=1 vibro_rear_support:0.11
💾 БД: сохранено 391 новых аномалий
💾 БД: anomalies_t — 391 новых записей (SHAP у 391/391)
💾 health: обновлено 3080 точек
💾 ohangaron_live_state.json: 47 датчиков, 391 событий
✅ Цикл завершен за 56 сек

⏳ Ожидание 5 мин...

============================================================
🔄 Обновление #10 (11:12:25)
🔄 ОБНОВЛЕНИЕ: Запрос данных после 2026-06-23 06:07:02.460708+00:00...
  📊 Добавлено 280 строк
  📍 ГПА-1: смены режима (1): ['06-14 13:45']
  📍 ГПА-2: смены режима (0): []
  📍 ГПА-3: смены режима (1): ['06-15 20:20']
📊 Дашборд готов: C:\Users\Timur\Desktop\UTG\КС\cs_4\backend\anomaly_live.html
2026-06-23 11:12:41,409 INFO live_predict detect-diag: \u0434\u0430\u0442\u0447\u0438\u043a\u043e\u0432=47 \u043f\u043e\u043a\u0440\u044b\u0442\u0438\u0435(\u043c\u0435\u0434\u0438\u0430\u043d\u0430)=1.000 \u0430\u043b\u0430\u0440\u043c\u044b(\u043c\u0435\u0434\u0438\u0430\u043d\u0430)=0.0000 n_sigma_cal(\u043c\u0435\u0434\u0438\u0430\u043d\u0430)=3.00 \u0433\u043e\u0440\u044f\u0447\u0438\u0445(>5%)=1 vibro_rear_support:0.11
💾 БД: сохранено 391 новых аномалий
💾 БД: anomalies_t — 391 новых записей (SHAP у 391/391)
💾 health: обновлено 3080 точек
💾 ohangaron_live_state.json: 47 датчиков, 391 событий
✅ Цикл завершен за 44 сек

⏳ Ожидание 5 мин...

============================================================
🔄 Обновление #11 (11:18:10)
🔄 ОБНОВЛЕНИЕ: Запрос данных после 2026-06-23 06:12:03.650437+00:00...
  📊 Добавлено 280 строк
  📍 ГПА-1: смены режима (1): ['06-14 13:45']
  📍 ГПА-2: смены режима (0): []
  📍 ГПА-3: смены режима (1): ['06-15 20:20']
📊 Дашборд готов: C:\Users\Timur\Desktop\UTG\КС\cs_4\backend\anomaly_live.html
2026-06-23 11:18:28,994 INFO live_predict detect-diag: \u0434\u0430\u0442\u0447\u0438\u043a\u043e\u0432=47 \u043f\u043e\u043a\u0440\u044b\u0442\u0438\u0435(\u043c\u0435\u0434\u0438\u0430\u043d\u0430)=1.000 \u0430\u043b\u0430\u0440\u043c\u044b(\u043c\u0435\u0434\u0438\u0430\u043d\u0430)=0.0000 n_sigma_cal(\u043c\u0435\u0434\u0438\u0430\u043d\u0430)=3.00 \u0433\u043e\u0440\u044f\u0447\u0438\u0445(>5%)=1 vibro_rear_support:0.11
💾 БД: сохранено 391 новых аномалий
💾 БД: anomalies_t — 391 новых записей (SHAP у 391/391)
💾 health: обновлено 3080 точек
💾 ohangaron_live_state.json: 47 датчиков, 391 событий
✅ Цикл завершен за 46 сек

⏳ Ожидание 5 мин...

============================================================
🔄 Обновление #12 (11:23:56)
🔄 ОБНОВЛЕНИЕ: Запрос данных после 2026-06-23 06:17:04.871366+00:00...
  📊 Добавлено 280 строк
  📍 ГПА-1: смены режима (1): ['06-14 13:45']
  📍 ГПА-2: смены режима (0): []
  📍 ГПА-3: смены режима (1): ['06-15 20:20']
📊 Дашборд готов: C:\Users\Timur\Desktop\UTG\КС\cs_4\backend\anomaly_live.html
2026-06-23 11:24:19,919 INFO live_predict detect-diag: \u0434\u0430\u0442\u0447\u0438\u043a\u043e\u0432=47 \u043f\u043e\u043a\u0440\u044b\u0442\u0438\u0435(\u043c\u0435\u0434\u0438\u0430\u043d\u0430)=1.000 \u0430\u043b\u0430\u0440\u043c\u044b(\u043c\u0435\u0434\u0438\u0430\u043d\u0430)=0.0000 n_sigma_cal(\u043c\u0435\u0434\u0438\u0430\u043d\u0430)=3.00 \u0433\u043e\u0440\u044f\u0447\u0438\u0445(>5%)=1 vibro_rear_support:0.11
💾 БД: сохранено 391 новых аномалий
💾 БД: anomalies_t — 391 новых записей (SHAP у 391/391)
💾 health: обновлено 3080 точек
💾 ohangaron_live_state.json: 47 датчиков, 391 событий
✅ Цикл завершен за 48 сек

⏳ Ожидание 5 мин...

============================================================
🔄 Обновление #13 (11:29:44)
🔄 ОБНОВЛЕНИЕ: Запрос данных после 2026-06-23 06:22:06.279496+00:00...
  📊 Добавлено 420 строк
  📍 ГПА-1: смены режима (1): ['06-14 13:45']
  📍 ГПА-2: смены режима (0): []
  📍 ГПА-3: смены режима (1): ['06-15 20:20']
📊 Дашборд готов: C:\Users\Timur\Desktop\UTG\КС\cs_4\backend\anomaly_live.html
2026-06-23 11:30:02,993 INFO live_predict detect-diag: \u0434\u0430\u0442\u0447\u0438\u043a\u043e\u0432=47 \u043f\u043e\u043a\u0440\u044b\u0442\u0438\u0435(\u043c\u0435\u0434\u0438\u0430\u043d\u0430)=1.000 \u0430\u043b\u0430\u0440\u043c\u044b(\u043c\u0435\u0434\u0438\u0430\u043d\u0430)=0.0000 n_sigma_cal(\u043c\u0435\u0434\u0438\u0430\u043d\u0430)=3.00 \u0433\u043e\u0440\u044f\u0447\u0438\u0445(>5%)=1 vibro_rear_support:0.11
💾 БД: сохранено 391 новых аномалий
💾 БД: anomalies_t — 391 новых записей (SHAP у 391/391)
💾 health: обновлено 3080 точек
💾 ohangaron_live_state.json: 47 датчиков, 391 событий
✅ Цикл завершен за 51 сек

⏳ Ожидание 5 мин...

============================================================
🔄 Обновление #14 (11:35:37)
🔄 ОБНОВЛЕНИЕ: Запрос данных после 2026-06-23 06:32:08.908554+00:00...
  📊 Добавлено 280 строк
  📍 ГПА-1: смены режима (1): ['06-14 13:45']
  📍 ГПА-2: смены режима (0): []
  📍 ГПА-3: смены режима (1): ['06-15 20:20']
📊 Дашборд готов: C:\Users\Timur\Desktop\UTG\КС\cs_4\backend\anomaly_live.html
2026-06-23 11:35:59,789 INFO live_predict detect-diag: \u0434\u0430\u0442\u0447\u0438\u043a\u043e\u0432=47 \u043f\u043e\u043a\u0440\u044b\u0442\u0438\u0435(\u043c\u0435\u0434\u0438\u0430\u043d\u0430)=1.000 \u0430\u043b\u0430\u0440\u043c\u044b(\u043c\u0435\u0434\u0438\u0430\u043d\u0430)=0.0000 n_sigma_cal(\u043c\u0435\u0434\u0438\u0430\u043d\u0430)=3.00 \u0433\u043e\u0440\u044f\u0447\u0438\u0445(>5%)=1 vibro_rear_support:0.11
💾 БД: сохранено 391 новых аномалий
💾 БД: anomalies_t — 391 новых записей (SHAP у 391/391)
💾 health: обновлено 3080 точек
💾 ohangaron_live_state.json: 47 датчиков, 391 событий
✅ Цикл завершен за 54 сек

⏳ Ожидание 5 мин...

============================================================
🔄 Обновление #15 (11:41:31)
🔄 ОБНОВЛЕНИЕ: Запрос данных после 2026-06-23 06:37:10.410284+00:00...
  📊 Добавлено 280 строк
  📍 ГПА-1: смены режима (1): ['06-14 13:45']
  📍 ГПА-2: смены режима (0): []
  📍 ГПА-3: смены режима (1): ['06-15 20:20']
📊 Дашборд готов: C:\Users\Timur\Desktop\UTG\КС\cs_4\backend\anomaly_live.html
2026-06-23 11:41:55,836 INFO live_predict detect-diag: \u0434\u0430\u0442\u0447\u0438\u043a\u043e\u0432=47 \u043f\u043e\u043a\u0440\u044b\u0442\u0438\u0435(\u043c\u0435\u0434\u0438\u0430\u043d\u0430)=1.000 \u0430\u043b\u0430\u0440\u043c\u044b(\u043c\u0435\u0434\u0438\u0430\u043d\u0430)=0.0000 n_sigma_cal(\u043c\u0435\u0434\u0438\u0430\u043d\u0430)=3.00 \u0433\u043e\u0440\u044f\u0447\u0438\u0445(>5%)=1 vibro_rear_support:0.11
💾 БД: сохранено 391 новых аномалий
💾 БД: anomalies_t — 391 новых записей (SHAP у 391/391)
💾 health: обновлено 3080 точек
💾 ohangaron_live_state.json: 47 датчиков, 391 событий
✅ Цикл завершен за 60 сек

⏳ Ожидание 5 мин...

============================================================
🔄 Обновление #16 (11:47:32)
🔄 ОБНОВЛЕНИЕ: Запрос данных после 2026-06-23 06:42:11.678013+00:00...
  📊 Добавлено 280 строк
  📍 ГПА-1: смены режима (1): ['06-14 13:45']
  📍 ГПА-2: смены режима (0): []
  📍 ГПА-3: смены режима (1): ['06-15 20:20']
📊 Дашборд готов: C:\Users\Timur\Desktop\UTG\КС\cs_4\backend\anomaly_live.html
2026-06-23 11:47:58,524 INFO live_predict detect-diag: \u0434\u0430\u0442\u0447\u0438\u043a\u043e\u0432=47 \u043f\u043e\u043a\u0440\u044b\u0442\u0438\u0435(\u043c\u0435\u0434\u0438\u0430\u043d\u0430)=1.000 \u0430\u043b\u0430\u0440\u043c\u044b(\u043c\u0435\u0434\u0438\u0430\u043d\u0430)=0.0000 n_sigma_cal(\u043c\u0435\u0434\u0438\u0430\u043d\u0430)=3.00 \u0433\u043e\u0440\u044f\u0447\u0438\u0445(>5%)=1 vibro_rear_support:0.11
💾 БД: сохранено 391 новых аномалий
💾 БД: anomalies_t — 391 новых записей (SHAP у 391/391)
💾 health: обновлено 3080 точек
💾 ohangaron_live_state.json: 47 датчиков, 391 событий
✅ Цикл завершен за 61 сек

⏳ Ожидание 5 мин...

============================================================
🔄 Обновление #17 (13:57:16)
🔄 ОБНОВЛЕНИЕ: Запрос данных после 2026-06-23 06:47:13.023742+00:00...
❌ Ошибка: server closed the connection unexpectedly
	This probably means the server terminated abnormally
	before or while processing the request.

  ℹ️ Новых срезов в БД пока нет

⏳ Ожидание 5 мин...

============================================================
🔄 Обновление #18 (14:02:16)
🔄 ОБНОВЛЕНИЕ: Запрос данных после 2026-06-23 06:47:13.023742+00:00...
❌ Ошибка: server closed the connection unexpectedly
	This probably means the server terminated abnormally
	before or while processing the request.

  ℹ️ Новых срезов в БД пока нет

⏳ Ожидание 5 мин...

============================================================
🔄 Обновление #19 (14:07:17)
🔄 ОБНОВЛЕНИЕ: Запрос данных после 2026-06-23 06:47:13.023742+00:00...
  📊 Добавлено 4060 строк
  📍 ГПА-1: смены режима (1): ['06-14 13:45']
  📍 ГПА-2: смены режима (0): []
  📍 ГПА-3: смены режима (1): ['06-15 20:20']
📊 Дашборд готов: C:\Users\Timur\Desktop\UTG\КС\cs_4\backend\anomaly_live.html
2026-06-23 14:07:44,689 INFO live_predict detect-diag: \u0434\u0430\u0442\u0447\u0438\u043a\u043e\u0432=47 \u043f\u043e\u043a\u0440\u044b\u0442\u0438\u0435(\u043c\u0435\u0434\u0438\u0430\u043d\u0430)=1.000 \u0430\u043b\u0430\u0440\u043c\u044b(\u043c\u0435\u0434\u0438\u0430\u043d\u0430)=0.0000 n_sigma_cal(\u043c\u0435\u0434\u0438\u0430\u043d\u0430)=3.00 \u0433\u043e\u0440\u044f\u0447\u0438\u0445(>5%)=1 vibro_rear_support:0.11
💾 БД: сохранено 392 новых аномалий
💾 БД: anomalies_t — 392 новых записей (SHAP у 392/392)
💾 health: обновлено 3045 точек
💾 ohangaron_live_state.json: 47 датчиков, 392 событий
✅ Цикл завершен за 69 сек

⏳ Ожидание 5 мин...

============================================================
🔄 Обновление #20 (14:13:27)
🔄 ОБНОВЛЕНИЕ: Запрос данных после 2026-06-23 09:07:53.605767+00:00...
  📊 Добавлено 280 строк
  📍 ГПА-1: смены режима (1): ['06-14 13:45']
  📍 ГПА-2: смены режима (0): []
  📍 ГПА-3: смены режима (1): ['06-15 20:20']
📊 Дашборд готов: C:\Users\Timur\Desktop\UTG\КС\cs_4\backend\anomaly_live.html
2026-06-23 14:13:46,632 INFO live_predict detect-diag: \u0434\u0430\u0442\u0447\u0438\u043a\u043e\u0432=47 \u043f\u043e\u043a\u0440\u044b\u0442\u0438\u0435(\u043c\u0435\u0434\u0438\u0430\u043d\u0430)=1.000 \u0430\u043b\u0430\u0440\u043c\u044b(\u043c\u0435\u0434\u0438\u0430\u043d\u0430)=0.0000 n_sigma_cal(\u043c\u0435\u0434\u0438\u0430\u043d\u0430)=3.00 \u0433\u043e\u0440\u044f\u0447\u0438\u0445(>5%)=1 vibro_rear_support:0.11
💾 БД: сохранено 392 новых аномалий
💾 БД: anomalies_t — 392 новых записей (SHAP у 392/392)
💾 health: обновлено 3046 точек
💾 ohangaron_live_state.json: 47 датчиков, 392 событий
✅ Цикл завершен за 44 сек

⏳ Ожидание 5 мин...

============================================================
🔄 Обновление #21 (14:19:11)
🔄 ОБНОВЛЕНИЕ: Запрос данных после 2026-06-23 09:12:55.013897+00:00...
  📊 Добавлено 280 строк
  📍 ГПА-1: смены режима (1): ['06-14 13:45']
  📍 ГПА-2: смены режима (0): []
  📍 ГПА-3: смены режима (1): ['06-15 20:20']
📊 Дашборд готов: C:\Users\Timur\Desktop\UTG\КС\cs_4\backend\anomaly_live.html
2026-06-23 14:19:38,654 INFO live_predict detect-diag: \u0434\u0430\u0442\u0447\u0438\u043a\u043e\u0432=47 \u043f\u043e\u043a\u0440\u044b\u0442\u0438\u0435(\u043c\u0435\u0434\u0438\u0430\u043d\u0430)=1.000 \u0430\u043b\u0430\u0440\u043c\u044b(\u043c\u0435\u0434\u0438\u0430\u043d\u0430)=0.0000 n_sigma_cal(\u043c\u0435\u0434\u0438\u0430\u043d\u0430)=3.00 \u0433\u043e\u0440\u044f\u0447\u0438\u0445(>5%)=1 vibro_rear_support:0.11
💾 БД: сохранено 392 новых аномалий
💾 БД: anomalies_t — 392 новых записей (SHAP у 392/392)
💾 health: обновлено 3047 точек
💾 ohangaron_live_state.json: 47 датчиков, 392 событий
✅ Цикл завершен за 60 сек

⏳ Ожидание 5 мин...

============================================================
🔄 Обновление #22 (14:25:13)
🔄 ОБНОВЛЕНИЕ: Запрос данных после 2026-06-23 09:17:56.375226+00:00...
  📊 Добавлено 280 строк
  📍 ГПА-1: смены режима (1): ['06-14 13:45']
  📍 ГПА-2: смены режима (0): []
  📍 ГПА-3: смены режима (1): ['06-15 20:20']
📊 Дашборд готов: C:\Users\Timur\Desktop\UTG\КС\cs_4\backend\anomaly_live.html
2026-06-23 14:25:39,728 INFO live_predict detect-diag: \u0434\u0430\u0442\u0447\u0438\u043a\u043e\u0432=47 \u043f\u043e\u043a\u0440\u044b\u0442\u0438\u0435(\u043c\u0435\u0434\u0438\u0430\u043d\u0430)=1.000 \u0430\u043b\u0430\u0440\u043c\u044b(\u043c\u0435\u0434\u0438\u0430\u043d\u0430)=0.0000 n_sigma_cal(\u043c\u0435\u0434\u0438\u0430\u043d\u0430)=3.00 \u0433\u043e\u0440\u044f\u0447\u0438\u0445(>5%)=1 vibro_rear_support:0.11
💾 БД: сохранено 392 новых аномалий
💾 БД: anomalies_t — 392 новых записей (SHAP у 392/392)
💾 health: обновлено 3048 точек
💾 ohangaron_live_state.json: 47 датчиков, 392 событий
✅ Цикл завершен за 57 сек

⏳ Ожидание 5 мин...

============================================================
🔄 Обновление #23 (14:31:10)
🔄 ОБНОВЛЕНИЕ: Запрос данных после 2026-06-23 09:22:57.783355+00:00...
  📊 Добавлено 420 строк
  📍 ГПА-1: смены режима (1): ['06-14 13:45']
  📍 ГПА-2: смены режима (0): []
  📍 ГПА-3: смены режима (1): ['06-15 20:20']
📊 Дашборд готов: C:\Users\Timur\Desktop\UTG\КС\cs_4\backend\anomaly_live.html
2026-06-23 14:31:41,846 INFO live_predict detect-diag: \u0434\u0430\u0442\u0447\u0438\u043a\u043e\u0432=47 \u043f\u043e\u043a\u0440\u044b\u0442\u0438\u0435(\u043c\u0435\u0434\u0438\u0430\u043d\u0430)=1.000 \u0430\u043b\u0430\u0440\u043c\u044b(\u043c\u0435\u0434\u0438\u0430\u043d\u0430)=0.0000 n_sigma_cal(\u043c\u0435\u0434\u0438\u0430\u043d\u0430)=3.00 \u0433\u043e\u0440\u044f\u0447\u0438\u0445(>5%)=1 vibro_rear_support:0.11
💾 БД: сохранено 392 новых аномалий
💾 БД: anomalies_t — 392 новых записей (SHAP у 392/392)
💾 health: обновлено 3049 точек
💾 ohangaron_live_state.json: 47 датчиков, 392 событий
✅ Цикл завершен за 74 сек

⏳ Ожидание 5 мин...

============================================================
🔄 Обновление #24 (14:37:25)
🔄 ОБНОВЛЕНИЕ: Запрос данных после 2026-06-23 09:33:00.443614+00:00...
  📊 Добавлено 280 строк
  📍 ГПА-1: смены режима (1): ['06-14 13:45']
  📍 ГПА-2: смены режима (0): []
  📍 ГПА-3: смены режима (1): ['06-15 20:20']
📊 Дашборд готов: C:\Users\Timur\Desktop\UTG\КС\cs_4\backend\anomaly_live.html
2026-06-23 14:37:58,344 INFO live_predict detect-diag: \u0434\u0430\u0442\u0447\u0438\u043a\u043e\u0432=47 \u043f\u043e\u043a\u0440\u044b\u0442\u0438\u0435(\u043c\u0435\u0434\u0438\u0430\u043d\u0430)=1.000 \u0430\u043b\u0430\u0440\u043c\u044b(\u043c\u0435\u0434\u0438\u0430\u043d\u0430)=0.0000 n_sigma_cal(\u043c\u0435\u0434\u0438\u0430\u043d\u0430)=3.00 \u0433\u043e\u0440\u044f\u0447\u0438\u0445(>5%)=1 vibro_rear_support:0.11
💾 БД: сохранено 393 новых аномалий
💾 БД: anomalies_t — 393 новых записей (SHAP у 393/393)
💾 health: обновлено 3049 точек
💾 ohangaron_live_state.json: 47 датчиков, 393 событий
✅ Цикл завершен за 77 сек

⏳ Ожидание 5 мин...

============================================================
🔄 Обновление #25 (14:43:43)
🔄 ОБНОВЛЕНИЕ: Запрос данных после 2026-06-23 09:38:01.789343+00:00...
  📊 Добавлено 280 строк
  📍 ГПА-1: смены режима (1): ['06-14 13:45']
  📍 ГПА-2: смены режима (0): []
  📍 ГПА-3: смены режима (1): ['06-15 20:20']
📊 Дашборд готов: C:\Users\Timur\Desktop\UTG\КС\cs_4\backend\anomaly_live.html
2026-06-23 14:44:01,429 INFO live_predict detect-diag: \u0434\u0430\u0442\u0447\u0438\u043a\u043e\u0432=47 \u043f\u043e\u043a\u0440\u044b\u0442\u0438\u0435(\u043c\u0435\u0434\u0438\u0430\u043d\u0430)=1.000 \u0430\u043b\u0430\u0440\u043c\u044b(\u043c\u0435\u0434\u0438\u0430\u043d\u0430)=0.0000 n_sigma_cal(\u043c\u0435\u0434\u0438\u0430\u043d\u0430)=3.00 \u0433\u043e\u0440\u044f\u0447\u0438\u0445(>5%)=1 vibro_rear_support:0.11
💾 БД: сохранено 393 новых аномалий
💾 БД: anomalies_t — 393 новых записей (SHAP у 393/393)
💾 health: обновлено 3049 точек
💾 ohangaron_live_state.json: 47 датчиков, 393 событий
✅ Цикл завершен за 44 сек

⏳ Ожидание 5 мин...

============================================================
🔄 Обновление #26 (14:49:27)
🔄 ОБНОВЛЕНИЕ: Запрос данных после 2026-06-23 09:43:03.369073+00:00...
  📊 Добавлено 280 строк
  📍 ГПА-1: смены режима (1): ['06-14 13:45']
  📍 ГПА-2: смены режима (0): []
  📍 ГПА-3: смены режима (1): ['06-15 20:20']
📊 Дашборд готов: C:\Users\Timur\Desktop\UTG\КС\cs_4\backend\anomaly_live.html
2026-06-23 14:49:47,819 INFO live_predict detect-diag: \u0434\u0430\u0442\u0447\u0438\u043a\u043e\u0432=47 \u043f\u043e\u043a\u0440\u044b\u0442\u0438\u0435(\u043c\u0435\u0434\u0438\u0430\u043d\u0430)=1.000 \u0430\u043b\u0430\u0440\u043c\u044b(\u043c\u0435\u0434\u0438\u0430\u043d\u0430)=0.0000 n_sigma_cal(\u043c\u0435\u0434\u0438\u0430\u043d\u0430)=3.00 \u0433\u043e\u0440\u044f\u0447\u0438\u0445(>5%)=1 vibro_rear_support:0.11
💾 БД: сохранено 393 новых аномалий
💾 БД: anomalies_t — 393 новых записей (SHAP у 393/393)
💾 health: обновлено 3050 точек
💾 ohangaron_live_state.json: 47 датчиков, 393 событий
✅ Цикл завершен за 47 сек

⏳ Ожидание 5 мин...

============================================================
🔄 Обновление #27 (14:55:14)
🔄 ОБНОВЛЕНИЕ: Запрос данных после 2026-06-23 09:48:04.558802+00:00...
  📊 Добавлено 280 строк
  📍 ГПА-1: смены режима (1): ['06-14 13:45']
  📍 ГПА-2: смены режима (0): []
  📍 ГПА-3: смены режима (1): ['06-15 20:20']
📊 Дашборд готов: C:\Users\Timur\Desktop\UTG\КС\cs_4\backend\anomaly_live.html
2026-06-23 14:55:37,509 INFO live_predict detect-diag: \u0434\u0430\u0442\u0447\u0438\u043a\u043e\u0432=47 \u043f\u043e\u043a\u0440\u044b\u0442\u0438\u0435(\u043c\u0435\u0434\u0438\u0430\u043d\u0430)=1.000 \u0430\u043b\u0430\u0440\u043c\u044b(\u043c\u0435\u0434\u0438\u0430\u043d\u0430)=0.0000 n_sigma_cal(\u043c\u0435\u0434\u0438\u0430\u043d\u0430)=3.00 \u0433\u043e\u0440\u044f\u0447\u0438\u0445(>5%)=1 vibro_rear_support:0.11
💾 БД: сохранено 393 новых аномалий
💾 БД: anomalies_t — 393 новых записей (SHAP у 393/393)
💾 health: обновлено 3050 точек
💾 ohangaron_live_state.json: 47 датчиков, 393 событий
✅ Цикл завершен за 56 сек

⏳ Ожидание 5 мин...

============================================================
🔄 Обновление #28 (15:01:10)
🔄 ОБНОВЛЕНИЕ: Запрос данных после 2026-06-23 09:53:05.966931+00:00...
  📊 Добавлено 420 строк
  📍 ГПА-1: смены режима (1): ['06-14 13:45']
  📍 ГПА-2: смены режима (0): []
  📍 ГПА-3: смены режима (1): ['06-15 20:20']
📊 Дашборд готов: C:\Users\Timur\Desktop\UTG\КС\cs_4\backend\anomaly_live.html
2026-06-23 15:01:32,338 INFO live_predict detect-diag: \u0434\u0430\u0442\u0447\u0438\u043a\u043e\u0432=47 \u043f\u043e\u043a\u0440\u044b\u0442\u0438\u0435(\u043c\u0435\u0434\u0438\u0430\u043d\u0430)=1.000 \u0430\u043b\u0430\u0440\u043c\u044b(\u043c\u0435\u0434\u0438\u0430\u043d\u0430)=0.0000 n_sigma_cal(\u043c\u0435\u0434\u0438\u0430\u043d\u0430)=3.00 \u0433\u043e\u0440\u044f\u0447\u0438\u0445(>5%)=1 vibro_rear_support:0.11
💾 БД: сохранено 393 новых аномалий
💾 БД: anomalies_t — 393 новых записей (SHAP у 393/393)
💾 health: обновлено 3052 точек
💾 ohangaron_live_state.json: 47 датчиков, 393 событий
✅ Цикл завершен за 49 сек

⏳ Ожидание 5 мин...

============================================================
🔄 Обновление #29 (15:07:00)
🔄 ОБНОВЛЕНИЕ: Запрос данных после 2026-06-23 10:03:09.781592+00:00...
  📊 Добавлено 280 строк
  📍 ГПА-1: смены режима (1): ['06-14 13:45']
  📍 ГПА-2: смены режима (0): []
  📍 ГПА-3: смены режима (1): ['06-15 20:20']
📊 Дашборд готов: C:\Users\Timur\Desktop\UTG\КС\cs_4\backend\anomaly_live.html
2026-06-23 15:07:21,838 INFO live_predict detect-diag: \u0434\u0430\u0442\u0447\u0438\u043a\u043e\u0432=47 \u043f\u043e\u043a\u0440\u044b\u0442\u0438\u0435(\u043c\u0435\u0434\u0438\u0430\u043d\u0430)=1.000 \u0430\u043b\u0430\u0440\u043c\u044b(\u043c\u0435\u0434\u0438\u0430\u043d\u0430)=0.0000 n_sigma_cal(\u043c\u0435\u0434\u0438\u0430\u043d\u0430)=3.00 \u0433\u043e\u0440\u044f\u0447\u0438\u0445(>5%)=1 vibro_rear_support:0.11
💾 БД: сохранено 393 новых аномалий
💾 БД: anomalies_t — 393 новых записей (SHAP у 393/393)
💾 health: обновлено 3052 точек
💾 ohangaron_live_state.json: 47 датчиков, 393 событий
✅ Цикл завершен за 48 сек

⏳ Ожидание 5 мин...

============================================================
🔄 Обновление #30 (15:12:48)
🔄 ОБНОВЛЕНИЕ: Запрос данных после 2026-06-23 10:08:11.111721+00:00...
  📊 Добавлено 280 строк
  📍 ГПА-1: смены режима (1): ['06-14 13:45']
  📍 ГПА-2: смены режима (0): []
  📍 ГПА-3: смены режима (1): ['06-15 20:20']
📊 Дашборд готов: C:\Users\Timur\Desktop\UTG\КС\cs_4\backend\anomaly_live.html
2026-06-23 15:13:13,981 INFO live_predict detect-diag: \u0434\u0430\u0442\u0447\u0438\u043a\u043e\u0432=47 \u043f\u043e\u043a\u0440\u044b\u0442\u0438\u0435(\u043c\u0435\u0434\u0438\u0430\u043d\u0430)=1.000 \u0430\u043b\u0430\u0440\u043c\u044b(\u043c\u0435\u0434\u0438\u0430\u043d\u0430)=0.0000 n_sigma_cal(\u043c\u0435\u0434\u0438\u0430\u043d\u0430)=3.00 \u0433\u043e\u0440\u044f\u0447\u0438\u0445(>5%)=1 vibro_rear_support:0.11
💾 БД: сохранено 393 новых аномалий
💾 БД: anomalies_t — 393 новых записей (SHAP у 393/393)
💾 health: обновлено 3052 точек
💾 ohangaron_live_state.json: 47 датчиков, 393 событий
✅ Цикл завершен за 59 сек

⏳ Ожидание 5 мин...

============================================================
🔄 Обновление #31 (15:18:47)
🔄 ОБНОВЛЕНИЕ: Запрос данных после 2026-06-23 10:13:12.363850+00:00...
  📊 Добавлено 280 строк
  📍 ГПА-1: смены режима (1): ['06-14 13:45']
  📍 ГПА-2: смены режима (0): []
  📍 ГПА-3: смены режима (1): ['06-15 20:20']
📊 Дашборд готов: C:\Users\Timur\Desktop\UTG\КС\cs_4\backend\anomaly_live.html
2026-06-23 15:19:14,193 INFO live_predict detect-diag: \u0434\u0430\u0442\u0447\u0438\u043a\u043e\u0432=47 \u043f\u043e\u043a\u0440\u044b\u0442\u0438\u0435(\u043c\u0435\u0434\u0438\u0430\u043d\u0430)=1.000 \u0430\u043b\u0430\u0440\u043c\u044b(\u043c\u0435\u0434\u0438\u0430\u043d\u0430)=0.0000 n_sigma_cal(\u043c\u0435\u0434\u0438\u0430\u043d\u0430)=3.00 \u0433\u043e\u0440\u044f\u0447\u0438\u0445(>5%)=1 vibro_rear_support:0.11
💾 БД: сохранено 393 новых аномалий
💾 БД: anomalies_t — 393 новых записей (SHAP у 393/393)
💾 health: обновлено 3052 точек
💾 ohangaron_live_state.json: 47 датчиков, 393 событий
✅ Цикл завершен за 55 сек

⏳ Ожидание 5 мин...

============================================================
🔄 Обновление #32 (15:24:43)
🔄 ОБНОВЛЕНИЕ: Запрос данных после 2026-06-23 10:18:13.927980+00:00...
  📊 Добавлено 280 строк
  📍 ГПА-1: смены режима (1): ['06-14 13:45']
  📍 ГПА-2: смены режима (0): []
  📍 ГПА-3: смены режима (1): ['06-15 20:20']
📊 Дашборд готов: C:\Users\Timur\Desktop\UTG\КС\cs_4\backend\anomaly_live.html
2026-06-23 15:25:08,439 INFO live_predict detect-diag: \u0434\u0430\u0442\u0447\u0438\u043a\u043e\u0432=47 \u043f\u043e\u043a\u0440\u044b\u0442\u0438\u0435(\u043c\u0435\u0434\u0438\u0430\u043d\u0430)=1.000 \u0430\u043b\u0430\u0440\u043c\u044b(\u043c\u0435\u0434\u0438\u0430\u043d\u0430)=0.0000 n_sigma_cal(\u043c\u0435\u0434\u0438\u0430\u043d\u0430)=3.00 \u0433\u043e\u0440\u044f\u0447\u0438\u0445(>5%)=1 vibro_rear_support:0.11
💾 БД: сохранено 393 новых аномалий
💾 БД: anomalies_t — 393 новых записей (SHAP у 393/393)
💾 health: обновлено 3053 точек
💾 ohangaron_live_state.json: 47 датчиков, 393 событий
✅ Цикл завершен за 56 сек

⏳ Ожидание 5 мин...

============================================================
🔄 Обновление #33 (15:30:40)
🔄 ОБНОВЛЕНИЕ: Запрос данных после 2026-06-23 10:23:15.367309+00:00...
  📊 Добавлено 420 строк
  📍 ГПА-1: смены режима (1): ['06-14 13:45']
  📍 ГПА-2: смены режима (0): []
  📍 ГПА-3: смены режима (1): ['06-15 20:20']
📊 Дашборд готов: C:\Users\Timur\Desktop\UTG\КС\cs_4\backend\anomaly_live.html
2026-06-23 15:31:03,156 INFO live_predict detect-diag: \u0434\u0430\u0442\u0447\u0438\u043a\u043e\u0432=47 \u043f\u043e\u043a\u0440\u044b\u0442\u0438\u0435(\u043c\u0435\u0434\u0438\u0430\u043d\u0430)=1.000 \u0430\u043b\u0430\u0440\u043c\u044b(\u043c\u0435\u0434\u0438\u0430\u043d\u0430)=0.0000 n_sigma_cal(\u043c\u0435\u0434\u0438\u0430\u043d\u0430)=3.00 \u0433\u043e\u0440\u044f\u0447\u0438\u0445(>5%)=1 vibro_rear_support:0.11
💾 БД: сохранено 393 новых аномалий
💾 БД: anomalies_t — 393 новых записей (SHAP у 393/393)
💾 health: обновлено 3053 точек
💾 ohangaron_live_state.json: 47 датчиков, 393 событий
✅ Цикл завершен за 122 сек

⏳ Ожидание 5 мин...

============================================================
🔄 Обновление #34 (15:37:43)
🔄 ОБНОВЛЕНИЕ: Запрос данных после 2026-06-23 10:33:18.074368+00:00...
  📊 Добавлено 280 строк
  📍 ГПА-1: смены режима (1): ['06-14 13:45']
  📍 ГПА-2: смены режима (0): []
  📍 ГПА-3: смены режима (1): ['06-15 20:20']
📊 Дашборд готов: C:\Users\Timur\Desktop\UTG\КС\cs_4\backend\anomaly_live.html
2026-06-23 15:38:05,682 INFO live_predict detect-diag: \u0434\u0430\u0442\u0447\u0438\u043a\u043e\u0432=47 \u043f\u043e\u043a\u0440\u044b\u0442\u0438\u0435(\u043c\u0435\u0434\u0438\u0430\u043d\u0430)=1.000 \u0430\u043b\u0430\u0440\u043c\u044b(\u043c\u0435\u0434\u0438\u0430\u043d\u0430)=0.0000 n_sigma_cal(\u043c\u0435\u0434\u0438\u0430\u043d\u0430)=3.00 \u0433\u043e\u0440\u044f\u0447\u0438\u0445(>5%)=1 vibro_rear_support:0.11
💾 БД: сохранено 393 новых аномалий
💾 БД: anomalies_t — 393 новых записей (SHAP у 393/393)
💾 health: обновлено 3053 точек
💾 ohangaron_live_state.json: 47 датчиков, 393 событий
✅ Цикл завершен за 54 сек

⏳ Ожидание 5 мин...

============================================================
🔄 Обновление #35 (15:43:38)
🔄 ОБНОВЛЕНИЕ: Запрос данных после 2026-06-23 10:38:19.498097+00:00...
  📊 Добавлено 280 строк
  📍 ГПА-1: смены режима (1): ['06-14 13:45']
  📍 ГПА-2: смены режима (0): []
  📍 ГПА-3: смены режима (1): ['06-15 20:20']
📊 Дашборд готов: C:\Users\Timur\Desktop\UTG\КС\cs_4\backend\anomaly_live.html
2026-06-23 15:43:59,612 INFO live_predict detect-diag: \u0434\u0430\u0442\u0447\u0438\u043a\u043e\u0432=47 \u043f\u043e\u043a\u0440\u044b\u0442\u0438\u0435(\u043c\u0435\u0434\u0438\u0430\u043d\u0430)=1.000 \u0430\u043b\u0430\u0440\u043c\u044b(\u043c\u0435\u0434\u0438\u0430\u043d\u0430)=0.0000 n_sigma_cal(\u043c\u0435\u0434\u0438\u0430\u043d\u0430)=3.00 \u0433\u043e\u0440\u044f\u0447\u0438\u0445(>5%)=1 vibro_rear_support:0.11
💾 БД: сохранено 393 новых аномалий
💾 БД: anomalies_t — 393 новых записей (SHAP у 393/393)
💾 health: обновлено 3053 точек
💾 ohangaron_live_state.json: 47 датчиков, 393 событий
✅ Цикл завершен за 49 сек

⏳ Ожидание 5 мин...

============================================================
🔄 Обновление #36 (15:49:28)
🔄 ОБНОВЛЕНИЕ: Запрос данных после 2026-06-23 10:43:21.280627+00:00...
  📊 Добавлено 280 строк
  📍 ГПА-1: смены режима (1): ['06-14 13:45']
  📍 ГПА-2: смены режима (0): []
  📍 ГПА-3: смены режима (1): ['06-15 20:20']
📊 Дашборд готов: C:\Users\Timur\Desktop\UTG\КС\cs_4\backend\anomaly_live.html
2026-06-23 15:49:51,694 INFO live_predict detect-diag: \u0434\u0430\u0442\u0447\u0438\u043a\u043e\u0432=47 \u043f\u043e\u043a\u0440\u044b\u0442\u0438\u0435(\u043c\u0435\u0434\u0438\u0430\u043d\u0430)=1.000 \u0430\u043b\u0430\u0440\u043c\u044b(\u043c\u0435\u0434\u0438\u0430\u043d\u0430)=0.0000 n_sigma_cal(\u043c\u0435\u0434\u0438\u0430\u043d\u0430)=3.00 \u0433\u043e\u0440\u044f\u0447\u0438\u0445(>5%)=1 vibro_rear_support:0.11
💾 БД: сохранено 393 новых аномалий
💾 БД: anomalies_t — 393 новых записей (SHAP у 393/393)
💾 health: обновлено 3054 точек
💾 ohangaron_live_state.json: 47 датчиков, 393 событий
✅ Цикл завершен за 55 сек

⏳ Ожидание 5 мин...

============================================================
🔄 Обновление #37 (15:55:24)
🔄 ОБНОВЛЕНИЕ: Запрос данных после 2026-06-23 10:48:23.063157+00:00...
  📊 Добавлено 280 строк
  📍 ГПА-1: смены режима (1): ['06-14 13:45']
  📍 ГПА-2: смены режима (0): []
  📍 ГПА-3: смены режима (1): ['06-15 20:20']
📊 Дашборд готов: C:\Users\Timur\Desktop\UTG\КС\cs_4\backend\anomaly_live.html
2026-06-23 15:55:47,248 INFO live_predict detect-diag: \u0434\u0430\u0442\u0447\u0438\u043a\u043e\u0432=47 \u043f\u043e\u043a\u0440\u044b\u0442\u0438\u0435(\u043c\u0435\u0434\u0438\u0430\u043d\u0430)=1.000 \u0430\u043b\u0430\u0440\u043c\u044b(\u043c\u0435\u0434\u0438\u0430\u043d\u0430)=0.0000 n_sigma_cal(\u043c\u0435\u0434\u0438\u0430\u043d\u0430)=3.00 \u0433\u043e\u0440\u044f\u0447\u0438\u0445(>5%)=1 vibro_rear_support:0.11
💾 БД: сохранено 393 новых аномалий
💾 БД: anomalies_t — 393 новых записей (SHAP у 393/393)
💾 health: обновлено 3054 точек
💾 ohangaron_live_state.json: 47 датчиков, 393 событий
✅ Цикл завершен за 54 сек

⏳ Ожидание 5 мин...

============================================================
🔄 Обновление #38 (16:01:19)
🔄 ОБНОВЛЕНИЕ: Запрос данных после 2026-06-23 10:53:24.471287+00:00...
❌ Ошибка: server closed the connection unexpectedly
	This probably means the server terminated abnormally
	before or while processing the request.

  ℹ️ Новых срезов в БД пока нет

⏳ Ожидание 5 мин...

============================================================
🔄 Обновление #39 (16:06:19)
🔄 ОБНОВЛЕНИЕ: Запрос данных после 2026-06-23 10:53:24.471287+00:00...
❌ Ошибка: connection to server at "10.1.30.164", port 5432 failed: Connection timed out (0x0000274C/10060)
	Is the server running on that host and accepting TCP/IP connections?

  ℹ️ Новых срезов в БД пока нет

⏳ Ожидание 5 мин...

============================================================
🔄 Обновление #40 (16:12:32)
🔄 ОБНОВЛЕНИЕ: Запрос данных после 2026-06-23 10:53:24.471287+00:00...
❌ Ошибка: connection to server at "10.1.30.164", port 5432 failed: Connection timed out (0x0000274C/10060)
	Is the server running on that host and accepting TCP/IP connections?

  ℹ️ Новых срезов в БД пока нет

⏳ Ожидание 5 мин...

============================================================
🔄 Обновление #41 (16:18:44)
🔄 ОБНОВЛЕНИЕ: Запрос данных после 2026-06-23 10:53:24.471287+00:00...
  📊 Добавлено 840 строк
  📍 ГПА-1: смены режима (1): ['06-14 13:45']
  📍 ГПА-2: смены режима (0): []
  📍 ГПА-3: смены режима (1): ['06-15 20:20']
📊 Дашборд готов: C:\Users\Timur\Desktop\UTG\КС\cs_4\backend\anomaly_live.html
2026-06-23 16:19:10,496 INFO live_predict detect-diag: \u0434\u0430\u0442\u0447\u0438\u043a\u043e\u0432=47 \u043f\u043e\u043a\u0440\u044b\u0442\u0438\u0435(\u043c\u0435\u0434\u0438\u0430\u043d\u0430)=1.000 \u0430\u043b\u0430\u0440\u043c\u044b(\u043c\u0435\u0434\u0438\u0430\u043d\u0430)=0.0000 n_sigma_cal(\u043c\u0435\u0434\u0438\u0430\u043d\u0430)=3.00 \u0433\u043e\u0440\u044f\u0447\u0438\u0445(>5%)=1 vibro_rear_support:0.11
💾 БД: сохранено 394 новых аномалий
💾 БД: anomalies_t — 394 новых записей (SHAP у 394/394)
💾 health: обновлено 3054 точек
💾 ohangaron_live_state.json: 47 датчиков, 394 событий
✅ Цикл завершен за 57 сек

⏳ Ожидание 5 мин...

============================================================
🔄 Обновление #42 (16:24:41)
🔄 ОБНОВЛЕНИЕ: Запрос данных после 2026-06-23 11:18:31.995535+00:00...
  📊 Добавлено 280 строк
  📍 ГПА-1: смены режима (1): ['06-14 13:45']
  📍 ГПА-2: смены режима (0): []
  📍 ГПА-3: смены режима (1): ['06-15 20:20']
📊 Дашборд готов: C:\Users\Timur\Desktop\UTG\КС\cs_4\backend\anomaly_live.html
2026-06-23 16:25:14,044 INFO live_predict detect-diag: \u0434\u0430\u0442\u0447\u0438\u043a\u043e\u0432=47 \u043f\u043e\u043a\u0440\u044b\u0442\u0438\u0435(\u043c\u0435\u0434\u0438\u0430\u043d\u0430)=1.000 \u0430\u043b\u0430\u0440\u043c\u044b(\u043c\u0435\u0434\u0438\u0430\u043d\u0430)=0.0000 n_sigma_cal(\u043c\u0435\u0434\u0438\u0430\u043d\u0430)=3.00 \u0433\u043e\u0440\u044f\u0447\u0438\u0445(>5%)=1 vibro_rear_support:0.11
💾 БД: сохранено 394 новых аномалий
💾 БД: anomalies_t — 394 новых записей (SHAP у 394/394)
💾 health: обновлено 3054 точек
💾 ohangaron_live_state.json: 47 датчиков, 394 событий
✅ Цикл завершен за 63 сек

⏳ Ожидание 5 мин...

============================================================
🔄 Обновление #43 (16:30:45)
🔄 ОБНОВЛЕНИЕ: Запрос данных после 2026-06-23 11:23:33.247664+00:00...
  📊 Добавлено 280 строк
  📍 ГПА-1: смены режима (1): ['06-14 13:45']
  📍 ГПА-2: смены режима (0): []
  📍 ГПА-3: смены режима (1): ['06-15 20:20']
📊 Дашборд готов: C:\Users\Timur\Desktop\UTG\КС\cs_4\backend\anomaly_live.html
2026-06-23 16:31:08,983 INFO live_predict detect-diag: \u0434\u0430\u0442\u0447\u0438\u043a\u043e\u0432=47 \u043f\u043e\u043a\u0440\u044b\u0442\u0438\u0435(\u043c\u0435\u0434\u0438\u0430\u043d\u0430)=1.000 \u0430\u043b\u0430\u0440\u043c\u044b(\u043c\u0435\u0434\u0438\u0430\u043d\u0430)=0.0000 n_sigma_cal(\u043c\u0435\u0434\u0438\u0430\u043d\u0430)=3.00 \u0433\u043e\u0440\u044f\u0447\u0438\u0445(>5%)=1 vibro_rear_support:0.11
💾 БД: сохранено 394 новых аномалий
💾 БД: anomalies_t — 394 новых записей (SHAP у 394/394)
💾 health: обновлено 3054 точек
💾 ohangaron_live_state.json: 47 датчиков, 394 событий
✅ Цикл завершен за 56 сек

⏳ Ожидание 5 мин...

============================================================
🔄 Обновление #44 (16:36:41)
🔄 ОБНОВЛЕНИЕ: Запрос данных после 2026-06-23 11:28:34.624593+00:00...
  📊 Добавлено 420 строк
  📍 ГПА-1: смены режима (1): ['06-14 13:45']
  📍 ГПА-2: смены режима (0): []
  📍 ГПА-3: смены режима (1): ['06-15 20:20']
📊 Дашборд готов: C:\Users\Timur\Desktop\UTG\КС\cs_4\backend\anomaly_live.html
2026-06-23 16:37:08,969 INFO live_predict detect-diag: \u0434\u0430\u0442\u0447\u0438\u043a\u043e\u0432=47 \u043f\u043e\u043a\u0440\u044b\u0442\u0438\u0435(\u043c\u0435\u0434\u0438\u0430\u043d\u0430)=1.000 \u0430\u043b\u0430\u0440\u043c\u044b(\u043c\u0435\u0434\u0438\u0430\u043d\u0430)=0.0000 n_sigma_cal(\u043c\u0435\u0434\u0438\u0430\u043d\u0430)=3.00 \u0433\u043e\u0440\u044f\u0447\u0438\u0445(>5%)=1 vibro_rear_support:0.11
💾 БД: сохранено 394 новых аномалий
💾 БД: anomalies_t — 394 новых записей (SHAP у 394/394)
💾 health: обновлено 3054 точек
💾 ohangaron_live_state.json: 47 датчиков, 394 событий
✅ Цикл завершен за 58 сек

⏳ Ожидание 5 мин...

============================================================
🔄 Обновление #45 (16:42:39)
🔄 ОБНОВЛЕНИЕ: Запрос данных после 2026-06-23 11:38:37.175651+00:00...
  📊 Добавлено 280 строк
  📍 ГПА-1: смены режима (1): ['06-14 13:45']
  📍 ГПА-2: смены режима (0): []
  📍 ГПА-3: смены режима (1): ['06-15 20:20']
📊 Дашборд готов: C:\Users\Timur\Desktop\UTG\КС\cs_4\backend\anomaly_live.html
2026-06-23 16:43:05,615 INFO live_predict detect-diag: \u0434\u0430\u0442\u0447\u0438\u043a\u043e\u0432=47 \u043f\u043e\u043a\u0440\u044b\u0442\u0438\u0435(\u043c\u0435\u0434\u0438\u0430\u043d\u0430)=1.000 \u0430\u043b\u0430\u0440\u043c\u044b(\u043c\u0435\u0434\u0438\u0430\u043d\u0430)=0.0000 n_sigma_cal(\u043c\u0435\u0434\u0438\u0430\u043d\u0430)=3.00 \u0433\u043e\u0440\u044f\u0447\u0438\u0445(>5%)=1 vibro_rear_support:0.11
💾 БД: сохранено 394 новых аномалий
💾 БД: anomalies_t — 394 новых записей (SHAP у 394/394)
💾 health: обновлено 3054 точек
💾 ohangaron_live_state.json: 47 датчиков, 394 событий
✅ Цикл завершен за 59 сек

⏳ Ожидание 5 мин...

============================================================
🔄 Обновление #46 (16:48:39)
🔄 ОБНОВЛЕНИЕ: Запрос данных после 2026-06-23 11:43:38.396580+00:00...
  📊 Добавлено 280 строк
  📍 ГПА-1: смены режима (1): ['06-14 13:45']
  📍 ГПА-2: смены режима (0): []
  📍 ГПА-3: смены режима (1): ['06-15 20:20']
📊 Дашборд готов: C:\Users\Timur\Desktop\UTG\КС\cs_4\backend\anomaly_live.html
2026-06-23 16:49:08,675 INFO live_predict detect-diag: \u0434\u0430\u0442\u0447\u0438\u043a\u043e\u0432=47 \u043f\u043e\u043a\u0440\u044b\u0442\u0438\u0435(\u043c\u0435\u0434\u0438\u0430\u043d\u0430)=1.000 \u0430\u043b\u0430\u0440\u043c\u044b(\u043c\u0435\u0434\u0438\u0430\u043d\u0430)=0.0000 n_sigma_cal(\u043c\u0435\u0434\u0438\u0430\u043d\u0430)=3.00 \u0433\u043e\u0440\u044f\u0447\u0438\u0445(>5%)=1 vibro_rear_support:0.11
💾 БД: сохранено 395 новых аномалий
💾 БД: anomalies_t — 395 новых записей (SHAP у 395/395)
💾 health: обновлено 3054 точек
💾 ohangaron_live_state.json: 47 датчиков, 395 событий
✅ Цикл завершен за 64 сек

⏳ Ожидание 5 мин...

============================================================
🔄 Обновление #47 (16:54:43)
🔄 ОБНОВЛЕНИЕ: Запрос данных после 2026-06-23 11:48:39.586310+00:00...
  📊 Добавлено 280 строк
  📍 ГПА-1: смены режима (1): ['06-14 13:45']
  📍 ГПА-2: смены режима (0): []
  📍 ГПА-3: смены режима (1): ['06-15 20:20']
📊 Дашборд готов: C:\Users\Timur\Desktop\UTG\КС\cs_4\backend\anomaly_live.html
2026-06-23 16:55:07,623 INFO live_predict detect-diag: \u0434\u0430\u0442\u0447\u0438\u043a\u043e\u0432=47 \u043f\u043e\u043a\u0440\u044b\u0442\u0438\u0435(\u043c\u0435\u0434\u0438\u0430\u043d\u0430)=1.000 \u0430\u043b\u0430\u0440\u043c\u044b(\u043c\u0435\u0434\u0438\u0430\u043d\u0430)=0.0000 n_sigma_cal(\u043c\u0435\u0434\u0438\u0430\u043d\u0430)=3.00 \u0433\u043e\u0440\u044f\u0447\u0438\u0445(>5%)=1 vibro_rear_support:0.11
💾 БД: сохранено 395 новых аномалий
💾 БД: anomalies_t — 395 новых записей (SHAP у 395/395)
💾 health: обновлено 3054 точек
💾 ohangaron_live_state.json: 47 датчиков, 395 событий
✅ Цикл завершен за 55 сек

⏳ Ожидание 5 мин...

============================================================
🔄 Обновление #48 (17:00:39)
🔄 ОБНОВЛЕНИЕ: Запрос данных после 2026-06-23 11:53:41.181639+00:00...
  📊 Добавлено 280 строк
  📍 ГПА-1: смены режима (1): ['06-14 13:45']
  📍 ГПА-2: смены режима (0): []
  📍 ГПА-3: смены режима (1): ['06-15 20:20']
📊 Дашборд готов: C:\Users\Timur\Desktop\UTG\КС\cs_4\backend\anomaly_live.html
2026-06-23 17:01:01,216 INFO live_predict detect-diag: \u0434\u0430\u0442\u0447\u0438\u043a\u043e\u0432=47 \u043f\u043e\u043a\u0440\u044b\u0442\u0438\u0435(\u043c\u0435\u0434\u0438\u0430\u043d\u0430)=1.000 \u0430\u043b\u0430\u0440\u043c\u044b(\u043c\u0435\u0434\u0438\u0430\u043d\u0430)=0.0000 n_sigma_cal(\u043c\u0435\u0434\u0438\u0430\u043d\u0430)=3.00 \u0433\u043e\u0440\u044f\u0447\u0438\u0445(>5%)=1 vibro_rear_support:0.11
💾 БД: сохранено 395 новых аномалий
💾 БД: anomalies_t — 395 новых записей (SHAP у 395/395)
💾 health: обновлено 3054 точек
💾 ohangaron_live_state.json: 47 датчиков, 395 событий
✅ Цикл завершен за 57 сек

⏳ Ожидание 5 мин...

============================================================
🔄 Обновление #49 (17:06:36)
🔄 ОБНОВЛЕНИЕ: Запрос данных после 2026-06-23 11:58:42.589769+00:00...
  📊 Добавлено 420 строк
  📍 ГПА-1: смены режима (1): ['06-14 13:45']
  📍 ГПА-2: смены режима (0): []
  📍 ГПА-3: смены режима (1): ['06-15 20:20']
📊 Дашборд готов: C:\Users\Timur\Desktop\UTG\КС\cs_4\backend\anomaly_live.html
2026-06-23 17:06:59,565 INFO live_predict detect-diag: \u0434\u0430\u0442\u0447\u0438\u043a\u043e\u0432=47 \u043f\u043e\u043a\u0440\u044b\u0442\u0438\u0435(\u043c\u0435\u0434\u0438\u0430\u043d\u0430)=1.000 \u0430\u043b\u0430\u0440\u043c\u044b(\u043c\u0435\u0434\u0438\u0430\u043d\u0430)=0.0000 n_sigma_cal(\u043c\u0435\u0434\u0438\u0430\u043d\u0430)=3.00 \u0433\u043e\u0440\u044f\u0447\u0438\u0445(>5%)=1 vibro_rear_support:0.11
💾 БД: сохранено 395 новых аномалий
💾 БД: anomalies_t — 395 новых записей (SHAP у 395/395)
💾 health: обновлено 3054 точек
💾 ohangaron_live_state.json: 47 датчиков, 395 событий
✅ Цикл завершен за 55 сек

⏳ Ожидание 5 мин...

============================================================
🔄 Обновление #50 (17:12:32)
🔄 ОБНОВЛЕНИЕ: Запрос данных после 2026-06-23 12:08:45.218827+00:00...
  📊 Добавлено 280 строк
  📍 ГПА-1: смены режима (1): ['06-14 13:45']
  📍 ГПА-2: смены режима (0): []
  📍 ГПА-3: смены режима (1): ['06-15 20:20']
📊 Дашборд готов: C:\Users\Timur\Desktop\UTG\КС\cs_4\backend\anomaly_live.html
2026-06-23 17:12:55,603 INFO live_predict detect-diag: \u0434\u0430\u0442\u0447\u0438\u043a\u043e\u0432=47 \u043f\u043e\u043a\u0440\u044b\u0442\u0438\u0435(\u043c\u0435\u0434\u0438\u0430\u043d\u0430)=1.000 \u0430\u043b\u0430\u0440\u043c\u044b(\u043c\u0435\u0434\u0438\u0430\u043d\u0430)=0.0000 n_sigma_cal(\u043c\u0435\u0434\u0438\u0430\u043d\u0430)=3.00 \u0433\u043e\u0440\u044f\u0447\u0438\u0445(>5%)=1 vibro_rear_support:0.11
💾 БД: сохранено 395 новых аномалий
💾 БД: anomalies_t — 395 новых записей (SHAP у 395/395)
💾 health: обновлено 3054 точек
💾 ohangaron_live_state.json: 47 датчиков, 395 событий
✅ Цикл завершен за 56 сек

⏳ Ожидание 5 мин...

============================================================
🔄 Обновление #51 (17:18:29)
🔄 ОБНОВЛЕНИЕ: Запрос данных после 2026-06-23 12:13:46.564556+00:00...
  📊 Добавлено 280 строк
  📍 ГПА-1: смены режима (1): ['06-14 13:45']
  📍 ГПА-2: смены режима (0): []
  📍 ГПА-3: смены режима (1): ['06-15 20:20']
📊 Дашборд готов: C:\Users\Timur\Desktop\UTG\КС\cs_4\backend\anomaly_live.html
2026-06-23 17:18:53,416 INFO live_predict detect-diag: \u0434\u0430\u0442\u0447\u0438\u043a\u043e\u0432=47 \u043f\u043e\u043a\u0440\u044b\u0442\u0438\u0435(\u043c\u0435\u0434\u0438\u0430\u043d\u0430)=1.000 \u0430\u043b\u0430\u0440\u043c\u044b(\u043c\u0435\u0434\u0438\u0430\u043d\u0430)=0.0000 n_sigma_cal(\u043c\u0435\u0434\u0438\u0430\u043d\u0430)=3.00 \u0433\u043e\u0440\u044f\u0447\u0438\u0445(>5%)=1 vibro_rear_support:0.11
💾 БД: сохранено 395 новых аномалий
💾 БД: anomalies_t — 395 новых записей (SHAP у 395/395)
💾 health: обновлено 3054 точек
💾 ohangaron_live_state.json: 47 датчиков, 395 событий
✅ Цикл завершен за 60 сек

⏳ Ожидание 5 мин...

============================================================
🔄 Обновление #52 (17:24:29)
🔄 ОБНОВЛЕНИЕ: Запрос данных после 2026-06-23 12:18:47.925886+00:00...
  📊 Добавлено 280 строк
  📍 ГПА-1: смены режима (1): ['06-14 13:45']
  📍 ГПА-2: смены режима (0): []
  📍 ГПА-3: смены режима (1): ['06-15 20:20']
📊 Дашборд готов: C:\Users\Timur\Desktop\UTG\КС\cs_4\backend\anomaly_live.html
2026-06-23 17:25:06,435 INFO live_predict detect-diag: \u0434\u0430\u0442\u0447\u0438\u043a\u043e\u0432=47 \u043f\u043e\u043a\u0440\u044b\u0442\u0438\u0435(\u043c\u0435\u0434\u0438\u0430\u043d\u0430)=1.000 \u0430\u043b\u0430\u0440\u043c\u044b(\u043c\u0435\u0434\u0438\u0430\u043d\u0430)=0.0000 n_sigma_cal(\u043c\u0435\u0434\u0438\u0430\u043d\u0430)=3.00 \u0433\u043e\u0440\u044f\u0447\u0438\u0445(>5%)=1 vibro_rear_support:0.11
💾 БД: сохранено 396 новых аномалий
💾 БД: anomalies_t — 396 новых записей (SHAP у 396/396)
💾 health: обновлено 3054 точек
💾 ohangaron_live_state.json: 47 датчиков, 396 событий
✅ Цикл завершен за 88 сек

⏳ Ожидание 5 мин...

============================================================
🔄 Обновление #53 (17:30:58)
🔄 ОБНОВЛЕНИЕ: Запрос данных после 2026-06-23 12:23:49.334015+00:00...
  📊 Добавлено 280 строк
  📍 ГПА-1: смены режима (1): ['06-14 13:45']
  📍 ГПА-2: смены режима (0): []
  📍 ГПА-3: смены режима (1): ['06-15 20:20']
📊 Дашборд готов: C:\Users\Timur\Desktop\UTG\КС\cs_4\backend\anomaly_live.html
2026-06-23 17:31:24,175 INFO live_predict detect-diag: \u0434\u0430\u0442\u0447\u0438\u043a\u043e\u0432=47 \u043f\u043e\u043a\u0440\u044b\u0442\u0438\u0435(\u043c\u0435\u0434\u0438\u0430\u043d\u0430)=1.000 \u0430\u043b\u0430\u0440\u043c\u044b(\u043c\u0435\u0434\u0438\u0430\u043d\u0430)=0.0000 n_sigma_cal(\u043c\u0435\u0434\u0438\u0430\u043d\u0430)=3.00 \u0433\u043e\u0440\u044f\u0447\u0438\u0445(>5%)=1 vibro_rear_support:0.11
💾 БД: сохранено 396 новых аномалий
💾 БД: anomalies_t — 396 новых записей (SHAP у 396/396)
💾 health: обновлено 3054 точек
💾 ohangaron_live_state.json: 47 датчиков, 396 событий
✅ Цикл завершен за 57 сек

⏳ Ожидание 5 мин...

============================================================
🔄 Обновление #54 (17:36:56)
🔄 ОБНОВЛЕНИЕ: Запрос данных после 2026-06-23 12:28:50.742144+00:00...
  📊 Добавлено 420 строк
  📍 ГПА-1: смены режима (1): ['06-14 13:45']
  📍 ГПА-2: смены режима (0): []
  📍 ГПА-3: смены режима (1): ['06-15 20:20']
📊 Дашборд готов: C:\Users\Timur\Desktop\UTG\КС\cs_4\backend\anomaly_live.html
2026-06-23 17:37:17,117 INFO live_predict detect-diag: \u0434\u0430\u0442\u0447\u0438\u043a\u043e\u0432=47 \u043f\u043e\u043a\u0440\u044b\u0442\u0438\u0435(\u043c\u0435\u0434\u0438\u0430\u043d\u0430)=1.000 \u0430\u043b\u0430\u0440\u043c\u044b(\u043c\u0435\u0434\u0438\u0430\u043d\u0430)=0.0000 n_sigma_cal(\u043c\u0435\u0434\u0438\u0430\u043d\u0430)=3.00 \u0433\u043e\u0440\u044f\u0447\u0438\u0445(>5%)=1 vibro_rear_support:0.11
💾 БД: сохранено 397 новых аномалий
💾 БД: anomalies_t — 397 новых записей (SHAP у 397/397)
💾 health: обновлено 3054 точек
💾 ohangaron_live_state.json: 47 датчиков, 397 событий
✅ Цикл завершен за 52 сек

⏳ Ожидание 5 мин...

============================================================
🔄 Обновление #55 (17:42:48)
🔄 ОБНОВЛЕНИЕ: Запрос данных после 2026-06-23 12:38:53.355603+00:00...
  📊 Добавлено 280 строк
  📍 ГПА-1: смены режима (1): ['06-14 13:45']
  📍 ГПА-2: смены режима (0): []
  📍 ГПА-3: смены режима (1): ['06-15 20:20']
📊 Дашборд готов: C:\Users\Timur\Desktop\UTG\КС\cs_4\backend\anomaly_live.html
2026-06-23 17:43:14,041 INFO live_predict detect-diag: \u0434\u0430\u0442\u0447\u0438\u043a\u043e\u0432=47 \u043f\u043e\u043a\u0440\u044b\u0442\u0438\u0435(\u043c\u0435\u0434\u0438\u0430\u043d\u0430)=1.000 \u0430\u043b\u0430\u0440\u043c\u044b(\u043c\u0435\u0434\u0438\u0430\u043d\u0430)=0.0000 n_sigma_cal(\u043c\u0435\u0434\u0438\u0430\u043d\u0430)=3.00 \u0433\u043e\u0440\u044f\u0447\u0438\u0445(>5%)=1 vibro_rear_support:0.11
💾 БД: сохранено 397 новых аномалий
💾 БД: anomalies_t — 397 новых записей (SHAP у 397/397)
💾 health: обновлено 3054 точек
💾 ohangaron_live_state.json: 47 датчиков, 397 событий
✅ Цикл завершен за 59 сек

⏳ Ожидание 5 мин...

============================================================
🔄 Обновление #56 (17:48:48)
🔄 ОБНОВЛЕНИЕ: Запрос данных после 2026-06-23 12:43:54.748132+00:00...
  📊 Добавлено 280 строк
  📍 ГПА-1: смены режима (1): ['06-14 13:45']
  📍 ГПА-2: смены режима (0): []
  📍 ГПА-3: смены режима (1): ['06-15 20:20']
📊 Дашборд готов: C:\Users\Timur\Desktop\UTG\КС\cs_4\backend\anomaly_live.html
2026-06-23 17:49:08,866 INFO live_predict detect-diag: \u0434\u0430\u0442\u0447\u0438\u043a\u043e\u0432=47 \u043f\u043e\u043a\u0440\u044b\u0442\u0438\u0435(\u043c\u0435\u0434\u0438\u0430\u043d\u0430)=1.000 \u0430\u043b\u0430\u0440\u043c\u044b(\u043c\u0435\u0434\u0438\u0430\u043d\u0430)=0.0000 n_sigma_cal(\u043c\u0435\u0434\u0438\u0430\u043d\u0430)=3.00 \u0433\u043e\u0440\u044f\u0447\u0438\u0445(>5%)=1 vibro_rear_support:0.11
💾 БД: сохранено 397 новых аномалий
💾 БД: anomalies_t — 397 новых записей (SHAP у 397/397)
💾 health: обновлено 3054 точек
💾 ohangaron_live_state.json: 47 датчиков, 397 событий
✅ Цикл завершен за 46 сек

⏳ Ожидание 5 мин...

============================================================
🔄 Обновление #57 (17:54:34)
🔄 ОБНОВЛЕНИЕ: Запрос данных после 2026-06-23 12:48:56.093862+00:00...
  📊 Добавлено 280 строк
  📍 ГПА-1: смены режима (1): ['06-14 13:45']
  📍 ГПА-2: смены режима (0): []
  📍 ГПА-3: смены режима (1): ['06-15 20:20']
📊 Дашборд готов: C:\Users\Timur\Desktop\UTG\КС\cs_4\backend\anomaly_live.html
2026-06-23 17:54:54,691 INFO live_predict detect-diag: \u0434\u0430\u0442\u0447\u0438\u043a\u043e\u0432=47 \u043f\u043e\u043a\u0440\u044b\u0442\u0438\u0435(\u043c\u0435\u0434\u0438\u0430\u043d\u0430)=1.000 \u0430\u043b\u0430\u0440\u043c\u044b(\u043c\u0435\u0434\u0438\u0430\u043d\u0430)=0.0000 n_sigma_cal(\u043c\u0435\u0434\u0438\u0430\u043d\u0430)=3.00 \u0433\u043e\u0440\u044f\u0447\u0438\u0445(>5%)=1 vibro_rear_support:0.11
💾 БД: сохранено 398 новых аномалий
💾 БД: anomalies_t — 398 новых записей (SHAP у 398/398)
💾 health: обновлено 3054 точек
💾 ohangaron_live_state.json: 47 датчиков, 398 событий
✅ Цикл завершен за 45 сек

⏳ Ожидание 5 мин...
