C:\Users\Timur\Desktop\UTG\КС\cs_4\backend\live_predict.py:2528: SyntaxWarning: invalid escape sequence '\d'
  # Глобальные кэши
C:\Users\Timur\Desktop\UTG\КС\cs_4\backend\live_predict.py:2522: SyntaxWarning: invalid escape sequence '\.'
  </html>"""
C:\Users\Timur\Desktop\UTG\КС\cs_4\backend\live_predict.py:2522: SyntaxWarning: invalid escape sequence '\s'
  </html>"""
C:\Users\Timur\Desktop\UTG\КС\cs_4\backend\live_predict.py:2522: SyntaxWarning: invalid escape sequence '\d'
  </html>"""
🏭 Станция: Охангаронская КС (ohangaron)
============================================================
🔄 РЕЖИМ НЕПРЕРЫВНОГО МОНИТОРИНГА
   Интервал обновления: 300 сек (5 мин)
============================================================
✅ catch-up: отставание 0 days 05:16:21.433084 ≤ 6ч — свежий хвост закроет обычный цикл, догонять нечего
============================================================
🚀 ОНЛАЙН-ПРЕДИКТ: Загрузка моделей и истории...
  ✅ temp_front_bearing_pads: загружена [CatBoostUnc]
  ✅ temp_rear_bearing_pads: загружена [CatBoostUnc]
  ✅ vibro_front_support: загружена [CatBoostUnc]
  ✅ vibro_rear_support: загружена [CatBoostUnc]
  ✅ vibro_st_support: загружена [CatBoostUnc]
  ✅ vibro_rotor_front_horiz: загружена [CatBoostUnc]
  ✅ vibro_rotor_front_vert: загружена [CatBoostUnc]
  ✅ vibro_disp_rotor_rear_horiz: загружена [CatBoostUnc]
  ✅ vibro_disp_rotor_rear_vert: загружена [CatBoostUnc]
  ✅ polytropic_head: загружена [CatBoostUnc]
  ✅ compressor_rotor_axial_shift_t1: загружена [CatBoostUnc]
  ✅ compressor_rotor_axial_shift_t2: загружена [CatBoostUnc]
  ✅ gas_temp_out_gpa: загружена [CatBoostUnc]
  ✅ oil_temp_out_zod: загружена [CatBoostUnc]
  ✅ oil_temp_out_st: загружена [CatBoostUnc]
  ✅ oil_temp_in_pod: загружена [CatBoostUnc]
  ✅ temp_front_bearing_pads: загружена [CatBoostUnc]
  ✅ temp_rear_bearing_pads: загружена [CatBoostUnc]
  ✅ vibro_front_support: загружена [CatBoostUnc]
  ✅ vibro_rear_support: загружена [CatBoostUnc]
  ✅ vibro_st_support: загружена [CatBoostUnc]
  ✅ vibro_rotor_front_horiz: загружена [CatBoostUnc]
  ✅ vibro_rotor_front_vert: загружена [CatBoostUnc]
  ✅ vibro_disp_rotor_rear_horiz: загружена [CatBoostUnc]
  ✅ vibro_disp_rotor_rear_vert: загружена [CatBoostUnc]
  ✅ polytropic_head: загружена [CatBoostUnc]
  ✅ compressor_rotor_axial_shift_t1: загружена [CatBoostUnc]
  ✅ compressor_rotor_axial_shift_t2: загружена [CatBoostUnc]
  ✅ gas_temp_out_gpa: загружена [CatBoostUnc]
  ✅ oil_temp_out_zod: загружена [CatBoostUnc]
  ✅ oil_temp_in_pod: загружена [CatBoostUnc]
  ✅ temp_front_bearing_pads: загружена [CatBoostUnc]
  ✅ temp_rear_bearing_pads: загружена [CatBoostUnc]
  ✅ vibro_front_support: загружена [CatBoostUnc]
  ✅ vibro_rear_support: загружена [CatBoostUnc]
  ✅ vibro_st_support: загружена [CatBoostUnc]
  ✅ vibro_rotor_front_horiz: загружена [CatBoostUnc]
  ✅ vibro_rotor_front_vert: загружена [CatBoostUnc]
  ✅ vibro_disp_rotor_rear_horiz: загружена [CatBoostUnc]
  ✅ vibro_disp_rotor_rear_vert: загружена [CatBoostUnc]
  ✅ polytropic_head: загружена [CatBoostUnc]
  ✅ compressor_rotor_axial_shift_t1: загружена [CatBoostUnc]
  ✅ compressor_rotor_axial_shift_t2: загружена [CatBoostUnc]
  ✅ gas_temp_out_gpa: загружена [CatBoostUnc]
  ✅ oil_temp_out_zod: загружена [CatBoostUnc]
  ✅ oil_temp_out_st: загружена [CatBoostUnc]
  ✅ oil_temp_in_pod: загружена [CatBoostUnc]
📡 Загрузка истории из БД (с 2026-06-12, макс 30 дн)...
🔗 Подключение к БД 10.1.30.164:5432/CS...
📡 Оконная загрузка 2026-06-11 23:59:30 .. 2026-06-25 09:52:50, окно 2д...
  📊 Получено 532000 строк (7 окон)
  📍 ГПА-1: смены режима (1): ['06-14 13:45']
  📍 ГПА-2: смены режима (0): []
  📍 ГПА-3: смены режима (1): ['06-15 20:20']
📊 Дашборд готов: C:\Users\Timur\Desktop\UTG\КС\cs_4\backend\anomaly_live.html
2026-06-25 14:53:43,996 INFO live_predict detect-diag: датчиков=47 покрытие(медиана)=0.999 алармы(медиана)=0.0000 n_sigma_cal(медиана)=3.00 горячих(>5%)=1 vibro_rear_support:0.10
💾 БД: сохранено 405 новых аномалий
💾 БД: anomalies_t — 405 новых записей (SHAP у 405/405)
💾 health: обновлено 3046 точек
💾 ohangaron_live_state.json: 47 датчиков, 405 событий
✅ Цикл завершен за 91 сек

⏳ Ожидание 5 мин...

============================================================
🔄 Обновление #2 (14:59:15)
🔄 ОБНОВЛЕНИЕ: Запрос данных после 2026-06-25 09:47:56.093894+00:00...
  📊 Добавлено 420 строк
  📍 ГПА-1: смены режима (1): ['06-14 13:45']
  📍 ГПА-2: смены режима (0): []
  📍 ГПА-3: смены режима (1): ['06-15 20:20']
📊 Дашборд готов: C:\Users\Timur\Desktop\UTG\КС\cs_4\backend\anomaly_live.html
2026-06-25 14:59:35,309 INFO live_predict detect-diag: датчиков=47 покрытие(медиана)=0.999 алармы(медиана)=0.0000 n_sigma_cal(медиана)=3.00 горячих(>5%)=1 vibro_rear_support:0.10
💾 БД: сохранено 405 новых аномалий
💾 БД: anomalies_t — 405 новых записей (SHAP у 405/405)
💾 health: обновлено 3046 точек
💾 ohangaron_live_state.json: 47 датчиков, 405 событий
✅ Цикл завершен за 47 сек

⏳ Ожидание 5 мин...

============================================================
🔄 Обновление #3 (15:05:03)
🔄 ОБНОВЛЕНИЕ: Запрос данных после 2026-06-25 09:57:58.910153+00:00...
  📊 Добавлено 280 строк
  📍 ГПА-1: смены режима (1): ['06-14 13:45']
  📍 ГПА-2: смены режима (0): []
  📍 ГПА-3: смены режима (1): ['06-15 20:20']
📊 Дашборд готов: C:\Users\Timur\Desktop\UTG\КС\cs_4\backend\anomaly_live.html
2026-06-25 15:05:24,635 INFO live_predict detect-diag: датчиков=47 покрытие(медиана)=0.999 алармы(медиана)=0.0000 n_sigma_cal(медиана)=3.00 горячих(>5%)=1 vibro_rear_support:0.10
💾 БД: сохранено 405 новых аномалий
💾 БД: anomalies_t — 405 новых записей (SHAP у 405/405)
💾 health: обновлено 3047 точек
💾 ohangaron_live_state.json: 47 датчиков, 405 событий
✅ Цикл завершен за 47 сек

⏳ Ожидание 5 мин...

============================================================
🔄 Обновление #4 (15:10:51)
🔄 ОБНОВЛЕНИЕ: Запрос данных после 2026-06-25 10:03:00.723883+00:00...
  📊 Добавлено 420 строк
  📍 ГПА-1: смены режима (1): ['06-14 13:45']
  📍 ГПА-2: смены режима (0): []
  📍 ГПА-3: смены режима (1): ['06-15 20:20']
📊 Дашборд готов: C:\Users\Timur\Desktop\UTG\КС\cs_4\backend\anomaly_live.html
2026-06-25 15:11:13,147 INFO live_predict detect-diag: датчиков=47 покрытие(медиана)=0.999 алармы(медиана)=0.0000 n_sigma_cal(медиана)=3.00 горячих(>5%)=1 vibro_rear_support:0.10
💾 БД: сохранено 405 новых аномалий
💾 БД: anomalies_t — 405 новых записей (SHAP у 405/405)
💾 health: обновлено 3047 точек
💾 ohangaron_live_state.json: 47 датчиков, 405 событий
✅ Цикл завершен за 53 сек

⏳ Ожидание 5 мин...

============================================================
🔄 Обновление #5 (15:16:44)
🔄 ОБНОВЛЕНИЕ: Запрос данных после 2026-06-25 10:13:03.493342+00:00...
  📊 Добавлено 280 строк
  📍 ГПА-1: смены режима (1): ['06-14 13:45']
  📍 ГПА-2: смены режима (0): []
  📍 ГПА-3: смены режима (1): ['06-15 20:20']
📊 Дашборд готов: C:\Users\Timur\Desktop\UTG\КС\cs_4\backend\anomaly_live.html
2026-06-25 15:17:06,289 INFO live_predict detect-diag: датчиков=47 покрытие(медиана)=0.999 алармы(медиана)=0.0000 n_sigma_cal(медиана)=3.00 горячих(>5%)=1 vibro_rear_support:0.10
💾 БД: сохранено 405 новых аномалий
💾 БД: anomalies_t — 405 новых записей (SHAP у 405/405)
💾 health: обновлено 3047 точек
💾 ohangaron_live_state.json: 47 датчиков, 405 событий
✅ Цикл завершен за 57 сек

⏳ Ожидание 5 мин...

============================================================
🔄 Обновление #6 (15:22:42)
🔄 ОБНОВЛЕНИЕ: Запрос данных после 2026-06-25 10:18:05.057471+00:00...
  📊 Добавлено 280 строк
  📍 ГПА-1: смены режима (1): ['06-14 13:45']
  📍 ГПА-2: смены режима (0): []
  📍 ГПА-3: смены режима (1): ['06-15 20:20']
📊 Дашборд готов: C:\Users\Timur\Desktop\UTG\КС\cs_4\backend\anomaly_live.html
2026-06-25 15:23:09,770 INFO live_predict detect-diag: датчиков=47 покрытие(медиана)=0.999 алармы(медиана)=0.0000 n_sigma_cal(медиана)=3.00 горячих(>5%)=1 vibro_rear_support:0.10
💾 БД: сохранено 405 новых аномалий
💾 БД: anomalies_t — 405 новых записей (SHAP у 405/405)
💾 health: обновлено 3047 точек
💾 ohangaron_live_state.json: 47 датчиков, 405 событий
✅ Цикл завершен за 63 сек

⏳ Ожидание 5 мин...

============================================================
🔄 Обновление #7 (15:28:46)
🔄 ОБНОВЛЕНИЕ: Запрос данных после 2026-06-25 10:23:06.294001+00:00...
  📊 Добавлено 280 строк
  📍 ГПА-1: смены режима (1): ['06-14 13:45']
  📍 ГПА-2: смены режима (0): []
  📍 ГПА-3: смены режима (1): ['06-15 20:20']
📊 Дашборд готов: C:\Users\Timur\Desktop\UTG\КС\cs_4\backend\anomaly_live.html
2026-06-25 15:29:11,961 INFO live_predict detect-diag: датчиков=47 покрытие(медиана)=0.999 алармы(медиана)=0.0000 n_sigma_cal(медиана)=3.00 горячих(>5%)=1 vibro_rear_support:0.10
💾 БД: сохранено 405 новых аномалий
💾 БД: anomalies_t — 405 новых записей (SHAP у 405/405)
💾 health: обновлено 3047 точек
💾 ohangaron_live_state.json: 47 датчиков, 405 событий
✅ Цикл завершен за 54 сек

⏳ Ожидание 5 мин...

============================================================
🔄 Обновление #8 (15:34:41)
🔄 ОБНОВЛЕНИЕ: Запрос данных после 2026-06-25 10:28:07.686530+00:00...
  📊 Добавлено 280 строк
  📍 ГПА-1: смены режима (1): ['06-14 13:45']
  📍 ГПА-2: смены режима (0): []
  📍 ГПА-3: смены режима (1): ['06-15 20:20']
📊 Дашборд готов: C:\Users\Timur\Desktop\UTG\КС\cs_4\backend\anomaly_live.html
2026-06-25 15:35:07,465 INFO live_predict detect-diag: датчиков=47 покрытие(медиана)=0.999 алармы(медиана)=0.0000 n_sigma_cal(медиана)=3.00 горячих(>5%)=1 vibro_rear_support:0.10
💾 БД: сохранено 406 новых аномалий
💾 БД: anomalies_t — 406 новых записей (SHAP у 406/406)
💾 health: обновлено 3048 точек
💾 ohangaron_live_state.json: 47 датчиков, 406 событий
✅ Цикл завершен за 62 сек

⏳ Ожидание 5 мин...

============================================================
🔄 Обновление #9 (15:40:43)
🔄 ОБНОВЛЕНИЕ: Запрос данных после 2026-06-25 10:33:09.110259+00:00...
  📊 Добавлено 420 строк
  📍 ГПА-1: смены режима (1): ['06-14 13:45']
  📍 ГПА-2: смены режима (0): []
  📍 ГПА-3: смены режима (1): ['06-15 20:20']
📊 Дашборд готов: C:\Users\Timur\Desktop\UTG\КС\cs_4\backend\anomaly_live.html
2026-06-25 15:41:06,828 INFO live_predict detect-diag: датчиков=47 покрытие(медиана)=0.999 алармы(медиана)=0.0000 n_sigma_cal(медиана)=3.00 горячих(>5%)=1 vibro_rear_support:0.10
💾 БД: сохранено 407 новых аномалий
💾 БД: anomalies_t — 407 новых записей (SHAP у 407/407)
💾 health: обновлено 3048 точек
💾 ohangaron_live_state.json: 47 датчиков, 407 событий
✅ Цикл завершен за 50 сек

⏳ Ожидание 5 мин...

============================================================
🔄 Обновление #10 (15:46:34)
🔄 ОБНОВЛЕНИЕ: Запрос данных после 2026-06-25 10:43:11.832918+00:00...
  📊 Добавлено 280 строк
  📍 ГПА-1: смены режима (1): ['06-14 13:45']
  📍 ГПА-2: смены режима (0): []
  📍 ГПА-3: смены режима (1): ['06-15 20:20']
📊 Дашборд готов: C:\Users\Timur\Desktop\UTG\КС\cs_4\backend\anomaly_live.html
2026-06-25 15:46:56,029 INFO live_predict detect-diag: датчиков=47 покрытие(медиана)=0.999 алармы(медиана)=0.0000 n_sigma_cal(медиана)=3.00 горячих(>5%)=1 vibro_rear_support:0.10
💾 БД: сохранено 407 новых аномалий
💾 БД: anomalies_t — 407 новых записей (SHAP у 407/407)
💾 health: обновлено 3049 точек
💾 ohangaron_live_state.json: 47 датчиков, 407 событий
✅ Цикл завершен за 48 сек

⏳ Ожидание 5 мин...

============================================================
🔄 Обновление #11 (15:52:23)
🔄 ОБНОВЛЕНИЕ: Запрос данных после 2026-06-25 10:48:13.100647+00:00...
  📊 Добавлено 280 строк
  📍 ГПА-1: смены режима (1): ['06-14 13:45']
  📍 ГПА-2: смены режима (0): []
  📍 ГПА-3: смены режима (1): ['06-15 20:20']
📊 Дашборд готов: C:\Users\Timur\Desktop\UTG\КС\cs_4\backend\anomaly_live.html
2026-06-25 15:52:42,328 INFO live_predict detect-diag: датчиков=47 покрытие(медиана)=0.999 алармы(медиана)=0.0000 n_sigma_cal(медиана)=3.00 горячих(>5%)=1 vibro_rear_support:0.10
💾 БД: сохранено 407 новых аномалий
💾 БД: anomalies_t — 407 новых записей (SHAP у 407/407)
💾 health: обновлено 3050 точек
💾 ohangaron_live_state.json: 47 датчиков, 407 событий
✅ Цикл завершен за 45 сек

⏳ Ожидание 5 мин...

============================================================
🔄 Обновление #12 (15:58:09)
🔄 ОБНОВЛЕНИЕ: Запрос данных после 2026-06-25 10:53:14.430776+00:00...
  📊 Добавлено 280 строк
  📍 ГПА-1: смены режима (1): ['06-14 13:45']
  📍 ГПА-2: смены режима (0): []
  📍 ГПА-3: смены режима (1): ['06-15 20:20']
📊 Дашборд готов: C:\Users\Timur\Desktop\UTG\КС\cs_4\backend\anomaly_live.html
2026-06-25 15:58:29,070 INFO live_predict detect-diag: датчиков=47 покрытие(медиана)=0.999 алармы(медиана)=0.0000 n_sigma_cal(медиана)=3.00 горячих(>5%)=1 vibro_rear_support:0.10
💾 БД: сохранено 407 новых аномалий
💾 БД: anomalies_t — 407 новых записей (SHAP у 407/407)
💾 health: обновлено 3051 точек
💾 ohangaron_live_state.json: 47 датчиков, 407 событий
✅ Цикл завершен за 46 сек

⏳ Ожидание 5 мин...

============================================================
🔄 Обновление #13 (16:03:55)
🔄 ОБНОВЛЕНИЕ: Запрос данных после 2026-06-25 10:58:15.823306+00:00...
  📊 Добавлено 280 строк
  📍 ГПА-1: смены режима (1): ['06-14 13:45']
  📍 ГПА-2: смены режима (0): []
  📍 ГПА-3: смены режима (1): ['06-15 20:20']
📊 Дашборд готов: C:\Users\Timur\Desktop\UTG\КС\cs_4\backend\anomaly_live.html
2026-06-25 16:04:20,396 INFO live_predict detect-diag: датчиков=47 покрытие(медиана)=0.999 алармы(медиана)=0.0000 n_sigma_cal(медиана)=3.00 горячих(>5%)=1 vibro_rear_support:0.10
💾 БД: сохранено 407 новых аномалий
💾 БД: anomalies_t — 407 новых записей (SHAP у 407/407)
💾 health: обновлено 3051 точек
💾 ohangaron_live_state.json: 47 датчиков, 407 событий
✅ Цикл завершен за 53 сек

⏳ Ожидание 5 мин...

============================================================
🔄 Обновление #14 (16:09:49)
🔄 ОБНОВЛЕНИЕ: Запрос данных после 2026-06-25 11:03:17.434235+00:00...
  📊 Добавлено 280 строк
  📍 ГПА-1: смены режима (1): ['06-14 13:45']
  📍 ГПА-2: смены режима (0): []
  📍 ГПА-3: смены режима (1): ['06-15 20:20']
📊 Дашборд готов: C:\Users\Timur\Desktop\UTG\КС\cs_4\backend\anomaly_live.html
2026-06-25 16:10:20,605 INFO live_predict detect-diag: датчиков=47 покрытие(медиана)=0.999 алармы(медиана)=0.0000 n_sigma_cal(медиана)=3.00 горячих(>5%)=1 vibro_rear_support:0.10
💾 БД: сохранено 407 новых аномалий
💾 БД: anomalies_t — 407 новых записей (SHAP у 407/407)
💾 health: обновлено 3051 точек
💾 ohangaron_live_state.json: 47 датчиков, 407 событий
✅ Цикл завершен за 67 сек

⏳ Ожидание 5 мин...

============================================================
🔄 Обновление #15 (16:26:04)
🔄 ОБНОВЛЕНИЕ: Запрос данных после 2026-06-25 11:08:19.419566+00:00...
❌ Ошибка: server closed the connection unexpectedly
	This probably means the server terminated abnormally
	before or while processing the request.

  ℹ️ Новых срезов в БД пока нет

⏳ Ожидание 5 мин...

============================================================
🔄 Обновление #16 (16:31:05)
🔄 ОБНОВЛЕНИЕ: Запрос данных после 2026-06-25 11:08:19.419566+00:00...
❌ Ошибка: server closed the connection unexpectedly
	This probably means the server terminated abnormally
	before or while processing the request.

  ℹ️ Новых срезов в БД пока нет

⏳ Ожидание 5 мин...

============================================================
🔄 Обновление #17 (16:36:05)
🔄 ОБНОВЛЕНИЕ: Запрос данных после 2026-06-25 11:08:19.419566+00:00...
❌ Ошибка: connection to server at "10.1.30.164", port 5432 failed: Connection timed out (0x0000274C/10060)
	Is the server running on that host and accepting TCP/IP connections?

  ℹ️ Новых срезов в БД пока нет

⏳ Ожидание 5 мин...

============================================================
🔄 Обновление #18 (16:42:17)
🔄 ОБНОВЛЕНИЕ: Запрос данных после 2026-06-25 11:08:19.419566+00:00...
❌ Ошибка: connection to server at "10.1.30.164", port 5432 failed: Connection timed out (0x0000274C/10060)
	Is the server running on that host and accepting TCP/IP connections?

  ℹ️ Новых срезов в БД пока нет

⏳ Ожидание 5 мин...

============================================================
🔄 Обновление #19 (16:48:30)
🔄 ОБНОВЛЕНИЕ: Запрос данных после 2026-06-25 11:08:19.419566+00:00...
❌ Ошибка: connection to server at "10.1.30.164", port 5432 failed: Connection timed out (0x0000274C/10060)
	Is the server running on that host and accepting TCP/IP connections?

  ℹ️ Новых срезов в БД пока нет

⏳ Ожидание 5 мин...

============================================================
🔄 Обновление #20 (16:54:42)
🔄 ОБНОВЛЕНИЕ: Запрос данных после 2026-06-25 11:08:19.419566+00:00...
❌ Ошибка: connection to server at "10.1.30.164", port 5432 failed: Connection timed out (0x0000274C/10060)
	Is the server running on that host and accepting TCP/IP connections?

  ℹ️ Новых срезов в БД пока нет

⏳ Ожидание 5 мин...

============================================================
🔄 Обновление #21 (17:00:55)
🔄 ОБНОВЛЕНИЕ: Запрос данных после 2026-06-25 11:08:19.419566+00:00...
❌ Ошибка: connection to server at "10.1.30.164", port 5432 failed: Connection timed out (0x0000274C/10060)
	Is the server running on that host and accepting TCP/IP connections?

  ℹ️ Новых срезов в БД пока нет

⏳ Ожидание 5 мин...

============================================================
🔄 Обновление #22 (17:07:07)
🔄 ОБНОВЛЕНИЕ: Запрос данных после 2026-06-25 11:08:19.419566+00:00...
❌ Ошибка: connection to server at "10.1.30.164", port 5432 failed: Connection timed out (0x0000274C/10060)
	Is the server running on that host and accepting TCP/IP connections?

  ℹ️ Новых срезов в БД пока нет

⏳ Ожидание 5 мин...

============================================================
🔄 Обновление #23 (17:13:20)
🔄 ОБНОВЛЕНИЕ: Запрос данных после 2026-06-25 11:08:19.419566+00:00...
❌ Ошибка: connection to server at "10.1.30.164", port 5432 failed: Connection timed out (0x0000274C/10060)
	Is the server running on that host and accepting TCP/IP connections?

  ℹ️ Новых срезов в БД пока нет

⏳ Ожидание 5 мин...

============================================================
🔄 Обновление #24 (17:19:32)
🔄 ОБНОВЛЕНИЕ: Запрос данных после 2026-06-25 11:08:19.419566+00:00...
❌ Ошибка: connection to server at "10.1.30.164", port 5432 failed: Connection timed out (0x0000274C/10060)
	Is the server running on that host and accepting TCP/IP connections?

  ℹ️ Новых срезов в БД пока нет

⏳ Ожидание 5 мин...

============================================================
🔄 Обновление #25 (17:25:44)
🔄 ОБНОВЛЕНИЕ: Запрос данных после 2026-06-25 11:08:19.419566+00:00...
❌ Ошибка: connection to server at "10.1.30.164", port 5432 failed: Connection timed out (0x0000274C/10060)
	Is the server running on that host and accepting TCP/IP connections?

  ℹ️ Новых срезов в БД пока нет

⏳ Ожидание 5 мин...

============================================================
🔄 Обновление #26 (17:31:56)
🔄 ОБНОВЛЕНИЕ: Запрос данных после 2026-06-25 11:08:19.419566+00:00...
❌ Ошибка: connection to server at "10.1.30.164", port 5432 failed: Connection timed out (0x0000274C/10060)
	Is the server running on that host and accepting TCP/IP connections?

  ℹ️ Новых срезов в БД пока нет

⏳ Ожидание 5 мин...

============================================================
🔄 Обновление #27 (17:38:09)
🔄 ОБНОВЛЕНИЕ: Запрос данных после 2026-06-25 11:08:19.419566+00:00...
❌ Ошибка: connection to server at "10.1.30.164", port 5432 failed: Connection timed out (0x0000274C/10060)
	Is the server running on that host and accepting TCP/IP connections?

  ℹ️ Новых срезов в БД пока нет

⏳ Ожидание 5 мин...

============================================================
🔄 Обновление #28 (17:44:21)
🔄 ОБНОВЛЕНИЕ: Запрос данных после 2026-06-25 11:08:19.419566+00:00...
❌ Ошибка: connection to server at "10.1.30.164", port 5432 failed: Connection timed out (0x0000274C/10060)
	Is the server running on that host and accepting TCP/IP connections?

  ℹ️ Новых срезов в БД пока нет

⏳ Ожидание 5 мин...
