ensure_anomalies_table при старте не выполнен — продолжаем
Traceback (most recent call last):
  File "C:\Users\Timur\Desktop\UTG\КС\cs_4\backend\live_predict.py", line 75, in _init_station
    _loader.ensure_anomalies_table()
  File "C:\Users\Timur\Desktop\UTG\КС\cs_4\backend\data_loader.py", line 297, in ensure_anomalies_table
    with get_db_connection(self.cfg) as conn:
         ^^^^^^^^^^^^^^^^^^^^^^^^^^^
  File "C:\Program Files\WindowsApps\PythonSoftwareFoundation.Python.3.12_3.12.2800.0_x64__qbz5n2kfra8p0\Lib\contextlib.py", line 137, in __enter__
    return next(self.gen)
           ^^^^^^^^^^^^^^
  File "C:\Users\Timur\Desktop\UTG\КС\cs_4\backend\station_config.py", line 209, in get_db_connection
    raise last_err  # type: ignore[misc]
    ^^^^^^^^^^^^^^
  File "C:\Users\Timur\Desktop\UTG\КС\cs_4\backend\station_config.py", line 200, in get_db_connection
    pool = _get_pool(cfg)
           ^^^^^^^^^^^^^^
  File "C:\Users\Timur\Desktop\UTG\КС\cs_4\backend\station_config.py", line 159, in _get_pool
    _pools[sid] = pg_pool.ThreadedConnectionPool(
                  ^^^^^^^^^^^^^^^^^^^^^^^^^^^^^^^
  File "C:\Users\Timur\Desktop\UTG\КС\cs_4\venv\Lib\site-packages\psycopg2\pool.py", line 161, in __init__
    AbstractConnectionPool.__init__(
  File "C:\Users\Timur\Desktop\UTG\КС\cs_4\venv\Lib\site-packages\psycopg2\pool.py", line 59, in __init__
    self._connect()
  File "C:\Users\Timur\Desktop\UTG\КС\cs_4\venv\Lib\site-packages\psycopg2\pool.py", line 63, in _connect
    conn = psycopg2.connect(*self._args, **self._kwargs)
           ^^^^^^^^^^^^^^^^^^^^^^^^^^^^^^^^^^^^^^^^^^^^^
  File "C:\Users\Timur\Desktop\UTG\КС\cs_4\venv\Lib\site-packages\psycopg2\__init__.py", line 135, in connect
    conn = _connect(dsn, connection_factory=connection_factory, **kwasync)
           ^^^^^^^^^^^^^^^^^^^^^^^^^^^^^^^^^^^^^^^^^^^^^^^^^^^^^^^^^^^^^^^
psycopg2.OperationalError: connection to server at "10.1.30.164", port 5432 failed: Connection timed out (0x0000274C/10060)
	Is the server running on that host and accepting TCP/IP connections?

🏭 Станция: Охангаронская КС (ohangaron)
[13:59:58] run_once START
============================================================
🚀 ОНЛАЙН-ПРЕДИКТ: Загрузка моделей и истории...
  ✅ temp_front_bearing_pads: загружена [CatBoostUnc]
  ✅ temp_rear_bearing_pads: загружена [CatBoostUnc]
  ✅ vibro_front_support: загружена [CatBoostUnc]
  ✅ vibro_rear_support: загружена [CatBoostUnc]
  ✅ vibro_st_support: загружена [CatBoostUnc]
  ✅ vibro_rotor_front_horiz: загружена [CatBoostUnc]
  ✅ vibro_rotor_front_vert: загружена [CatBoostUnc]
  ✅ vibro_disp_rotor_rear_horiz: загружена [CatBoostUnc]
  ✅ vibro_disp_rotor_rear_vert: загружена [CatBoostUnc]
  ✅ polytropic_head: загружена [CatBoostUnc]
  ✅ compressor_rotor_axial_shift_t1: загружена [CatBoostUnc]
  ✅ compressor_rotor_axial_shift_t2: загружена [CatBoostUnc]
  ✅ gas_temp_out_gpa: загружена [CatBoostUnc]
  ✅ oil_temp_out_zod: загружена [CatBoostUnc]
  ✅ oil_temp_out_st: загружена [CatBoostUnc]
  ✅ oil_temp_in_pod: загружена [CatBoostUnc]
  ✅ temp_front_bearing_pads: загружена [CatBoostUnc]
  ✅ temp_rear_bearing_pads: загружена [CatBoostUnc]
  ✅ vibro_front_support: загружена [CatBoostUnc]
  ✅ vibro_rear_support: загружена [CatBoostUnc]
  ✅ vibro_st_support: загружена [CatBoostUnc]
  ✅ vibro_rotor_front_horiz: загружена [CatBoostUnc]
  ✅ vibro_rotor_front_vert: загружена [CatBoostUnc]
  ✅ vibro_disp_rotor_rear_horiz: загружена [CatBoostUnc]
  ✅ vibro_disp_rotor_rear_vert: загружена [CatBoostUnc]
  ✅ polytropic_head: загружена [CatBoostUnc]
  ✅ compressor_rotor_axial_shift_t1: загружена [CatBoostUnc]
  ✅ compressor_rotor_axial_shift_t2: загружена [CatBoostUnc]
  ✅ gas_temp_out_gpa: загружена [CatBoostUnc]
  ✅ oil_temp_out_zod: загружена [CatBoostUnc]
  ✅ oil_temp_in_pod: загружена [CatBoostUnc]
  ✅ temp_front_bearing_pads: загружена [CatBoostUnc]
  ✅ temp_rear_bearing_pads: загружена [CatBoostUnc]
  ✅ vibro_front_support: загружена [CatBoostUnc]
  ✅ vibro_rear_support: загружена [CatBoostUnc]
  ✅ vibro_st_support: загружена [CatBoostUnc]
  ✅ vibro_rotor_front_horiz: загружена [CatBoostUnc]
  ✅ vibro_rotor_front_vert: загружена [CatBoostUnc]
  ✅ vibro_disp_rotor_rear_horiz: загружена [CatBoostUnc]
  ✅ vibro_disp_rotor_rear_vert: загружена [CatBoostUnc]
  ✅ polytropic_head: загружена [CatBoostUnc]
  ✅ compressor_rotor_axial_shift_t1: загружена [CatBoostUnc]
  ✅ compressor_rotor_axial_shift_t2: загружена [CatBoostUnc]
  ✅ gas_temp_out_gpa: загружена [CatBoostUnc]
  ✅ oil_temp_out_zod: загружена [CatBoostUnc]
  ✅ oil_temp_out_st: загружена [CatBoostUnc]
  ✅ oil_temp_in_pod: загружена [CatBoostUnc]
📡 Загрузка истории из БД (с 2026-06-12, макс 30 дн)...
🔗 Подключение к БД 10.1.30.164:5432/CS...
❌ Ошибка подключения к БД: connection to server at "10.1.30.164", port 5432 failed: Connection timed out (0x0000274C/10060)
	Is the server running on that host and accepting TCP/IP connections?

❌ Нет данных!
[14:01:15] run_once DONE
