🏭 Станция: Охангаронская КС (ohangaron) | методология v21.0-research
📁 Папка моделей: C:\Users\Timur\Desktop\UTG\КС\cs_4\backend\models\ohangaron
🔑 Семантический маппинг тегов...
   138 тегов; семантических имён: 138
📡 Загрузка данных (from=min, до сегодня; cutoff=2026-06-12)...
🌡️  ambient: 39279/39279 точек (Open-Meteo, 5-мин)
📅 Период данных: 2026-02-02 12:30:00 .. 2026-06-22 17:45:00

⚙️  ГПА-1: 16 откликов · KEEP=35 · мульти-модель параллельно...
  ✓ temp_front_bearing_pads            [CatBoostUnc] MAE=3.17 nMAE=0.047 R²(ho)=0.981 naive=0.08833
  ✓ temp_rear_bearing_pads             [CatBoostUnc] MAE=2.571 nMAE=0.037 R²(ho)=0.921 naive=0.10237
  ✓ vibro_front_support                [CatBoostUnc] MAE=0.395 nMAE=0.046 R²(ho)=0.959 naive=0.04534
  ✓ vibro_rear_support                 [CatBoostUnc] MAE=0.4908 nMAE=0.039 R²(ho)=0.966 naive=0.18977
  ✓ vibro_st_support                   [CatBoostUnc] MAE=0.7128 nMAE=0.053 R²(ho)=0.894 naive=0.18373
  ✓ vibro_rotor_front_horiz            [CatBoostUnc] MAE=6.688 nMAE=0.227 R²(ho)=-2.532 naive=0.29614
  ✓ vibro_rotor_front_vert             [CatBoostUnc] MAE=17.54 nMAE=0.172 R²(ho)=0.111 naive=0.34735
  ✓ vibro_disp_rotor_rear_horiz        [CatBoostUnc] MAE=2.69 nMAE=0.045 R²(ho)=0.944 naive=0.09211
  ✓ vibro_disp_rotor_rear_vert         [CatBoostUnc] MAE=20.25 nMAE=0.191 R²(ho)=-0.536 naive=0.19567
  ✓ polytropic_head                    [CatBoostUnc] MAE=7.309 nMAE=0.156 R²(ho)=-0.744 naive=0.52876
  ✓ compressor_rotor_axial_shift_t1    [CatBoostUnc] MAE=0.05022 nMAE=0.047 R²(ho)=0.934 naive=0.00159
  ✓ compressor_rotor_axial_shift_t2    [CatBoostUnc] MAE=0.0383 nMAE=0.036 R²(ho)=0.973 naive=0.00172
  ✓ gas_temp_out_gpa                   [CatBoostUnc] MAE=1.635 nMAE=0.022 R²(ho)=0.990 naive=0.26493
  ✓ oil_temp_out_zod                   [CatBoostUnc] MAE=1.71 nMAE=0.021 R²(ho)=0.994 naive=0.18269
  ✓ oil_temp_out_st                    [CatBoostUnc] MAE=1.846 nMAE=0.026 R²(ho)=0.990 naive=0.15995
  ✓ oil_temp_in_pod                    [CatBoostUnc] MAE=1.799 nMAE=0.041 R²(ho)=0.966 naive=0.21787
  ✅ ГПА-1: готово (843s)

⚙️  ГПА-2: 16 откликов · KEEP=41 · мульти-модель параллельно...
  ✓ temp_front_bearing_pads            [CatBoostUnc] MAE=0.6216 nMAE=0.010 R²(ho)=0.784 naive=0.06251
  ✓ temp_rear_bearing_pads             [CatBoostUnc] MAE=0.7936 nMAE=0.013 R²(ho)=0.837 naive=0.0768
  ✓ vibro_front_support                [CatBoostUnc] MAE=0.2388 nMAE=0.060 R²(ho)=0.310 naive=0.07216
  ✓ vibro_rear_support                 [CatBoostUnc] MAE=1.317 nMAE=0.108 R²(ho)=0.002 naive=0.83152
  ✓ vibro_st_support                   [CatBoostUnc] MAE=0.9295 nMAE=0.063 R²(ho)=0.015 naive=0.41128
  ✓ vibro_rotor_front_horiz            [CatBoostUnc] MAE=0.4428 nMAE=0.006 R²(ho)=0.635 naive=0.11325
  ✓ vibro_rotor_front_vert             [CatBoostUnc] MAE=0.6222 nMAE=0.010 R²(ho)=0.255 naive=0.11343
  ✓ vibro_disp_rotor_rear_horiz        [CatBoostUnc] MAE=0.3675 nMAE=0.006 R²(ho)=0.744 naive=0.04514
  ✓ vibro_disp_rotor_rear_vert         [CatBoostUnc] MAE=0.4008 nMAE=0.006 R²(ho)=0.266 naive=0.05451
  ✓ polytropic_head                    [CatBoostUnc] MAE=3.749 nMAE=0.036 R²(ho)=-0.524 naive=0.08543
  ✓ compressor_rotor_axial_shift_t1    [CatBoostUnc] MAE=0.01073 nMAE=0.011 R²(ho)=0.434 naive=0.00059
  ✓ compressor_rotor_axial_shift_t2    [CatBoostUnc] MAE=0.01115 nMAE=0.012 R²(ho)=0.289 naive=0.00057
  ✓ gas_temp_out_gpa                   [CatBoostUnc] MAE=0.6513 nMAE=0.009 R²(ho)=0.746 naive=0.04632
  ✓ oil_temp_out_zod                   [CatBoostUnc] MAE=0.8521 nMAE=0.010 R²(ho)=0.838 naive=0.18944
  ✓ oil_temp_out_st                    [CatBoostUnc] MAE=0.9111 nMAE=0.013 R²(ho)=0.727 naive=0.16462
  ✓ oil_temp_in_pod                    [CatBoostUnc] MAE=0.9453 nMAE=0.022 R²(ho)=0.820 naive=0.23464
  ✅ ГПА-2: готово (905s)

⚙️  ГПА-3: 16 откликов · KEEP=42 · мульти-модель параллельно...
