🏭 Станция: Охангаронская КС (ohangaron)
  ✅ temp_front_bearing_pads: загружена [CatBoostUnc]
  ✅ temp_rear_bearing_pads: загружена [CatBoostUnc]
  ✅ vibro_front_support: загружена [CatBoostUnc]
  ✅ vibro_rear_support: загружена [CatBoostUnc]
  ✅ vibro_st_support: загружена [CatBoostUnc]
  ✅ vibro_rotor_front_horiz: загружена [CatBoostUnc]
  ✅ vibro_rotor_front_vert: загружена [CatBoostUnc]
  ✅ vibro_disp_rotor_rear_horiz: загружена [CatBoostUnc]
  ✅ vibro_disp_rotor_rear_vert: загружена [CatBoostUnc]
  ✅ polytropic_head: загружена [CatBoostUnc]
  ✅ compressor_rotor_axial_shift_t1: загружена [CatBoostUnc]
  ✅ compressor_rotor_axial_shift_t2: загружена [CatBoostUnc]
  ✅ gas_temp_out_gpa: загружена [CatBoostUnc]
  ✅ oil_temp_out_zod: загружена [CatBoostUnc]
  ✅ oil_temp_out_st: загружена [CatBoostUnc]
  ✅ oil_temp_in_pod: загружена [CatBoostUnc]
  ✅ temp_front_bearing_pads: загружена [CatBoostUnc]
  ✅ temp_rear_bearing_pads: загружена [CatBoostUnc]
  ✅ vibro_front_support: загружена [CatBoostUnc]
  ✅ vibro_rear_support: загружена [CatBoostUnc]
  ✅ vibro_st_support: загружена [CatBoostUnc]
  ✅ vibro_rotor_front_horiz: загружена [CatBoostUnc]
  ✅ vibro_rotor_front_vert: загружена [CatBoostUnc]
  ✅ vibro_disp_rotor_rear_horiz: загружена [CatBoostUnc]
  ✅ vibro_disp_rotor_rear_vert: загружена [CatBoostUnc]
  ✅ polytropic_head: загружена [CatBoostUnc]
  ✅ compressor_rotor_axial_shift_t1: загружена [CatBoostUnc]
  ✅ compressor_rotor_axial_shift_t2: загружена [CatBoostUnc]
  ✅ gas_temp_out_gpa: загружена [CatBoostUnc]
  ✅ oil_temp_out_zod: загружена [CatBoostUnc]
  ✅ oil_temp_in_pod: загружена [CatBoostUnc]
  ✅ temp_front_bearing_pads: загружена [CatBoostUnc]
  ✅ temp_rear_bearing_pads: загружена [CatBoostUnc]
  ✅ vibro_front_support: загружена [CatBoostUnc]
  ✅ vibro_rear_support: загружена [CatBoostUnc]
  ✅ vibro_st_support: загружена [CatBoostUnc]
  ✅ vibro_rotor_front_horiz: загружена [CatBoostUnc]
  ✅ vibro_rotor_front_vert: загружена [CatBoostUnc]
  ✅ vibro_disp_rotor_rear_horiz: загружена [CatBoostUnc]
  ✅ vibro_disp_rotor_rear_vert: загружена [CatBoostUnc]
  ✅ polytropic_head: загружена [CatBoostUnc]
  ✅ compressor_rotor_axial_shift_t1: загружена [CatBoostUnc]
  ✅ compressor_rotor_axial_shift_t2: загружена [CatBoostUnc]
  ✅ gas_temp_out_gpa: загружена [CatBoostUnc]
  ✅ oil_temp_out_zod: загружена [CatBoostUnc]
  ✅ oil_temp_out_st: загружена [CatBoostUnc]
  ✅ oil_temp_in_pod: загружена [CatBoostUnc]
[14:39:08] оконная загрузка 2026-06-11 09:37:52.934435 .. 2026-06-25 09:37:52.934435 чанками 2д
  окно 1: 2026-06-11..2026-06-13 → 79940 строк
  окно 2: 2026-06-13..2026-06-15 → 79660 строк
  окно 3: 2026-06-15..2026-06-17 → 79940 строк
  окно 4: 2026-06-17..2026-06-19 → 80080 строк
  окно 5: 2026-06-19..2026-06-21 → 79240 строк
  окно 6: 2026-06-21..2026-06-23 → 79660 строк
  окно 7: 2026-06-23..2026-06-25 → 77000 строк
  всего сырья: 555520 строк
  wide: (3972, 187)
  📍 ГПА-1: смены режима (1): ['06-14 13:45']
  📍 ГПА-2: смены режима (0): []
  📍 ГПА-3: смены режима (1): ['06-15 20:20']
  results: 47 датчиков
💾 БД: сохранено 309 новых аномалий
💾 БД: anomalies_t — 309 новых записей (SHAP у 309/309)
💾 health: обновлено 3088 точек
💾 ohangaron_live_state.json: 47 датчиков, 309 событий
[14:40:18] DONE — state + аномалии/health записаны
